0.001 0 0 0 0 0 0 0 0 0 0.000486697 5.4353e-05 0
0.002 0 0 0 0 0 0 0 0 0 0.000973393 0.000108706 0
0.003 0 0 0 0 0 0 0 0 0 0.00146009 0.000163059 0
0.004 0 0 0 0 0 0 0 0 0 0.00194679 0.000217412 0
0.005 0 0 0 0 0 0 0 0 0 0.00243348 0.000271765 0
0.006 0 0 0 0 0 0 0 0 0 0.00292018 0.000326118 0
0.007 0 0 0 0 0 0 0 0 0 0.00340688 0.000380471 0
0.008 0 0 0 0 0 0 0 0 0 0.00389357 0.000434824 0
0.009 0 0 0 0 0 0 0 0 0 0.00438027 0.000489177 0
0.01 0 0 0 0 0 0 0 0 0 0.00486697 0.00054353 0
0.011 0 0 0 0 0 0 0 0 0 0.00535366 0.000597883 0
0.012 0 0 0 0 0 0 0 0 0 0.00584036 0.000652236 0
0.013 0 0 0 0 0 0 0 0 0 0.00632706 0.000706589 0
0.014 0 0 0 0 0 0 0 0 0 0.00681375 0.000760942 0
0.015 0 0 0 0 0 0 0 0 0 0.00730045 0.000815295 0
0.016 0 0 0 0 0 0 0 0 0 0.00778714 0.000869648 0
0.017 0 0 0 0 0 0 0 0 0 0.00827384 0.000924002 0
0.018 0 0 0 0 0 0 0 0 0 0.00876054 0.000978355 0
0.019 0 0 0 0 0 0 0 0 0 0.00924723 0.00103271 0
0.02 0 0 0 0 0 0 0 0 0 0.00973393 0.00108706 0
0.021 0 0 0 0 0 0 0 0 0 0.0102206 0.00114141 0
0.022 0 0 0 0 0 0 0 0 0 0.0107073 0.00119577 0
0.023 0 0 0 0 0 0 0 0 0 0.011194 0.00125012 0
0.024 0 0 0 0 0 0 0 0 0 0.0116807 0.00130447 0
0.025 0 0 0 0 0 0 0 0 0 0.0121674 0.00135883 0
0.026 0 0 0 0 0 0 0 0 0 0.0126541 0.00141318 0
0.027 0 0 0 0 0 0 0 0 0 0.0131408 0.00146753 0
0.028 0 0 0 0 0 0 0 0 0 0.0136275 0.00152188 0
0.029 0 0 0 0 0 0 0 0 0 0.0141142 0.00157624 0
0.03 0 0 0 0 0 0 0 0 0 0.0146009 0.00163059 0
0.031 0 0 0 0 0 0 0 0 0 0.0150876 0.00168494 0
0.032 0 0 0 0 0 0 0 0 0 0.0155743 0.0017393 0
0.033 0 0 0 0 0 0 0 0 0 0.016061 0.00179365 0
0.034 0 0 0 0 0 0 0 0 0 0.0165477 0.001848 0
0.035 0 0 0 0 0 0 0 0 0 0.0170344 0.00190236 0
0.036 0 0 0 0 0 0 0 0 0 0.0175211 0.00195671 0
0.037 0 0 0 0 0 0 0 0 0 0.0180078 0.00201106 0
0.038 0 0 0 0 0 0 0 0 0 0.0184945 0.00206542 0
0.039 0 0 0 0 0 0 0 0 0 0.0189812 0.00211977 0
0.04 0 0 0 0 0 0 0 0 0 0.0194679 0.00217412 0
0.041 0 0 0 0 0 0 0 0 0 0.0199546 0.00222847 0
0.042 0 0 0 0 0 0 0 0 0 0.0204413 0.00228283 0
0.043 0 0 0 0 0 0 0 0 0 0.020928 0.00233718 0
0.044 0 0 0 0 0 0 0 0 0 0.0214146 0.00239153 0
0.045 0 0 0 0 0 0 0 0 0 0.0219013 0.00244589 0
0.046 0 0 0 0 0 0 0 0 0 0.022388 0.00250024 0
0.047 0 0 0 0 0 0 0 0 0 0.0228747 0.00255459 0
0.048 0 0 0 0 0 0 0 0 0 0.0233614 0.00260895 0
0.049 0 0 0 0 0 0 0 0 0 0.0238481 0.0026633 0
0.05 0 0 0 0 0 0 0 0 0 0.0243348 0.00271765 0
0.051 0 0 0 0 0 0 0 0 0 0.0248215 0.002772 0
0.052 0 0 0 0 0 0 0 0 0 0.0253082 0.00282636 0
0.053 0 0 0 0 0 0 0 0 0 0.0257949 0.00288071 0
0.054 0 0 0 0 0 0 0 0 0 0.0262816 0.00293506 0
0.055 0 0 0 0 0 0 0 0 0 0.0267683 0.00298942 0
0.056 0 0 0 0 0 0 0 0 0 0.027255 0.00304377 0
0.057 0 0 0 0 0 0 0 0 0 0.0277417 0.00309812 0
0.058 0 0 0 0 0 0 0 0 0 0.0282284 0.00315248 0
0.059 0 0 0 0 0 0 0 0 0 0.0287151 0.00320683 0
0.06 0 0 0 0 0 0 0 0 0 0.0292018 0.00326118 0
0.061 0 0 0 0 0 0 0 0 0 0.0296885 0.00331553 0
0.062 0 0 0 0 0 0 0 0 0 0.0301752 0.00336989 0
0.063 0 0 0 0 0 0 0 0 0 0.0306619 0.00342424 0
0.064 0 0 0 0 0 0 0 0 0 0.0311486 0.00347859 0
0.065 0 0 0 0 0 0 0 0 0 0.0316353 0.00353295 0
0.066 0 0 0 0 0 0 0 0 0 0.032122 0.0035873 0
0.067 0 0 0 0 0 0 0 0 0 0.0326087 0.00364165 0
0.068 0 0 0 0 0 0 0 0 0 0.0330954 0.00369601 0
0.069 0 0 0 0 0 0 0 0 0 0.0335821 0.00375036 0
0.07 0 0 0 0 0 0 0 0 0 0.0340688 0.00380471 0
0.071 0 0 0 0 0 0 0 0 0 0.0345555 0.00385907 0
0.072 0 0 0 0 0 0 0 0 0 0.0350422 0.00391342 0
0.073 0 0 0 0 0 0 0 0 0 0.0355288 0.00396777 0
0.074 0 0 0 0 0 0 0 0 0 0.0360155 0.00402212 0
0.075 0 0 0 0 0 0 0 0 0 0.0365022 0.00407648 0
0.076 0 0 0 0 0 0 0 0 0 0.0369889 0.00413083 0
0.077 0 0 0 0 0 0 0 0 0 0.0374756 0.00418518 0
0.078 0 0 0 0 0 0 0 0 0 0.0379623 0.00423954 0
0.079 0 0 0 0 0 0 0 0 0 0.038449 0.00429389 0
0.08 0 0 0 0 0 0 0 0 0 0.0389357 0.00434824 0
0.081 0 0 0 0 0 0 0 0 0 0.0394224 0.0044026 0
0.082 0 0 0 0 0 0 0 0 0 0.0399091 0.00445695 0
0.083 0 0 0 0 0 0 0 0 0 0.0403958 0.0045113 0
0.084 0 0 0 0 0 0 0 0 0 0.0408825 0.00456565 0
0.085 0 0 0 0 0 0 0 0 0 0.0413692 0.00462001 0
0.086 0 0 0 0 0 0 0 0 0 0.0418559 0.00467436 0
0.087 0 0 0 0 0 0 0 0 0 0.0423426 0.00472871 0
0.088 0 0 0 0 0 0 0 0 0 0.0428293 0.00478307 0
0.089 0 0 0 0 0 0 0 0 0 0.043316 0.00483742 0
0.09 0 0 0 0 0 0 0 0 0 0.0438027 0.00489177 0
0.091 0 0 0 0 0 0 0 0 0 0.0442894 0.00494613 0
0.092 0 0 0 0 0 0 0 0 0 0.0447761 0.00500048 0
0.093 0 0 0 0 0 0 0 0 0 0.0452628 0.00505483 0
0.094 0 0 0 0 0 0 0 0 0 0.0457495 0.00510918 0
0.095 0 0 0 0 0 0 0 0 0 0.0462362 0.00516354 0
0.096 0 0 0 0 0 0 0 0 0 0.0467229 0.00521789 0
0.097 0 0 0 0 0 0 0 0 0 0.0472096 0.00527224 0
0.098 0 0 0 0 0 0 0 0 0 0.0476963 0.0053266 0
0.099 0 0 0 0 0 0 0 0 0 0.048183 0.00538095 0
0.1 0 0 0 0 0 0 0 0 0 0.0486697 0.0054353 0
0.101 0 0 0 0 0 0 0 0 0 0.0491564 0.00548966 0
0.102 0 0 0 0 0 0 0 0 0 0.049643 0.00554401 0
0.103 0 0 0 0 0 0 0 0 0 0.0501297 0.00559836 0
0.104 0 0 0 0 0 0 0 0 0 0.0506164 0.00565272 0
0.105 0 0 0 0 0 0 0 0 0 0.0511031 0.00570707 0
0.106 0 0 0 0 0 0 0 0 0 0.0515898 0.00576142 0
0.107 0 0 0 0 0 0 0 0 0 0.0520765 0.00581577 0
0.108 0 0 0 0 0 0 0 0 0 0.0525632 0.00587013 0
0.109 0 0 0 0 0 0 0 0 0 0.0530499 0.00592448 0
0.11 0 0 0 0 0 0 0 0 0 0.0535366 0.00597883 0
0.111 0 0 0 0 0 0 0 0 0 0.0540233 0.00603319 0
0.112 0 0 0 0 0 0 0 0 0 0.05451 0.00608754 0
0.113 0 0 0 0 0 0 0 0 0 0.0549967 0.00614189 0
0.114 0 0 0 0 0 0 0 0 0 0.0554834 0.00619625 0
0.115 0 0 0 0 0 0 0 0 0 0.0559701 0.0062506 0
0.116 0 0 0 0 0 0 0 0 0 0.0564568 0.00630495 0
0.117 0 0 0 0 0 0 0 0 0 0.0569435 0.0063593 0
0.118 0 0 0 0 0 0 0 0 0 0.0574302 0.00641366 0
0.119 0 0 0 0 0 0 0 0 0 0.0579169 0.00646801 0
0.12 0 0 0 0 0 0 0 0 0 0.0584036 0.00652236 0
0.121 0 0 0 0 0 0 0 0 0 0.0588903 0.00657672 0
0.122 0 0 0 0 0 0 0 0 0 0.059377 0.00663107 0
0.123 0 0 0 0 0 0 0 0 0 0.0598637 0.00668542 0
0.124 0 0 0 0 0 0 0 0 0 0.0603504 0.00673978 0
0.125 0 0 0 0 0 0 0 0 0 0.0608371 0.00679413 0
0.126 0 0 0 0 0 0 0 0 0 0.0613238 0.00684848 0
0.127 0 0 0 0 0 0 0 0 0 0.0618105 0.00690283 0
0.128 0 0 0 0 0 0 0 0 0 0.0622972 0.00695719 0
0.129 0 0 0 0 0 0 0 0 0 0.0627839 0.00701154 0
0.13 0 0 0 0 0 0 0 0 0 0.0632706 0.00706589 0
0.131 0 0 0 0 0 0 0 0 0 0.0637572 0.00712025 0
0.132 0 0 0 0 0 0 0 0 0 0.0642439 0.0071746 0
0.133 0 0 0 0 0 0 0 0 0 0.0647306 0.00722895 0
0.134 0 0 0 0 0 0 0 0 0 0.0652173 0.00728331 0
0.135 0 0 0 0 0 0 0 0 0 0.065704 0.00733766 0
0.136 0 0 0 0 0 0 0 0 0 0.0661907 0.00739201 0
0.137 0 0 0 0 0 0 0 0 0 0.0666774 0.00744637 0
0.138 0 0 0 0 0 0 0 0 0 0.0671641 0.00750072 0
0.139 0 0 0 0 0 0 0 0 0 0.0676508 0.00755507 0
0.14 0 0 0 0 0 0 0 0 0 0.0681375 0.00760942 0
0.141 0 0 0 0 0 0 0 0 0 0.0686242 0.00766378 0
0.142 0 0 0 0 0 0 0 0 0 0.0691109 0.00771813 0
0.143 0 0 0 0 0 0 0 0 0 0.0695976 0.00777248 0
0.144 0 0 0 0 0 0 0 0 0 0.0700843 0.00782684 0
0.145 0 0 0 0 0 0 0 0 0 0.070571 0.00788119 0
0.146 0 0 0 0 0 0 0 0 0 0.0710577 0.00793554 0
0.147 0 0 0 0 0 0 0 0 0 0.0715444 0.0079899 0
0.148 0 0 0 0 0 0 0 0 0 0.0720311 0.00804425 0
0.149 0 0 0 0 0 0 0 0 0 0.0725178 0.0080986 0
0.15 0 0 0 0 0 0 0 0 0 0.0730045 0.00815295 0
0.151 0 0 0 0 0 0 0 0 0 0.0734912 0.00820731 0
0.152 0 0 0 0 0 0 0 0 0 0.0739779 0.00826166 0
0.153 0 0 0 0 0 0 0 0 0 0.0744646 0.00831601 0
0.154 0 0 0 0 0 0 0 0 0 0.0749513 0.00837037 0
0.155 0 0 0 0 0 0 0 0 0 0.075438 0.00842472 0
0.156 0 0 0 0 0 0 0 0 0 0.0759247 0.00847907 0
0.157 0 0 0 0 0 0 0 0 0 0.0764114 0.00853343 0
0.158 0 0 0 0 0 0 0 0 0 0.0768981 0.00858778 0
0.159 0 0 0 0 0 0 0 0 0 0.0773848 0.00864213 0
0.16 0 0 0 0 0 0 0 0 0 0.0778714 0.00869648 0
0.161 0 0 0 0 0 0 0 0 0 0.0783581 0.00875084 0
0.162 0 0 0 0 0 0 0 0 0 0.0788448 0.00880519 0
0.163 0 0 0 0 0 0 0 0 0 0.0793315 0.00885954 0
0.164 0 0 0 0 0 0 0 0 0 0.0798182 0.0089139 0
0.165 0 0 0 0 0 0 0 0 0 0.0803049 0.00896825 0
0.166 0 0 0 0 0 0 0 0 0 0.0807916 0.0090226 0
0.167 0 0 0 0 0 0 0 0 0 0.0812783 0.00907696 0
0.168 0 0 0 0 0 0 0 0 0 0.081765 0.00913131 0
0.169 0 0 0 0 0 0 0 0 0 0.0822517 0.00918566 0
0.17 0 0 0 0 0 0 0 0 0 0.0827384 0.00924002 0
0.171 0 0 0 0 0 0 0 0 0 0.0832251 0.00929437 0
0.172 0 0 0 0 0 0 0 0 0 0.0837118 0.00934872 0
0.173 0 0 0 0 0 0 0 0 0 0.0841985 0.00940307 0
0.174 0 0 0 0 0 0 0 0 0 0.0846852 0.00945743 0
0.175 0 0 0 0 0 0 0 0 0 0.0851719 0.00951178 0
0.176 0 0 0 0 0 0 0 0 0 0.0856586 0.00956613 0
0.177 0 0 0 0 0 0 0 0 0 0.0861453 0.00962049 0
0.178 0 0 0 0 0 0 0 0 0 0.086632 0.00967484 0
0.179 0 0 0 0 0 0 0 0 0 0.0871187 0.00972919 0
0.18 0 0 0 0 0 0 0 0 0 0.0876054 0.00978355 0
0.181 0 0 0 0 0 0 0 0 0 0.0880921 0.0098379 0
0.182 0 0 0 0 0 0 0 0 0 0.0885788 0.00989225 0
0.183 0 0 0 0 0 0 0 0 0 0.0890655 0.0099466 0
0.184 0 0 0 0 0 0 0 0 0 0.0895522 0.010001 0
0.185 0 0 0 0 0 0 0 0 0 0.0900389 0.0100553 0
0.186 0 0 0 0 0 0 0 0 0 0.0905256 0.0101097 0
0.187 0 0 0 0 0 0 0 0 0 0.0910123 0.010164 0
0.188 0 0 0 0 0 0 0 0 0 0.091499 0.0102184 0
0.189 0 0 0 0 0 0 0 0 0 0.0919856 0.0102727 0
0.19 0 0 0 0 0 0 0 0 0 0.0924723 0.0103271 0
0.191 0 0 0 0 0 0 0 0 0 0.092959 0.0103814 0
0.192 0 0 0 0 0 0 0 0 0 0.0934457 0.0104358 0
0.193 0 0 0 0 0 0 0 0 0 0.0939324 0.0104901 0
0.194 0 0 0 0 0 0 0 0 0 0.0944191 0.0105445 0
0.195 0 0 0 0 0 0 0 0 0 0.0949058 0.0105988 0
0.196 0 0 0 0 0 0 0 0 0 0.0953925 0.0106532 0
0.197 0 0 0 0 0 0 0 0 0 0.0958792 0.0107075 0
0.198 0 0 0 0 0 0 0 0 0 0.0963659 0.0107619 0
0.199 0 0 0 0 0 0 0 0 0 0.0968526 0.0108163 0
0.2 0 0 0 0 0 0 0 0 0 0.0973393 0.0108706 0
0.201 0 0 0 0 0 0 0 0 0 0.097826 0.010925 0
0.202 0 0 0 0 0 0 0 0 0 0.0983127 0.0109793 0
0.203 0 0 0 0 0 0 0 0 0 0.0987994 0.0110337 0
0.204 0 0 0 0 0 0 0 0 0 0.0992861 0.011088 0
0.205 0 0 0 0 0 0 0 0 0 0.0997728 0.0111424 0
0.206 0 0 0 0 0 0 0 0 0 0.100259 0.0111967 0
0.207 0 0 0 0 0 0 0 0 0 0.100746 0.0112511 0
0.208 0 0 0 0 0 0 0 0 0 0.101233 0.0113054 0
0.209 0 0 0 0 0 0 0 0 0 0.10172 0.0113598 0
0.21 0 0 0 0 0 0 0 0 0 0.102206 0.0114141 0
0.211 0 0 0 0 0 0 0 0 0 0.102693 0.0114685 0
0.212 0 0 0 0 0 0 0 0 0 0.10318 0.0115228 0
0.213 0 0 0 0 0 0 0 0 0 0.103666 0.0115772 0
0.214 0 0 0 0 0 0 0 0 0 0.104153 0.0116315 0
0.215 0 0 0 0 0 0 0 0 0 0.10464 0.0116859 0
0.216 0 0 0 0 0 0 0 0 0 0.105126 0.0117403 0
0.217 0 0 0 0 0 0 0 0 0 0.105613 0.0117946 0
0.218 0 0 0 0 0 0 0 0 0 0.1061 0.011849 0
0.219 0 0 0 0 0 0 0 0 0 0.106587 0.0119033 0
0.22 0 0 0 0 0 0 0 0 0 0.107073 0.0119577 0
0.221 0 0 0 0 0 0 0 0 0 0.10756 0.012012 0
0.222 0 0 0 0 0 0 0 0 0 0.108047 0.0120664 0
0.223 0 0 0 0 0 0 0 0 0 0.108533 0.0121207 0
0.224 0 0 0 0 0 0 0 0 0 0.10902 0.0121751 0
0.225 0 0 0 0 0 0 0 0 0 0.109507 0.0122294 0
0.226 0 0 0 0 0 0 0 0 0 0.109993 0.0122838 0
0.227 0 0 0 0 0 0 0 0 0 0.11048 0.0123381 0
0.228 0 0 0 0 0 0 0 0 0 0.110967 0.0123925 0
0.229 0 0 0 0 0 0 0 0 0 0.111454 0.0124468 0
0.23 0 0 0 0 0 0 0 0 0 0.11194 0.0125012 0
0.231 0 0 0 0 0 0 0 0 0 0.112427 0.0125555 0
0.232 0 0 0 0 0 0 0 0 0 0.112914 0.0126099 0
0.233 0 0 0 0 0 0 0 0 0 0.1134 0.0126643 0
0.234 0 0 0 0 0 0 0 0 0 0.113887 0.0127186 0
0.235 0 0 0 0 0 0 0 0 0 0.114374 0.012773 0
0.236 0 0 0 0 0 0 0 0 0 0.11486 0.0128273 0
0.237 0 0 0 0 0 0 0 0 0 0.115347 0.0128817 0
0.238 0 0 0 0 0 0 0 0 0 0.115834 0.012936 0
0.239 0 0 0 0 0 0 0 0 0 0.11632 0.0129904 0
0.24 0 0 0 0 0 0 0 0 0 0.116807 0.0130447 0
0.241 0 0 0 0 0 0 0 0 0 0.117294 0.0130991 0
0.242 0 0 0 0 0 0 0 0 0 0.117781 0.0131534 0
0.243 0 0 0 0 0 0 0 0 0 0.118267 0.0132078 0
0.244 0 0 0 0 0 0 0 0 0 0.118754 0.0132621 0
0.245 0 0 0 0 0 0 0 0 0 0.119241 0.0133165 0
0.246 0 0 0 0 0 0 0 0 0 0.119727 0.0133708 0
0.247 0 0 0 0 0 0 0 0 0 0.120214 0.0134252 0
0.248 0 0 0 0 0 0 0 0 0 0.120701 0.0134796 0
0.249 0 0 0 0 0 0 0 0 0 0.121187 0.0135339 0
0.25 0 0 0 0 0 0 0 0 0 0.121674 0.0135883 0
0.251 0 0 0 0 0 0 0 0 0 0.122161 0.0136426 0
0.252 0 0 0 0 0 0 0 0 0 0.122648 0.013697 0
0.253 0 0 0 0 0 0 0 0 0 0.123134 0.0137513 0
0.254 0 0 0 0 0 0 0 0 0 0.123621 0.0138057 0
0.255 0 0 0 0 0 0 0 0 0 0.124108 0.01386 0
0.256 0 0 0 0 0 0 0 0 0 0.124594 0.0139144 0
0.257 0 0 0 0 0 0 0 0 0 0.125081 0.0139687 0
0.258 0 0 0 0 0 0 0 0 0 0.125568 0.0140231 0
0.259 0 0 0 0 0 0 0 0 0 0.126054 0.0140774 0
0.26 0 0 0 0 0 0 0 0 0 0.126541 0.0141318 0
0.261 0 0 0 0 0 0 0 0 0 0.127028 0.0141861 0
0.262 0 0 0 0 0 0 0 0 0 0.127514 0.0142405 0
0.263 0 0 0 0 0 0 0 0 0 0.128001 0.0142948 0
0.264 0 0 0 0 0 0 0 0 0 0.128488 0.0143492 0
0.265 0 0 0 0 0 0 0 0 0 0.128975 0.0144036 0
0.266 0 0 0 0 0 0 0 0 0 0.129461 0.0144579 0
0.267 0 0 0 0 0 0 0 0 0 0.129948 0.0145123 0
0.268 0 0 0 0 0 0 0 0 0 0.130435 0.0145666 0
0.269 0 0 0 0 0 0 0 0 0 0.130921 0.014621 0
0.27 0 0 0 0 0 0 0 0 0 0.131408 0.0146753 0
0.271 0 0 0 0 0 0 0 0 0 0.131895 0.0147297 0
0.272 0 0 0 0 0 0 0 0 0 0.132381 0.014784 0
0.273 0 0 0 0 0 0 0 0 0 0.132868 0.0148384 0
0.274 0 0 0 0 0 0 0 0 0 0.133355 0.0148927 0
0.275 0 0 0 0 0 0 0 0 0 0.133842 0.0149471 0
0.276 0 0 0 0 0 0 0 0 0 0.134328 0.0150014 0
0.277 0 0 0 0 0 0 0 0 0 0.134815 0.0150558 0
0.278 0 0 0 0 0 0 0 0 0 0.135302 0.0151101 0
0.279 0 0 0 0 0 0 0 0 0 0.135788 0.0151645 0
0.28 0 0 0 0 0 0 0 0 0 0.136275 0.0152188 0
0.281 0 0 0 0 0 0 0 0 0 0.136762 0.0152732 0
0.282 0 0 0 0 0 0 0 0 0 0.137248 0.0153276 0
0.283 0 0 0 0 0 0 0 0 0 0.137735 0.0153819 0
0.284 0 0 0 0 0 0 0 0 0 0.138222 0.0154363 0
0.285 0 0 0 0 0 0 0 0 0 0.138709 0.0154906 0
0.286 0 0 0 0 0 0 0 0 0 0.139195 0.015545 0
0.287 0 0 0 0 0 0 0 0 0 0.139682 0.0155993 0
0.288 0 0 0 0 0 0 0 0 0 0.140169 0.0156537 0
0.289 0 0 0 0 0 0 0 0 0 0.140655 0.015708 0
0.29 0 0 0 0 0 0 0 0 0 0.141142 0.0157624 0
0.291 0 0 0 0 0 0 0 0 0 0.141629 0.0158167 0
0.292 0 0 0 0 0 0 0 0 0 0.142115 0.0158711 0
0.293 0 0 0 0 0 0 0 0 0 0.142602 0.0159254 0
0.294 0 0 0 0 0 0 0 0 0 0.143089 0.0159798 0
0.295 0 0 0 0 0 0 0 0 0 0.143575 0.0160341 0
0.296 0 0 0 0 0 0 0 0 0 0.144062 0.0160885 0
0.297 0 0 0 0 0 0 0 0 0 0.144549 0.0161428 0
0.298 0 0 0 0 0 0 0 0 0 0.145036 0.0161972 0
0.299 0 0 0 0 0 0 0 0 0 0.145522 0.0162516 0
0.3 0 0 0 0 0 0 0 0 0 0.146009 0.0163059 0
0.301 0 0 0 0 0 0 0 0 0 0.146496 0.0163603 0
0.302 0 0 0 0 0 0 0 0 0 0.146982 0.0164146 0
0.303 0 0 0 0 0 0 0 0 0 0.147469 0.016469 0
0.304 0 0 0 0 0 0 0 0 0 0.147956 0.0165233 0
0.305 0 0 0 0 0 0 0 0 0 0.148442 0.0165777 0
0.306 0 0 0 0 0 0 0 0 0 0.148929 0.016632 0
0.307 0 0 0 0 0 0 0 0 0 0.149416 0.0166864 0
0.308 0 0 0 0 0 0 0 0 0 0.149903 0.0167407 0
0.309 0 0 0 0 0 0 0 0 0 0.150389 0.0167951 0
0.31 0 0 0 0 0 0 0 0 0 0.150876 0.0168494 0
0.311 0 0 0 0 0 0 0 0 0 0.151363 0.0169038 0
0.312 0 0 0 0 0 0 0 0 0 0.151849 0.0169581 0
0.313 0 0 0 0 0 0 0 0 0 0.152336 0.0170125 0
0.314 0 0 0 0 0 0 0 0 0 0.152823 0.0170669 0
0.315 0 0 0 0 0 0 0 0 0 0.153309 0.0171212 0
0.316 0 0 0 0 0 0 0 0 0 0.153796 0.0171756 0
0.317 0 0 0 0 0 0 0 0 0 0.154283 0.0172299 0
0.318 0 0 0 0 0 0 0 0 0 0.15477 0.0172843 0
0.319 0 0 0 0 0 0 0 0 0 0.155256 0.0173386 0
0.32 0 0 0 0 0 0 0 0 0 0.155743 0.017393 0
0.321 0 0 0 0 0 0 0 0 0 0.15623 0.0174473 0
0.322 0 0 0 0 0 0 0 0 0 0.156716 0.0175017 0
0.323 0 0 0 0 0 0 0 0 0 0.157203 0.017556 0
0.324 0 0 0 0 0 0 0 0 0 0.15769 0.0176104 0
0.325 0 0 0 0 0 0 0 0 0 0.158176 0.0176647 0
0.326 0 0 0 0 0 0 0 0 0 0.158663 0.0177191 0
0.327 0 0 0 0 0 0 0 0 0 0.15915 0.0177734 0
0.328 0 0 0 0 0 0 0 0 0 0.159636 0.0178278 0
0.329 0 0 0 0 0 0 0 0 0 0.160123 0.0178821 0
0.33 0 0 0 0 0 0 0 0 0 0.16061 0.0179365 0
0.331 0 0 0 0 0 0 0 0 0 0.161097 0.0179909 0
0.332 0 0 0 0 0 0 0 0 0 0.161583 0.0180452 0
0.333 0 0 0 0 0 0 0 0 0 0.16207 0.0180996 0
0.334 0 0 0 0 0 0 0 0 0 0.162557 0.0181539 0
0.335 0 0 0 0 0 0 0 0 0 0.163043 0.0182083 0
0.336 0 0 0 0 0 0 0 0 0 0.16353 0.0182626 0
0.337 0 0 0 0 0 0 0 0 0 0.164017 0.018317 0
0.338 0 0 0 0 0 0 0 0 0 0.164503 0.0183713 0
0.339 0 0 0 0 0 0 0 0 0 0.16499 0.0184257 0
0.34 0 0 0 0 0 0 0 0 0 0.165477 0.01848 0
0.341 0 0 0 0 0 0 0 0 0 0.165964 0.0185344 0
0.342 0 0 0 0 0 0 0 0 0 0.16645 0.0185887 0
0.343 0 0 0 0 0 0 0 0 0 0.166937 0.0186431 0
0.344 0 0 0 0 0 0 0 0 0 0.167424 0.0186974 0
0.345 0 0 0 0 0 0 0 0 0 0.16791 0.0187518 0
0.346 0 0 0 0 0 0 0 0 0 0.168397 0.0188061 0
0.347 0 0 0 0 0 0 0 0 0 0.168884 0.0188605 0
0.348 0 0 0 0 0 0 0 0 0 0.16937 0.0189149 0
0.349 0 0 0 0 0 0 0 0 0 0.169857 0.0189692 0
0.35 0 0 0 0 0 0 0 0 0 0.170344 0.0190236 0
0.351 0 0 0 0 0 0 0 0 0 0.17083 0.0190779 0
0.352 0 0 0 0 0 0 0 0 0 0.171317 0.0191323 0
0.353 0 0 0 0 0 0 0 0 0 0.171804 0.0191866 0
0.354 0 0 0 0 0 0 0 0 0 0.172291 0.019241 0
0.355 0 0 0 0 0 0 0 0 0 0.172777 0.0192953 0
0.356 0 0 0 0 0 0 0 0 0 0.173264 0.0193497 0
0.357 0 0 0 0 0 0 0 0 0 0.173751 0.019404 0
0.358 0 0 0 0 0 0 0 0 0 0.174237 0.0194584 0
0.359 0 0 0 0 0 0 0 0 0 0.174724 0.0195127 0
0.36 0 0 0 0 0 0 0 0 0 0.175211 0.0195671 0
0.361 0 0 0 0 0 0 0 0 0 0.175697 0.0196214 0
0.362 0 0 0 0 0 0 0 0 0 0.176184 0.0196758 0
0.363 0 0 0 0 0 0 0 0 0 0.176671 0.0197301 0
0.364 0 0 0 0 0 0 0 0 0 0.177158 0.0197845 0
0.365 0 0 0 0 0 0 0 0 0 0.177644 0.0198389 0
0.366 0 0 0 0 0 0 0 0 0 0.178131 0.0198932 0
0.367 0 0 0 0 0 0 0 0 0 0.178618 0.0199476 0
0.368 0 0 0 0 0 0 0 0 0 0.179104 0.0200019 0
0.369 0 0 0 0 0 0 0 0 0 0.179591 0.0200563 0
0.37 0 0 0 0 0 0 0 0 0 0.180078 0.0201106 0
0.371 0 0 0 0 0 0 0 0 0 0.180564 0.020165 0
0.372 0 0 0 0 0 0 0 0 0 0.181051 0.0202193 0
0.373 0 0 0 0 0 0 0 0 0 0.181538 0.0202737 0
0.374 0 0 0 0 0 0 0 0 0 0.182025 0.020328 0
0.375 0 0 0 0 0 0 0 0 0 0.182511 0.0203824 0
0.376 0 0 0 0 0 0 0 0 0 0.182998 0.0204367 0
0.377 0 0 0 0 0 0 0 0 0 0.183485 0.0204911 0
0.378 0 0 0 0 0 0 0 0 0 0.183971 0.0205454 0
0.379 0 0 0 0 0 0 0 0 0 0.184458 0.0205998 0
0.38 0 0 0 0 0 0 0 0 0 0.184945 0.0206542 0
0.381 0 0 0 0 0 0 0 0 0 0.185431 0.0207085 0
0.382 0 0 0 0 0 0 0 0 0 0.185918 0.0207629 0
0.383 0 0 0 0 0 0 0 0 0 0.186405 0.0208172 0
0.384 0 0 0 0 0 0 0 0 0 0.186891 0.0208716 0
0.385 0 0 0 0 0 0 0 0 0 0.187378 0.0209259 0
0.386 0 0 0 0 0 0 0 0 0 0.187865 0.0209803 0
0.387 0 0 0 0 0 0 0 0 0 0.188352 0.0210346 0
0.388 0 0 0 0 0 0 0 0 0 0.188838 0.021089 0
0.389 0 0 0 0 0 0 0 0 0 0.189325 0.0211433 0
0.39 0 0 0 0 0 0 0 0 0 0.189812 0.0211977 0
0.391 0 0 0 0 0 0 0 0 0 0.190298 0.021252 0
0.392 0 0 0 0 0 0 0 0 0 0.190785 0.0213064 0
0.393 0 0 0 0 0 0 0 0 0 0.191272 0.0213607 0
0.394 0 0 0 0 0 0 0 0 0 0.191758 0.0214151 0
0.395 0 0 0 0 0 0 0 0 0 0.192245 0.0214694 0
0.396 0 0 0 0 0 0 0 0 0 0.192732 0.0215238 0
0.397 0 0 0 0 0 0 0 0 0 0.193219 0.0215782 0
0.398 0 0 0 0 0 0 0 0 0 0.193705 0.0216325 0
0.399 0 0 0 0 0 0 0 0 0 0.194192 0.0216869 0
0.4 0 0 0 0 0 0 0 0 0 0.194679 0.0217412 0
0.401 0 0 0 0 0 0 0 0 0 0.195165 0.0217956 0
0.402 0 0 0 0 0 0 0 0 0 0.195652 0.0218499 0
0.403 0 0 0 0 0 0 0 0 0 0.196139 0.0219043 0
0.404 0 0 0 0 0 0 0 0 0 0.196625 0.0219586 0
0.405 0 0 0 0 0 0 0 0 0 0.197112 0.022013 0
0.406 0 0 0 0 0 0 0 0 0 0.197599 0.0220673 0
0.407 0 0 0 0 0 0 0 0 0 0.198085 0.0221217 0
0.408 0 0 0 0 0 0 0 0 0 0.198572 0.022176 0
0.409 0 0 0 0 0 0 0 0 0 0.199059 0.0222304 0
0.41 0 0 0 0 0 0 0 0 0 0.199546 0.0222847 0
0.411 0 0 0 0 0 0 0 0 0 0.200032 0.0223391 0
0.412 0 0 0 0 0 0 0 0 0 0.200519 0.0223934 0
0.413 0 0 0 0 0 0 0 0 0 0.201006 0.0224478 0
0.414 0 0 0 0 0 0 0 0 0 0.201492 0.0225022 0
0.415 0 0 0 0 0 0 0 0 0 0.201979 0.0225565 0
0.416 0 0 0 0 0 0 0 0 0 0.202466 0.0226109 0
0.417 0 0 0 0 0 0 0 0 0 0.202952 0.0226652 0
0.418 0 0 0 0 0 0 0 0 0 0.203439 0.0227196 0
0.419 0 0 0 0 0 0 0 0 0 0.203926 0.0227739 0
0.42 0 0 0 0 0 0 0 0 0 0.204413 0.0228283 0
0.421 0 0 0 0 0 0 0 0 0 0.204899 0.0228826 0
0.422 0 0 0 0 0 0 0 0 0 0.205386 0.022937 0
0.423 0 0 0 0 0 0 0 0 0 0.205873 0.0229913 0
0.424 0 0 0 0 0 0 0 0 0 0.206359 0.0230457 0
0.425 0 0 0 0 0 0 0 0 0 0.206846 0.0231 0
0.426 0 0 0 0 0 0 0 0 0 0.207333 0.0231544 0
0.427 0 0 0 0 0 0 0 0 0 0.207819 0.0232087 0
0.428 0 0 0 0 0 0 0 0 0 0.208306 0.0232631 0
0.429 0 0 0 0 0 0 0 0 0 0.208793 0.0233174 0
0.43 0 0 0 0 0 0 0 0 0 0.20928 0.0233718 0
0.431 0 0 0 0 0 0 0 0 0 0.209766 0.0234262 0
0.432 0 0 0 0 0 0 0 0 0 0.210253 0.0234805 0
0.433 0 0 0 0 0 0 0 0 0 0.21074 0.0235349 0
0.434 0 0 0 0 0 0 0 0 0 0.211226 0.0235892 0
0.435 0 0 0 0 0 0 0 0 0 0.211713 0.0236436 0
0.436 0 0 0 0 0 0 0 0 0 0.2122 0.0236979 0
0.437 0 0 0 0 0 0 0 0 0 0.212686 0.0237523 0
0.438 0 0 0 0 0 0 0 0 0 0.213173 0.0238066 0
0.439 0 0 0 0 0 0 0 0 0 0.21366 0.023861 0
0.44 0 0 0 0 0 0 0 0 0 0.214146 0.0239153 0
0.441 0 0 0 0 0 0 0 0 0 0.214633 0.0239697 0
0.442 0 0 0 0 0 0 0 0 0 0.21512 0.024024 0
0.443 0 0 0 0 0 0 0 0 0 0.215607 0.0240784 0
0.444 0 0 0 0 0 0 0 0 0 0.216093 0.0241327 0
0.445 0 0 0 0 0 0 0 0 0 0.21658 0.0241871 0
0.446 0 0 0 0 0 0 0 0 0 0.217067 0.0242415 0
0.447 0 0 0 0 0 0 0 0 0 0.217553 0.0242958 0
0.448 0 0 0 0 0 0 0 0 0 0.21804 0.0243502 0
0.449 0 0 0 0 0 0 0 0 0 0.218527 0.0244045 0
0.45 0 0 0 0 0 0 0 0 0 0.219013 0.0244589 0
0.451 0 0 0 0 0 0 0 0 0 0.2195 0.0245132 0
0.452 0 0 0 0 0 0 0 0 0 0.219987 0.0245676 0
0.453 0 0 0 0 0 0 0 0 0 0.220474 0.0246219 0
0.454 0 0 0 0 0 0 0 0 0 0.22096 0.0246763 0
0.455 0 0 0 0 0 0 0 0 0 0.221447 0.0247306 0
0.456 0 0 0 0 0 0 0 0 0 0.221934 0.024785 0
0.457 0 0 0 0 0 0 0 0 0 0.22242 0.0248393 0
0.458 0 0 0 0 0 0 0 0 0 0.222907 0.0248937 0
0.459 0 0 0 0 0 0 0 0 0 0.223394 0.024948 0
0.46 0 0 0 0 0 0 0 0 0 0.22388 0.0250024 0
0.461 0 0 0 0 0 0 0 0 0 0.224367 0.0250567 0
0.462 0 0 0 0 0 0 0 0 0 0.224854 0.0251111 0
0.463 0 0 0 0 0 0 0 0 0 0.225341 0.0251655 0
0.464 0 0 0 0 0 0 0 0 0 0.225827 0.0252198 0
0.465 0 0 0 0 0 0 0 0 0 0.226314 0.0252742 0
0.466 0 0 0 0 0 0 0 0 0 0.226801 0.0253285 0
0.467 0 0 0 0 0 0 0 0 0 0.227287 0.0253829 0
0.468 0 0 0 0 0 0 0 0 0 0.227774 0.0254372 0
0.469 0 0 0 0 0 0 0 0 0 0.228261 0.0254916 0
0.47 0 0 0 0 0 0 0 0 0 0.228747 0.0255459 0
0.471 0 0 0 0 0 0 0 0 0 0.229234 0.0256003 0
0.472 0 0 0 0 0 0 0 0 0 0.229721 0.0256546 0
0.473 0 0 0 0 0 0 0 0 0 0.230207 0.025709 0
0.474 0 0 0 0 0 0 0 0 0 0.230694 0.0257633 0
0.475 0 0 0 0 0 0 0 0 0 0.231181 0.0258177 0
0.476 0 0 0 0 0 0 0 0 0 0.231668 0.025872 0
0.477 0 0 0 0 0 0 0 0 0 0.232154 0.0259264 0
0.478 0 0 0 0 0 0 0 0 0 0.232641 0.0259807 0
0.479 0 0 0 0 0 0 0 0 0 0.233128 0.0260351 0
0.48 0 0 0 0 0 0 0 0 0 0.233614 0.0260895 0
0.481 0 0 0 0 0 0 0 0 0 0.234101 0.0261438 0
0.482 0 0 0 0 0 0 0 0 0 0.234588 0.0261982 0
0.483 0 0 0 0 0 0 0 0 0 0.235074 0.0262525 0
0.484 0 0 0 0 0 0 0 0 0 0.235561 0.0263069 0
0.485 0 0 0 0 0 0 0 0 0 0.236048 0.0263612 0
0.486 0 0 0 0 0 0 0 0 0 0.236535 0.0264156 0
0.487 0 0 0 0 0 0 0 0 0 0.237021 0.0264699 0
0.488 0 0 0 0 0 0 0 0 0 0.237508 0.0265243 0
0.489 0 0 0 0 0 0 0 0 0 0.237995 0.0265786 0
0.49 0 0 0 0 0 0 0 0 0 0.238481 0.026633 0
0.491 0 0 0 0 0 0 0 0 0 0.238968 0.0266873 0
0.492 0 0 0 0 0 0 0 0 0 0.239455 0.0267417 0
0.493 0 0 0 0 0 0 0 0 0 0.239941 0.026796 0
0.494 0 0 0 0 0 0 0 0 0 0.240428 0.0268504 0
0.495 0 0 0 0 0 0 0 0 0 0.240915 0.0269047 0
0.496 0 0 0 0 0 0 0 0 0 0.241401 0.0269591 0
0.497 0 0 0 0 0 0 0 0 0 0.241888 0.0270135 0
0.498 0 0 0 0 0 0 0 0 0 0.242375 0.0270678 0
0.499 0 0 0 0 0 0 0 0 0 0.242862 0.0271222 0
0.5 0 0 0 0 0 0 0 0 0 0.243348 0.0271765 0
0.501 0 0 0 0 0 0 0 0 0 0.243835 0.0272309 0
0.502 0 0 0 0 0 0 0 0 0 0.244322 0.0272852 0
0.503 0 0 0 0 0 0 0 0 0 0.244808 0.0273396 0
0.504 0 0 0 0 0 0 0 0 0 0.245295 0.0273939 0
0.505 0 0 0 0 0 0 0 0 0 0.245782 0.0274483 0
0.506 0 0 0 0 0 0 0 0 0 0.246268 0.0275026 0
0.507 0 0 0 0 0 0 0 0 0 0.246755 0.027557 0
0.508 0 0 0 0 0 0 0 0 0 0.247242 0.0276113 0
0.509 0 0 0 0 0 0 0 0 0 0.247729 0.0276657 0
0.51 0 0 0 0 0 0 0 0 0 0.248215 0.02772 0
0.511 0 0 0 0 0 0 0 0 0 0.248702 0.0277744 0
0.512 0 0 0 0 0 0 0 0 0 0.249189 0.0278288 0
0.513 0 0 0 0 0 0 0 0 0 0.249675 0.0278831 0
0.514 0 0 0 0 0 0 0 0 0 0.250162 0.0279375 0
0.515 0 0 0 0 0 0 0 0 0 0.250649 0.0279918 0
0.516 0 0 0 0 0 0 0 0 0 0.251135 0.0280462 0
0.517 0 0 0 0 0 0 0 0 0 0.251622 0.0281005 0
0.518 0 0 0 0 0 0 0 0 0 0.252109 0.0281549 0
0.519 0 0 0 0 0 0 0 0 0 0.252596 0.0282092 0
0.52 0 0 0 0 0 0 0 0 0 0.253082 0.0282636 0
0.521 0 0 0 0 0 0 0 0 0 0.253569 0.0283179 0
0.522 0 0 0 0 0 0 0 0 0 0.254056 0.0283723 0
0.523 0 0 0 0 0 0 0 0 0 0.254542 0.0284266 0
0.524 0 0 0 0 0 0 0 0 0 0.255029 0.028481 0
0.525 0 0 0 0 0 0 0 0 0 0.255516 0.0285353 0
0.526 0 0 0 0 0 0 0 0 0 0.256002 0.0285897 0
0.527 0 0 0 0 0 0 0 0 0 0.256489 0.028644 0
0.528 0 0 0 0 0 0 0 0 0 0.256976 0.0286984 0
0.529 0 0 0 0 0 0 0 0 0 0.257462 0.0287528 0
0.53 0 0 0 0 0 0 0 0 0 0.257949 0.0288071 0
0.531 0 0 0 0 0 0 0 0 0 0.258436 0.0288615 0
0.532 0 0 0 0 0 0 0 0 0 0.258923 0.0289158 0
0.533 0 0 0 0 0 0 0 0 0 0.259409 0.0289702 0
0.534 0 0 0 0 0 0 0 0 0 0.259896 0.0290245 0
0.535 0 0 0 0 0 0 0 0 0 0.260383 0.0290789 0
0.536 0 0 0 0 0 0 0 0 0 0.260869 0.0291332 0
0.537 0 0 0 0 0 0 0 0 0 0.261356 0.0291876 0
0.538 0 0 0 0 0 0 0 0 0 0.261843 0.0292419 0
0.539 0 0 0 0 0 0 0 0 0 0.262329 0.0292963 0
0.54 0 0 0 0 0 0 0 0 0 0.262816 0.0293506 0
0.541 0 0 0 0 0 0 0 0 0 0.263303 0.029405 0
0.542 0 0 0 0 0 0 0 0 0 0.26379 0.0294593 0
0.543 0 0 0 0 0 0 0 0 0 0.264276 0.0295137 0
0.544 0 0 0 0 0 0 0 0 0 0.264763 0.029568 0
0.545 0 0 0 0 0 0 0 0 0 0.26525 0.0296224 0
0.546 0 0 0 0 0 0 0 0 0 0.265736 0.0296768 0
0.547 0 0 0 0 0 0 0 0 0 0.266223 0.0297311 0
0.548 0 0 0 0 0 0 0 0 0 0.26671 0.0297855 0
0.549 0 0 0 0 0 0 0 0 0 0.267196 0.0298398 0
0.55 0 0 0 0 0 0 0 0 0 0.267683 0.0298942 0
0.551 0 0 0 0 0 0 0 0 0 0.26817 0.0299485 0
0.552 0 0 0 0 0 0 0 0 0 0.268656 0.0300029 0
0.553 0 0 0 0 0 0 0 0 0 0.269143 0.0300572 0
0.554 0 0 0 0 0 0 0 0 0 0.26963 0.0301116 0
0.555 0 0 0 0 0 0 0 0 0 0.270117 0.0301659 0
0.556 0 0 0 0 0 0 0 0 0 0.270603 0.0302203 0
0.557 0 0 0 0 0 0 0 0 0 0.27109 0.0302746 0
0.558 0 0 0 0 0 0 0 0 0 0.271577 0.030329 0
0.559 0 0 0 0 0 0 0 0 0 0.272063 0.0303833 0
0.56 0 0 0 0 0 0 0 0 0 0.27255 0.0304377 0
0.561 0 0 0 0 0 0 0 0 0 0.273037 0.030492 0
0.562 0 0 0 0 0 0 0 0 0 0.273523 0.0305464 0
0.563 0 0 0 0 0 0 0 0 0 0.27401 0.0306008 0
0.564 0 0 0 0 0 0 0 0 0 0.274497 0.0306551 0
0.565 0 0 0 0 0 0 0 0 0 0.274984 0.0307095 0
0.566 0 0 0 0 0 0 0 0 0 0.27547 0.0307638 0
0.567 0 0 0 0 0 0 0 0 0 0.275957 0.0308182 0
0.568 0 0 0 0 0 0 0 0 0 0.276444 0.0308725 0
0.569 0 0 0 0 0 0 0 0 0 0.27693 0.0309269 0
0.57 0 0 0 0 0 0 0 0 0 0.277417 0.0309812 0
0.571 0 0 0 0 0 0 0 0 0 0.277904 0.0310356 0
0.572 0 0 0 0 0 0 0 0 0 0.27839 0.0310899 0
0.573 0 0 0 0 0 0 0 0 0 0.278877 0.0311443 0
0.574 0 0 0 0 0 0 0 0 0 0.279364 0.0311986 0
0.575 0 0 0 0 0 0 0 0 0 0.279851 0.031253 0
0.576 0 0 0 0 0 0 0 0 0 0.280337 0.0313073 0
0.577 0 0 0 0 0 0 0 0 0 0.280824 0.0313617 0
0.578 0 0 0 0 0 0 0 0 0 0.281311 0.0314161 0
0.579 0 0 0 0 0 0 0 0 0 0.281797 0.0314704 0
0.58 0 0 0 0 0 0 0 0 0 0.282284 0.0315248 0
0.581 0 0 0 0 0 0 0 0 0 0.282771 0.0315791 0
0.582 0 0 0 0 0 0 0 0 0 0.283257 0.0316335 0
0.583 0 0 0 0 0 0 0 0 0 0.283744 0.0316878 0
0.584 0 0 0 0 0 0 0 0 0 0.284231 0.0317422 0
0.585 0 0 0 0 0 0 0 0 0 0.284717 0.0317965 0
0.586 0 0 0 0 0 0 0 0 0 0.285204 0.0318509 0
0.587 0 0 0 0 0 0 0 0 0 0.285691 0.0319052 0
0.588 0 0 0 0 0 0 0 0 0 0.286178 0.0319596 0
0.589 0 0 0 0 0 0 0 0 0 0.286664 0.0320139 0
0.59 0 0 0 0 0 0 0 0 0 0.287151 0.0320683 0
0.591 0 0 0 0 0 0 0 0 0 0.287638 0.0321226 0
0.592 0 0 0 0 0 0 0 0 0 0.288124 0.032177 0
0.593 0 0 0 0 0 0 0 0 0 0.288611 0.0322313 0
0.594 0 0 0 0 0 0 0 0 0 0.289098 0.0322857 0
0.595 0 0 0 0 0 0 0 0 0 0.289584 0.0323401 0
0.596 0 0 0 0 0 0 0 0 0 0.290071 0.0323944 0
0.597 0 0 0 0 0 0 0 0 0 0.290558 0.0324488 0
0.598 0 0 0 0 0 0 0 0 0 0.291045 0.0325031 0
0.599 0 0 0 0 0 0 0 0 0 0.291531 0.0325575 0
0.6 0 0 0 0 0 0 0 0 0 0.292018 0.0326118 0
0.601 0 0 0 0 0 0 0 0 0 0.292505 0.0326662 0
0.602 0 0 0 0 0 0 0 0 0 0.292991 0.0327205 0
0.603 0 0 0 0 0 0 0 0 0 0.293478 0.0327749 0
0.604 0 0 0 0 0 0 0 0 0 0.293965 0.0328292 0
0.605 0 0 0 0 0 0 0 0 0 0.294451 0.0328836 0
0.606 0 0 0 0 0 0 0 0 0 0.294938 0.0329379 0
0.607 0 0 0 0 0 0 0 0 0 0.295425 0.0329923 0
0.608 0 0 0 0 0 0 0 0 0 0.295912 0.0330466 0
0.609 0 0 0 0 0 0 0 0 0 0.296398 0.033101 0
0.61 0 0 0 0 0 0 0 0 0 0.296885 0.0331553 0
0.611 0 0 0 0 0 0 0 0 0 0.297372 0.0332097 0
0.612 0 0 0 0 0 0 0 0 0 0.297858 0.0332641 0
0.613 0 0 0 0 0 0 0 0 0 0.298345 0.0333184 0
0.614 0 0 0 0 0 0 0 0 0 0.298832 0.0333728 0
0.615 0 0 0 0 0 0 0 0 0 0.299318 0.0334271 0
0.616 0 0 0 0 0 0 0 0 0 0.299805 0.0334815 0
0.617 0 0 0 0 0 0 0 0 0 0.300292 0.0335358 0
0.618 0 0 0 0 0 0 0 0 0 0.300778 0.0335902 0
0.619 0 0 0 0 0 0 0 0 0 0.301265 0.0336445 0
0.62 0 0 0 0 0 0 0 0 0 0.301752 0.0336989 0
0.621 0 0 0 0 0 0 0 0 0 0.302239 0.0337532 0
0.622 0 0 0 0 0 0 0 0 0 0.302725 0.0338076 0
0.623 0 0 0 0 0 0 0 0 0 0.303212 0.0338619 0
0.624 0 0 0 0 0 0 0 0 0 0.303699 0.0339163 0
0.625 0 0 0 0 0 0 0 0 0 0.304185 0.0339706 0
0.626 0 0 0 0 0 0 0 0 0 0.304672 0.034025 0
0.627 0 0 0 0 0 0 0 0 0 0.305159 0.0340793 0
0.628 0 0 0 0 0 0 0 0 0 0.305645 0.0341337 0
0.629 0 0 0 0 0 0 0 0 0 0.306132 0.0341881 0
0.63 0 0 0 0 0 0 0 0 0 0.306619 0.0342424 0
0.631 0 0 0 0 0 0 0 0 0 0.307106 0.0342968 0
0.632 0 0 0 0 0 0 0 0 0 0.307592 0.0343511 0
0.633 0 0 0 0 0 0 0 0 0 0.308079 0.0344055 0
0.634 0 0 0 0 0 0 0 0 0 0.308566 0.0344598 0
0.635 0 0 0 0 0 0 0 0 0 0.309052 0.0345142 0
0.636 0 0 0 0 0 0 0 0 0 0.309539 0.0345685 0
0.637 0 0 0 0 0 0 0 0 0 0.310026 0.0346229 0
0.638 0 0 0 0 0 0 0 0 0 0.310512 0.0346772 0
0.639 0 0 0 0 0 0 0 0 0 0.310999 0.0347316 0
0.64 0 0 0 0 0 0 0 0 0 0.311486 0.0347859 0
0.641 0 0 0 0 0 0 0 0 0 0.311972 0.0348403 0
0.642 0 0 0 0 0 0 0 0 0 0.312459 0.0348946 0
0.643 0 0 0 0 0 0 0 0 0 0.312946 0.034949 0
0.644 0 0 0 0 0 0 0 0 0 0.313433 0.0350034 0
0.645 0 0 0 0 0 0 0 0 0 0.313919 0.0350577 0
0.646 0 0 0 0 0 0 0 0 0 0.314406 0.0351121 0
0.647 0 0 0 0 0 0 0 0 0 0.314893 0.0351664 0
0.648 0 0 0 0 0 0 0 0 0 0.315379 0.0352208 0
0.649 0 0 0 0 0 0 0 0 0 0.315866 0.0352751 0
0.65 0 0 0 0 0 0 0 0 0 0.316353 0.0353295 0
0.651 0 0 0 0 0 0 0 0 0 0.316839 0.0353838 0
0.652 0 0 0 0 0 0 0 0 0 0.317326 0.0354382 0
0.653 0 0 0 0 0 0 0 0 0 0.317813 0.0354925 0
0.654 0 0 0 0 0 0 0 0 0 0.3183 0.0355469 0
0.655 0 0 0 0 0 0 0 0 0 0.318786 0.0356012 0
0.656 0 0 0 0 0 0 0 0 0 0.319273 0.0356556 0
0.657 0 0 0 0 0 0 0 0 0 0.31976 0.0357099 0
0.658 0 0 0 0 0 0 0 0 0 0.320246 0.0357643 0
0.659 0 0 0 0 0 0 0 0 0 0.320733 0.0358186 0
0.66 0 0 0 0 0 0 0 0 0 0.32122 0.035873 0
0.661 0 0 0 0 0 0 0 0 0 0.321706 0.0359274 0
0.662 0 0 0 0 0 0 0 0 0 0.322193 0.0359817 0
0.663 0 0 0 0 0 0 0 0 0 0.32268 0.0360361 0
0.664 0 0 0 0 0 0 0 0 0 0.323167 0.0360904 0
0.665 0 0 0 0 0 0 0 0 0 0.323653 0.0361448 0
0.666 0 0 0 0 0 0 0 0 0 0.32414 0.0361991 0
0.667 0 0 0 0 0 0 0 0 0 0.324627 0.0362535 0
0.668 0 0 0 0 0 0 0 0 0 0.325113 0.0363078 0
0.669 0 0 0 0 0 0 0 0 0 0.3256 0.0363622 0
0.67 0 0 0 0 0 0 0 0 0 0.326087 0.0364165 0
0.671 0 0 0 0 0 0 0 0 0 0.326573 0.0364709 0
0.672 0 0 0 0 0 0 0 0 0 0.32706 0.0365252 0
0.673 0 0 0 0 0 0 0 0 0 0.327547 0.0365796 0
0.674 0 0 0 0 0 0 0 0 0 0.328033 0.0366339 0
0.675 0 0 0 0 0 0 0 0 0 0.32852 0.0366883 0
0.676 0 0 0 0 0 0 0 0 0 0.329007 0.0367426 0
0.677 0 0 0 0 0 0 0 0 0 0.329494 0.036797 0
0.678 0 0 0 0 0 0 0 0 0 0.32998 0.0368514 0
0.679 0 0 0 0 0 0 0 0 0 0.330467 0.0369057 0
0.68 0 0 0 0 0 0 0 0 0 0.330954 0.0369601 0
0.681 0 0 0 0 0 0 0 0 0 0.33144 0.0370144 0
0.682 0 0 0 0 0 0 0 0 0 0.331927 0.0370688 0
0.683 0 0 0 0 0 0 0 0 0 0.332414 0.0371231 0
0.684 0 0 0 0 0 0 0 0 0 0.3329 0.0371775 0
0.685 0 0 0 0 0 0 0 0 0 0.333387 0.0372318 0
0.686 0 0 0 0 0 0 0 0 0 0.333874 0.0372862 0
0.687 0 0 0 0 0 0 0 0 0 0.334361 0.0373405 0
0.688 0 0 0 0 0 0 0 0 0 0.334847 0.0373949 0
0.689 0 0 0 0 0 0 0 0 0 0.335334 0.0374492 0
0.69 0 0 0 0 0 0 0 0 0 0.335821 0.0375036 0
0.691 0 0 0 0 0 0 0 0 0 0.336307 0.0375579 0
0.692 0 0 0 0 0 0 0 0 0 0.336794 0.0376123 0
0.693 0 0 0 0 0 0 0 0 0 0.337281 0.0376666 0
0.694 0 0 0 0 0 0 0 0 0 0.337767 0.037721 0
0.695 0 0 0 0 0 0 0 0 0 0.338254 0.0377754 0
0.696 0 0 0 0 0 0 0 0 0 0.338741 0.0378297 0
0.697 0 0 0 0 0 0 0 0 0 0.339227 0.0378841 0
0.698 0 0 0 0 0 0 0 0 0 0.339714 0.0379384 0
0.699 0 0 0 0 0 0 0 0 0 0.340201 0.0379928 0
0.7 0 0 0 0 0 0 0 0 0 0.340688 0.0380471 0
0.701 0 0 0 0 0 0 0 0 0 0.341174 0.0381015 0
0.702 0 0 0 0 0 0 0 0 0 0.341661 0.0381558 0
0.703 0 0 0 0 0 0 0 0 0 0.342148 0.0382102 0
0.704 0 0 0 0 0 0 0 0 0 0.342634 0.0382645 0
0.705 0 0 0 0 0 0 0 0 0 0.343121 0.0383189 0
0.706 0 0 0 0 0 0 0 0 0 0.343608 0.0383732 0
0.707 0 0 0 0 0 0 0 0 0 0.344094 0.0384276 0
0.708 0 0 0 0 0 0 0 0 0 0.344581 0.0384819 0
0.709 0 0 0 0 0 0 0 0 0 0.345068 0.0385363 0
0.71 0 0 0 0 0 0 0 0 0 0.345555 0.0385907 0
0.711 0 0 0 0 0 0 0 0 0 0.346041 0.038645 0
0.712 0 0 0 0 0 0 0 0 0 0.346528 0.0386994 0
0.713 0 0 0 0 0 0 0 0 0 0.347015 0.0387537 0
0.714 0 0 0 0 0 0 0 0 0 0.347501 0.0388081 0
0.715 0 0 0 0 0 0 0 0 0 0.347988 0.0388624 0
0.716 0 0 0 0 0 0 0 0 0 0.348475 0.0389168 0
0.717 0 0 0 0 0 0 0 0 0 0.348961 0.0389711 0
0.718 0 0 0 0 0 0 0 0 0 0.349448 0.0390255 0
0.719 0 0 0 0 0 0 0 0 0 0.349935 0.0390798 0
0.72 0 0 0 0 0 0 0 0 0 0.350422 0.0391342 0
0.721 0 0 0 0 0 0 0 0 0 0.350908 0.0391885 0
0.722 0 0 0 0 0 0 0 0 0 0.351395 0.0392429 0
0.723 0 0 0 0 0 0 0 0 0 0.351882 0.0392972 0
0.724 0 0 0 0 0 0 0 0 0 0.352368 0.0393516 0
0.725 0 0 0 0 0 0 0 0 0 0.352855 0.0394059 0
0.726 0 0 0 0 0 0 0 0 0 0.353342 0.0394603 0
0.727 0 0 0 0 0 0 0 0 0 0.353828 0.0395147 0
0.728 0 0 0 0 0 0 0 0 0 0.354315 0.039569 0
0.729 0 0 0 0 0 0 0 0 0 0.354802 0.0396234 0
0.73 0 0 0 0 0 0 0 0 0 0.355288 0.0396777 0
0.731 0 0 0 0 0 0 0 0 0 0.355775 0.0397321 0
0.732 0 0 0 0 0 0 0 0 0 0.356262 0.0397864 0
0.733 0 0 0 0 0 0 0 0 0 0.356749 0.0398408 0
0.734 0 0 0 0 0 0 0 0 0 0.357235 0.0398951 0
0.735 0 0 0 0 0 0 0 0 0 0.357722 0.0399495 0
0.736 0 0 0 0 0 0 0 0 0 0.358209 0.0400038 0
0.737 0 0 0 0 0 0 0 0 0 0.358695 0.0400582 0
0.738 0 0 0 0 0 0 0 0 0 0.359182 0.0401125 0
0.739 0 0 0 0 0 0 0 0 0 0.359669 0.0401669 0
0.74 0 0 0 0 0 0 0 0 0 0.360155 0.0402212 0
0.741 0 0 0 0 0 0 0 0 0 0.360642 0.0402756 0
0.742 0 0 0 0 0 0 0 0 0 0.361129 0.0403299 0
0.743 0 0 0 0 0 0 0 0 0 0.361616 0.0403843 0
0.744 0 0 0 0 0 0 0 0 0 0.362102 0.0404387 0
0.745 0 0 0 0 0 0 0 0 0 0.362589 0.040493 0
0.746 0 0 0 0 0 0 0 0 0 0.363076 0.0405474 0
0.747 0 0 0 0 0 0 0 0 0 0.363562 0.0406017 0
0.748 0 0 0 0 0 0 0 0 0 0.364049 0.0406561 0
0.749 0 0 0 0 0 0 0 0 0 0.364536 0.0407104 0
0.75 0 0 0 0 0 0 0 0 0 0.365022 0.0407648 0
0.751 0 0 0 0 0 0 0 0 0 0.365509 0.0408191 0
0.752 0 0 0 0 0 0 0 0 0 0.365996 0.0408735 0
0.753 0 0 0 0 0 0 0 0 0 0.366483 0.0409278 0
0.754 0 0 0 0 0 0 0 0 0 0.366969 0.0409822 0
0.755 0 0 0 0 0 0 0 0 0 0.367456 0.0410365 0
0.756 0 0 0 0 0 0 0 0 0 0.367943 0.0410909 0
0.757 0 0 0 0 0 0 0 0 0 0.368429 0.0411452 0
0.758 0 0 0 0 0 0 0 0 0 0.368916 0.0411996 0
0.759 0 0 0 0 0 0 0 0 0 0.369403 0.0412539 0
0.76 0 0 0 0 0 0 0 0 0 0.369889 0.0413083 0
0.761 0 0 0 0 0 0 0 0 0 0.370376 0.0413627 0
0.762 0 0 0 0 0 0 0 0 0 0.370863 0.041417 0
0.763 0 0 0 0 0 0 0 0 0 0.371349 0.0414714 0
0.764 0 0 0 0 0 0 0 0 0 0.371836 0.0415257 0
0.765 0 0 0 0 0 0 0 0 0 0.372323 0.0415801 0
0.766 0 0 0 0 0 0 0 0 0 0.37281 0.0416344 0
0.767 0 0 0 0 0 0 0 0 0 0.373296 0.0416888 0
0.768 0 0 0 0 0 0 0 0 0 0.373783 0.0417431 0
0.769 0 0 0 0 0 0 0 0 0 0.37427 0.0417975 0
0.77 0 0 0 0 0 0 0 0 0 0.374756 0.0418518 0
0.771 0 0 0 0 0 0 0 0 0 0.375243 0.0419062 0
0.772 0 0 0 0 0 0 0 0 0 0.37573 0.0419605 0
0.773 0 0 0 0 0 0 0 0 0 0.376216 0.0420149 0
0.774 0 0 0 0 0 0 0 0 0 0.376703 0.0420692 0
0.775 0 0 0 0 0 0 0 0 0 0.37719 0.0421236 0
0.776 0 0 0 0 0 0 0 0 0 0.377677 0.042178 0
0.777 0 0 0 0 0 0 0 0 0 0.378163 0.0422323 0
0.778 0 0 0 0 0 0 0 0 0 0.37865 0.0422867 0
0.779 0 0 0 0 0 0 0 0 0 0.379137 0.042341 0
0.78 0 0 0 0 0 0 0 0 0 0.379623 0.0423954 0
0.781 0 0 0 0 0 0 0 0 0 0.38011 0.0424497 0
0.782 0 0 0 0 0 0 0 0 0 0.380597 0.0425041 0
0.783 0 0 0 0 0 0 0 0 0 0.381083 0.0425584 0
0.784 0 0 0 0 0 0 0 0 0 0.38157 0.0426128 0
0.785 0 0 0 0 0 0 0 0 0 0.382057 0.0426671 0
0.786 0 0 0 0 0 0 0 0 0 0.382543 0.0427215 0
0.787 0 0 0 0 0 0 0 0 0 0.38303 0.0427758 0
0.788 0 0 0 0 0 0 0 0 0 0.383517 0.0428302 0
0.789 0 0 0 0 0 0 0 0 0 0.384004 0.0428845 0
0.79 0 0 0 0 0 0 0 0 0 0.38449 0.0429389 0
0.791 0 0 0 0 0 0 0 0 0 0.384977 0.0429932 0
0.792 0 0 0 0 0 0 0 0 0 0.385464 0.0430476 0
0.793 0 0 0 0 0 0 0 0 0 0.38595 0.043102 0
0.794 0 0 0 0 0 0 0 0 0 0.386437 0.0431563 0
0.795 0 0 0 0 0 0 0 0 0 0.386924 0.0432107 0
0.796 0 0 0 0 0 0 0 0 0 0.38741 0.043265 0
0.797 0 0 0 0 0 0 0 0 0 0.387897 0.0433194 0
0.798 0 0 0 0 0 0 0 0 0 0.388384 0.0433737 0
0.799 0 0 0 0 0 0 0 0 0 0.388871 0.0434281 0
0.8 0 0 0 0 0 0 0 0 0 0.389357 0.0434824 0
0.801 0 0 0 0 0 0 0 0 0 0.389844 0.0435368 0
0.802 0 0 0 0 0 0 0 0 0 0.390331 0.0435911 0
0.803 0 0 0 0 0 0 0 0 0 0.390817 0.0436455 0
0.804 0 0 0 0 0 0 0 0 0 0.391304 0.0436998 0
0.805 0 0 0 0 0 0 0 0 0 0.391791 0.0437542 0
0.806 0 0 0 0 0 0 0 0 0 0.392277 0.0438085 0
0.807 0 0 0 0 0 0 0 0 0 0.392764 0.0438629 0
0.808 0 0 0 0 0 0 0 0 0 0.393251 0.0439172 0
0.809 0 0 0 0 0 0 0 0 0 0.393738 0.0439716 0
0.81 0 0 0 0 0 0 0 0 0 0.394224 0.044026 0
0.811 0 0 0 0 0 0 0 0 0 0.394711 0.0440803 0
0.812 0 0 0 0 0 0 0 0 0 0.395198 0.0441347 0
0.813 0 0 0 0 0 0 0 0 0 0.395684 0.044189 0
0.814 0 0 0 0 0 0 0 0 0 0.396171 0.0442434 0
0.815 0 0 0 0 0 0 0 0 0 0.396658 0.0442977 0
0.816 0 0 0 0 0 0 0 0 0 0.397144 0.0443521 0
0.817 0 0 0 0 0 0 0 0 0 0.397631 0.0444064 0
0.818 0 0 0 0 0 0 0 0 0 0.398118 0.0444608 0
0.819 0 0 0 0 0 0 0 0 0 0.398604 0.0445151 0
0.82 0 0 0 0 0 0 0 0 0 0.399091 0.0445695 0
0.821 0 0 0 0 0 0 0 0 0 0.399578 0.0446238 0
0.822 0 0 0 0 0 0 0 0 0 0.400065 0.0446782 0
0.823 0 0 0 0 0 0 0 0 0 0.400551 0.0447325 0
0.824 0 0 0 0 0 0 0 0 0 0.401038 0.0447869 0
0.825 0 0 0 0 0 0 0 0 0 0.401525 0.0448412 0
0.826 0 0 0 0 0 0 0 0 0 0.402011 0.0448956 0
0.827 0 0 0 0 0 0 0 0 0 0.402498 0.04495 0
0.828 0 0 0 0 0 0 0 0 0 0.402985 0.0450043 0
0.829 0 0 0 0 0 0 0 0 0 0.403471 0.0450587 0
0.83 0 0 0 0 0 0 0 0 0 0.403958 0.045113 0
0.831 0 0 0 0 0 0 0 0 0 0.404445 0.0451674 0
0.832 0 0 0 0 0 0 0 0 0 0.404932 0.0452217 0
0.833 0 0 0 0 0 0 0 0 0 0.405418 0.0452761 0
0.834 0 0 0 0 0 0 0 0 0 0.405905 0.0453304 0
0.835 0 0 0 0 0 0 0 0 0 0.406392 0.0453848 0
0.836 0 0 0 0 0 0 0 0 0 0.406878 0.0454391 0
0.837 0 0 0 0 0 0 0 0 0 0.407365 0.0454935 0
0.838 0 0 0 0 0 0 0 0 0 0.407852 0.0455478 0
0.839 0 0 0 0 0 0 0 0 0 0.408338 0.0456022 0
0.84 0 0 0 0 0 0 0 0 0 0.408825 0.0456565 0
0.841 0 0 0 0 0 0 0 0 0 0.409312 0.0457109 0
0.842 0 0 0 0 0 0 0 0 0 0.409798 0.0457653 0
0.843 0 0 0 0 0 0 0 0 0 0.410285 0.0458196 0
0.844 0 0 0 0 0 0 0 0 0 0.410772 0.045874 0
0.845 0 0 0 0 0 0 0 0 0 0.411259 0.0459283 0
0.846 0 0 0 0 0 0 0 0 0 0.411745 0.0459827 0
0.847 0 0 0 0 0 0 0 0 0 0.412232 0.046037 0
0.848 0 0 0 0 0 0 0 0 0 0.412719 0.0460914 0
0.849 0 0 0 0 0 0 0 0 0 0.413205 0.0461457 0
0.85 0 0 0 0 0 0 0 0 0 0.413692 0.0462001 0
0.851 0 0 0 0 0 0 0 0 0 0.414179 0.0462544 0
0.852 0 0 0 0 0 0 0 0 0 0.414665 0.0463088 0
0.853 0 0 0 0 0 0 0 0 0 0.415152 0.0463631 0
0.854 0 0 0 0 0 0 0 0 0 0.415639 0.0464175 0
0.855 0 0 0 0 0 0 0 0 0 0.416126 0.0464718 0
0.856 0 0 0 0 0 0 0 0 0 0.416612 0.0465262 0
0.857 0 0 0 0 0 0 0 0 0 0.417099 0.0465805 0
0.858 0 0 0 0 0 0 0 0 0 0.417586 0.0466349 0
0.859 0 0 0 0 0 0 0 0 0 0.418072 0.0466893 0
0.86 0 0 0 0 0 0 0 0 0 0.418559 0.0467436 0
0.861 0 0 0 0 0 0 0 0 0 0.419046 0.046798 0
0.862 0 0 0 0 0 0 0 0 0 0.419532 0.0468523 0
0.863 0 0 0 0 0 0 0 0 0 0.420641 0.0468209 0
0.864 0 0 0 0 0 0 0 0 0 0.422156 0.0467337 0
0.865 0 0 0 0 0 0 0 0 0 0.42367 0.0466465 0
0.866 0 0 0 0 0 0 0 0 0 0.425184 0.0465593 0
0.867 0 0 0 0 0 0 0 0 0 0.426698 0.0464721 0
0.868 0 0 0 0 0 0 0 0 0 0.428212 0.0463849 0
0.869 0 0 0 0 0 0 0 0 0 0.429726 0.0462977 0
0.87 0 0 0 0 0 0 0 0 0 0.43124 0.0462105 0
0.871 0 0 0 0 0 0 0 0 0 0.432754 0.0461233 0
0.872 0 0 0 0 0 0 0 0 0 0.434269 0.0460361 0
0.873 0 0 0 0 0 0 0 0 0 0.435783 0.0459489 0
0.874 0 0 0 0 0 0 0 0 0 0.437297 0.0458616 0
0.875 0 0 0 0 0 0 0 0 0 0.438811 0.0457744 0
0.876 0 0 0 0 0 0 0 0 0 0.440325 0.0456872 0
0.877 0 0 0 0 0 0 0 0 0 0.441839 0.0456 0
0.878 0 0 0 0 0 0 0 0 0 0.443353 0.0455128 0
0.879 0 0 0 0 0 0 0 0 0 0.444867 0.0454256 0
0.88 0 0 0 0 0 0 0 0 0 0.446381 0.0453384 0
0.881 0 0 0 0 0 0 0 0 0 0.447896 0.0452512 0
0.882 0 0 0 0 0 0 0 0 0 0.44941 0.045164 0
0.883 0 0 0 0 0 0 0 0 0 0.450924 0.0450768 0
0.884 0 0 0 0 0 0 0 0 0 0.452438 0.0449896 0
0.885 0 0 0 0 0 0 0 0 0 0.453952 0.0449024 0
0.886 0 0 0 0 0 0 0 0 0 0.455466 0.0448152 0
0.887 0 0 0 0 0 0 0 0 0 0.45698 0.044728 0
0.888 0 0 0 0 0 0 0 0 0 0.458494 0.0446407 0
0.889 0 0 0 0 0 0 0 0 0 0.460009 0.0445535 0
0.89 0 0 0 0 0 0 0 0 0 0.461523 0.0444663 0
0.891 0 0 0 0 0 0 0 0 0 0.46505 0.0447847 0
0.892 0 0 0 0 0 0 0 0 0 0.47464 0.0463248 0
0.893 0 0 0 0 0 0 0 0 0 0.484231 0.047865 0
0.894 0 0 0 0 0 0 0 0 0 0.493822 0.0494051 0
0.895 0 0 0 0 0 0 0 0 0 0.503412 0.0509452 0
0.896 0 0 0 0 0 0 0 0 0 0.513003 0.0524854 0
0.897 0 0 0 0 0 0 0 0 0 0.522594 0.0540255 0
0.898 0 0 0 0 0 0 0 0 0 0.532184 0.0555656 0
0.899 0 0 0 0 0 0 0 0 0 0.541775 0.0571057 0
0.9 0 0 0 0 0 0 0 0 0 0.551366 0.0586459 0
0.901 0 0 0 0 0 0 0 0 0 0.560956 0.060186 0
0.902 0 0 0 0 0 0 0 0 0 0.570547 0.0617261 0
0.903 0 0 0 0 0 0 0 0 0 0.580138 0.0632663 0
0.904 0 0 0 0 0 0 0 0 0 0.589728 0.0648064 0
0.905 0 0 0 0 0 0 0 0 0 0.599319 0.0663465 0
0.906 0 0 0 0 0 0 0 0 0 0.60891 0.0678866 0
0.907 0 0 0 0 0 0 0 0 0 0.6185 0.0694268 0
0.908 0 0 0 0 0 0 0 0 0 0.628091 0.0709669 0
0.909 0 0 0 0 0 0 0 0 0 0.637682 0.072507 0
0.91 0 0 0 0 0 0 0 0 0 0.647272 0.0740472 0
0.911 0 0 0 0 0 0 0 0 0 0.656863 0.0755873 0
0.912 0 0 0 0 0 0 0 0 0 0.666454 0.0771274 0
0.913 0 0 0 0 0 0 0 0 0 0.676044 0.0786675 0
0.914 0 0 0 0 0 0 0 0 0 0.685635 0.0802077 0
0.915 0 0 0 0 0 0 0 0 0 0.695225 0.0817478 0
0.916 0 0 0 0 0 0 0 0 0 0.704816 0.0832879 0
0.917 0 0 0 0 0 0 0 0 0 0.714407 0.0848281 0
0.918 0 0 0 0 0 0 0 0 0 0.723997 0.0863682 0
0.919 0 0 0 0 0 0 0 0 0 0.733588 0.0879083 0
0.92 0 0 0 0 0 0 0 0 0 0.743179 0.0894484 0
0.921 0 0 0 0 0 0 0 0 0 0.752769 0.0909886 0
0.922 0 0 0 0 0 0 0 0 0 0.76236 0.0925287 0
0.923 0 0 0 0 0 0 0 0 0 0.771951 0.0940688 0
0.924 0 0 0 0 0 0 0 0 0 0.781541 0.095609 0
0.925 0 0 0 0 0 0 0 0 0 0.791132 0.0971491 0
0.926 0 0 0 0 0 0 0 0 0 0.800723 0.0986892 0
0.927 0 0 0 0 0 0 0 0 0 0.810313 0.100229 0
0.928 0 0 0 0 0 0 0 0 0 0.819904 0.101769 0
0.929 0 0 0 0 0 0 0 0 0 0.829495 0.10331 0
0.93 0 0 0 0 0 0 0 0 0 0.839085 0.10485 0
0.931 0 0 0 0 0 0 0 0 0 0.848676 0.10639 0
0.932 0 0 0 0 0 0 0 0 0 0.858267 0.10793 0
0.933 0 0 0 0 0 0 0 0 0 0.867857 0.10947 0
0.934 0 0 0 0 0 0 0 0 0 0.877448 0.11101 0
0.935 0 0 0 0 0 0 0 0 0 0.887038 0.11255 0
0.936 0 0 0 0 0 0 0 0 0 0.896629 0.11409 0
0.937 0 0 0 0 0 0 0 0 0 0.90622 0.115631 0
0.938 0 0 0 0 0 0 0 0 0 0.91581 0.117171 0
0.939 0 0 0 0 0 0 0 0 0 0.925401 0.118711 0
0.94 0 0 0 0 0 0 0 0 0 0.934992 0.120251 0
0.941 0 0 0 0 0 0 0 0 0 0.944582 0.121791 0
0.942 0 0 0 0 0 0 0 0 0 0.954173 0.123331 0
0.943 0 0 0 0 0 0 0 0 0 0.963764 0.124871 0
0.944 0 0 0 0 0 0 0 0 0 0.973354 0.126412 0
0.945 0 0 0 0 0 0 0 0 0 0.982945 0.127952 0
0.946 0 0 0 0 0 0 0 0 0 0.992536 0.129492 0
0.947 0 0 0 0 0 0 0 0 0 1.00213 0.131032 0
0.948 0 0 0 0 0 0 0 0 0 1.01172 0.132572 0
0.949 0 0 0 0 0 0 0 0 0 1.02131 0.134112 0
0.95 0 0 0 0 0 0 0 0 0 1.0309 0.135652 0
0.951 0 0 0 0 0 0 0 0 0 1.04049 0.137192 0
0.952 0 0 0 0 0 0 0 0 0 1.05008 0.138733 0
0.953 0 0 0 0 0 0 0 0 0 1.05967 0.140273 0
0.954 0 0 0 0 0 0 0 0 0 1.06926 0.141813 0
0.955 0 0 0 0 0 0 0 0 0 1.07885 0.143353 0
0.956 0 0 0 0 0 0 0 0 0 1.08844 0.144893 0
0.957 0 0 0 0 0 0 0 0 0 1.09803 0.146433 0
0.958 0 0 0 0 0 0 0 0 0 1.10762 0.147973 0
0.959 0 0 0 0 0 0 0 0 0 1.11721 0.149513 0
0.96 0 0 0 0 0 0 0 0 0 1.1268 0.151054 0
0.961 0 0 0 0 0 0 0 0 0 1.1364 0.152594 0
0.962 0 0 0 0 0 0 0 0 0 1.14599 0.154134 0
0.963 0 0 0 0 0 0 0 0 0 1.15558 0.155674 0
0.964 0 0 0 0 0 0 0 0 0 1.16517 0.157214 0
0.965 0 0 0 0 0 0 0 0 0 1.17476 0.158754 0
0.966 0 0 0 0 0 0 0 0 0 1.18435 0.160294 0
0.967 0 0 0 0 0 0 0 0 0 1.19394 0.161834 0
0.968 0 0 0 0 0 0 0 0 0 1.20353 0.163375 0
0.969 0 0 0 0 0 0 0 0 0 1.21312 0.164915 0
0.97 0 0 0 0 0 0 0 0 0 1.22271 0.166455 0
0.971 0 0 0 0 0 0 0 0 0 1.2323 0.167995 0
0.972 0 0 0 0 0 0 0 0 0 1.24189 0.169535 0
0.973 0 0 0 0 0 0 0 0 0 1.25148 0.171075 0
0.974 0 0 0 0 0 0 0 0 0 1.26107 0.172615 0
0.975 0 0 0 0 0 0 0 0 0 1.27066 0.174156 0
0.976 0 0 0 0 0 0 0 0 0 1.28026 0.175696 0
0.977 0 0 0 0 0 0 0 0 0 1.28985 0.177236 0
0.978 0 0 0 0 0 0 0 0 0 1.29944 0.178776 0
0.979 0 0 0 0 0 0 0 0 0 1.30903 0.180316 0
0.98 0 0 0 0 0 0 0 0 0 1.31862 0.181856 0
0.981 0 0 0 0 0 0 0 0 0 1.32821 0.183396 0
0.982 0 0 0 0 0 0 0 0 0 1.3378 0.184936 0
0.983 0 0 0 0 0 0 0 0 0 1.34739 0.186477 0
0.984 0 0 0 0 0 0 0 0 0 1.35698 0.188017 0
0.985 0 0 0 0 0 0 0 0 0 1.36657 0.189557 0
0.986 0 0 0 0 0 0 0 0 0 1.37616 0.191097 0
0.987 0 0 0 0 0 0 0 0 0 1.38575 0.192637 0
0.988 0 0 0 0 0 0 0 0 0 1.39534 0.194177 0
0.989 0 0 0 0 0 0 0 0 0 1.40493 0.195717 0
0.99 0 0 0 0 0 0 0 0 0 1.41452 0.197257 0
0.991 0 0 0 0 0 0 0 0 0 1.42411 0.198798 0
0.992 0 0 0 0 0 0 0 0 0 1.43371 0.200338 0
0.993 0 0 0 0 0 0 0 0 0 1.4433 0.201878 0
0.994 0 0 0 0 0 0 0 0 0 1.45289 0.203418 0
0.995 0 0 0 0 0 0 0 0 0 1.46248 0.204958 0
0.996 0 0 0 0 0 0 0 0 0 1.47207 0.206498 0
0.997 0 0 0 0 0 0 0 0 0 1.48166 0.208038 0
0.998 0 0 0 0 0 0 0 0 0 1.49125 0.209578 0
0.999 0 0 0 0 0 0 0 0 0 1.50084 0.211119 0
1 0 0 0 0 0 0 0 0 0 1.51043 0.212659 0
