0 0 0 0 -0.000886293 -0.0188566 5.01507e-07 -0.000570221 -0.0238177 -1.214e-05 0 0 0 -0.000144417 -0.0312681 -1.4392e-06 5.29998e-05 -0.0394167 -6.1826e-06 0 0 0 0.000144417 -0.0312681 1.4392e-06 -5.29998e-05 -0.0394167 6.1826e-06 0 0 0 0.000886293 -0.0188566 -5.01507e-07 0.000570221 -0.0238177 1.214e-05
0.1 0 0 0 0.0027323 -0.0188495 -2.61745e-05 0.00689386 -0.0238077 -3.63689e-05 0 0 0 0.002921 -0.0312679 -2.53897e-05 0.00681788 -0.0394133 -2.80321e-05 0 0 0 0.003334 -0.0312755 -2.28121e-05 0.00674186 -0.039427 -1.31146e-05 0 0 0 0.00439052 -0.0188744 -2.56095e-05 0.0076307 -0.0238408 -8.40814e-06
0.2 0 0 0 0.00585752 -0.0188361 -4.87031e-05 0.0133012 -0.0237886 -5.43994e-05 0 0 0 0.00575133 -0.0312739 -4.64046e-05 0.0129284 -0.0394202 -4.65331e-05 0 0 0 0.0063473 -0.031282 -4.4446e-05 0.0129507 -0.039435 -3.0875e-05 0 0 0 0.00767705 -0.0188906 -4.85603e-05 0.0140841 -0.0238618 -2.64372e-05
0.3 0 0 0 0.00861206 -0.0188192 -6.98637e-05 0.0191891 -0.0237635 -6.98278e-05 0 0 0 0.00857894 -0.0312835 -6.64662e-05 0.0186838 -0.0394338 -6.09301e-05 0 0 0 0.00929069 -0.0312881 -6.46583e-05 0.0188023 -0.039442 -4.70014e-05 0 0 0 0.0108578 -0.018906 -7.0151e-05 0.0201628 -0.0238814 -4.27073e-05
0.4 0 0 0 0.0113838 -0.0188044 -9.14528e-05 0.0252688 -0.0237417 -8.78729e-05 0 0 0 0.0114683 -0.0312911 -8.73505e-05 0.0246861 -0.0394439 -7.72205e-05 0 0 0 0.0123305 -0.0312945 -8.58229e-05 0.0249137 -0.0394495 -6.40782e-05 0 0 0 0.0141521 -0.018922 -9.27142e-05 0.0265127 -0.0239021 -5.99386e-05
0.5 0 0 0 0.0141616 -0.0187902 -0.000113121 0.0314004 -0.0237211 -0.000106733 0 0 0 0.0143786 -0.0312981 -0.000108498 0.0307722 -0.039453 -9.41657e-05 0 0 0 0.0154004 -0.031301 -0.000107313 0.031114 -0.0394572 -8.15066e-05 0 0 0 0.017483 -0.0189384 -0.000115611 0.0329555 -0.0239231 -7.75187e-05
0.6 0 0 0 0.0169435 -0.0187763 -0.00013481 0.0375472 -0.0237009 -0.000125809 0 0 0 0.0172959 -0.0313049 -0.000129731 0.0368901 -0.0394616 -0.0001114 0 0 0 0.0184809 -0.0313076 -0.000128926 0.0373473 -0.039465 -9.90634e-05 0 0 0 0.0208269 -0.0189549 -0.000138631 0.0394327 -0.0239443 -9.52318e-05
0.7 0 0 0 0.0197278 -0.0187625 -0.00015651 0.0436999 -0.0236809 -0.000144945 0 0 0 0.0202163 -0.0313116 -0.000151 0.0430218 -0.0394701 -0.000128768 0 0 0 0.0215661 -0.0313143 -0.000150593 0.0435949 -0.0394729 -0.000116675 0 0 0 0.0241766 -0.0189716 -0.000161705 0.0459248 -0.0239656 -0.000113003
0.8 0 0 0 0.0225142 -0.0187489 -0.00017821 0.0498578 -0.0236611 -0.00016418 0 0 0 0.0231399 -0.0313183 -0.000172311 0.0491674 -0.0394784 -0.000146239 0 0 0 0.024656 -0.031321 -0.000172312 0.0498567 -0.0394809 -0.000134342 0 0 0 0.0275321 -0.0189883 -0.00018483 0.0524318 -0.0239871 -0.000130829
0.9 0 0 0 0.0253015 -0.0187353 -0.000199915 0.0560173 -0.0236414 -0.00018342 0 0 0 0.0260644 -0.031325 -0.000193627 0.0553145 -0.0394869 -0.000163714 0 0 0 0.0277468 -0.0313278 -0.000194036 0.05612 -0.0394889 -0.000152012 0 0 0 0.0308884 -0.019005 -0.000207961 0.0589402 -0.0240086 -0.00014866
1 0 0 0 0.0280903 -0.0187217 -0.000221628 0.0621794 -0.0236217 -0.000202667 0 0 0 0.0289906 -0.0313317 -0.000214957 0.0614677 -0.0394953 -0.000181248 0 0 0 0.0308398 -0.0313347 -0.000215783 0.0623896 -0.039497 -0.000169705 0 0 0 0.0342474 -0.0190219 -0.000231114 0.0654551 -0.0240301 -0.000166514
1.1 0 0 0 0.0308801 -0.0187082 -0.000243348 0.0683433 -0.0236022 -0.000221919 0 0 0 0.0319178 -0.0313385 -0.000236295 0.0676238 -0.0395037 -0.000198804 0 0 0 0.0339342 -0.0313416 -0.00023754 0.0686622 -0.0395052 -0.000187408 0 0 0 0.0376078 -0.0190388 -0.000254278 0.0719732 -0.0240518 -0.000184378
1.2 0 0 0 0.0336708 -0.0186947 -0.000265073 0.0745088 -0.0235826 -0.000241176 0 0 0 0.0348459 -0.0313453 -0.000257637 0.0737814 -0.0395122 -0.000216363 0 0 0 0.0370293 -0.0313486 -0.000259303 0.0749363 -0.0395134 -0.000205113 0 0 0 0.0409691 -0.0190558 -0.000277446 0.0784927 -0.0240735 -0.000202246
1.3 0 0 0 0.0364623 -0.0186813 -0.000286804 0.0806759 -0.0235631 -0.000260437 0 0 0 0.0377748 -0.0313521 -0.000278985 0.0799406 -0.0395207 -0.000233926 0 0 0 0.0401254 -0.0313556 -0.00028107 0.0812119 -0.0395217 -0.000222822 0 0 0 0.0443313 -0.0190728 -0.000300619 0.0850138 -0.0240953 -0.000220117
1.4 0 0 0 0.0392548 -0.0186679 -0.000308539 0.0868446 -0.0235436 -0.000279705 0 0 0 0.0407047 -0.031359 -0.000300339 0.0861016 -0.0395293 -0.000251494 0 0 0 0.0432224 -0.0313627 -0.000302844 0.0874893 -0.0395301 -0.000240536 0 0 0 0.0476945 -0.0190899 -0.000323799 0.0915368 -0.0241171 -0.000237993
1.5 0 0 0 0.0420482 -0.0186545 -0.000330275 0.0930153 -0.0235242 -0.000299008 0 0 0 0.043636 -0.0313659 -0.00032171 0.0922671 -0.0395379 -0.000269081 0 0 0 0.0463212 -0.0313699 -0.000324633 0.0937712 -0.0395385 -0.000258265 0 0 0 0.0510597 -0.019107 -0.000346993 0.0980643 -0.024139 -0.000255885
1.6 0 0 0 0.0448426 -0.0186412 -0.000352016 0.0991876 -0.0235049 -0.000318314 0 0 0 0.0465681 -0.0313729 -0.000343086 0.0984341 -0.0395466 -0.000286672 0 0 0 0.0494209 -0.0313771 -0.000346427 0.100055 -0.039547 -0.000275997 0 0 0 0.0544259 -0.0191242 -0.000370193 0.104593 -0.024161 -0.00027378
1.7 0 0 0 0.0476378 -0.0186279 -0.000373762 0.105361 -0.0234855 -0.000337625 0 0 0 0.0495012 -0.03138 -0.000364466 0.104603 -0.0395553 -0.000304266 0 0 0 0.0525215 -0.0313843 -0.000368226 0.10634 -0.0395556 -0.000293733 0 0 0 0.0577929 -0.0191415 -0.000393397 0.111124 -0.024183 -0.000291678
1.8 0 0 0 0.050434 -0.0186146 -0.000395514 0.111537 -0.0234662 -0.00035694 0 0 0 0.0524351 -0.031387 -0.000385851 0.110773 -0.0395641 -0.000321865 0 0 0 0.055623 -0.0313917 -0.000390032 0.112627 -0.0395642 -0.000311476 0 0 0 0.061161 -0.0191589 -0.000416609 0.117657 -0.0242052 -0.000309584
1.9 0 0 0 0.053231 -0.0186014 -0.000417271 0.117714 -0.023447 -0.000376259 0 0 0 0.0553699 -0.0313942 -0.000407242 0.116944 -0.039573 -0.000339468 0 0 0 0.0587255 -0.031399 -0.000411844 0.118915 -0.0395728 -0.000329222 0 0 0 0.06453 -0.0191762 -0.000439826 0.124191 -0.0242273 -0.000327493
2 0 0 0 0.0560287 -0.0185881 -0.000439036 0.123893 -0.0234277 -0.000395584 0 0 0 0.0583057 -0.0314013 -0.000428638 0.123118 -0.0395819 -0.000357075 0 0 0 0.0618289 -0.0314065 -0.000433661 0.125206 -0.0395816 -0.000346972 0 0 0 0.0679 -0.0191937 -0.000463048 0.130727 -0.0242496 -0.000345405
2.1 0 0 0 0.0588271 -0.018575 -0.000460807 0.130073 -0.0234085 -0.000414917 0 0 0 0.0612426 -0.0314086 -0.000450039 0.129293 -0.0395909 -0.000374684 0 0 0 0.0649333 -0.0314139 -0.000455483 0.131498 -0.0395904 -0.000364725 0 0 0 0.071271 -0.0192112 -0.000486275 0.137265 -0.0242719 -0.000363321
2.2 0 0 0 0.0616263 -0.0185618 -0.000482584 0.136255 -0.0233894 -0.000434254 0 0 0 0.0641803 -0.0314158 -0.000471446 0.135469 -0.0395999 -0.000392298 0 0 0 0.0680387 -0.0314215 -0.00047731 0.137791 -0.0395992 -0.000382482 0 0 0 0.0746429 -0.0192288 -0.000509507 0.143804 -0.0242942 -0.000381241
2.3 0 0 0 0.0644265 -0.0185487 -0.000504368 0.14244 -0.0233701 -0.000453555 0 0 0 0.067119 -0.0314232 -0.00049286 0.141648 -0.039609 -0.000409919 0 0 0 0.0711451 -0.0314291 -0.000499145 0.144087 -0.0396082 -0.000400246 0 0 0 0.0780161 -0.0192464 -0.000532747 0.150346 -0.0243167 -0.000399168
2.4 0 0 0 0.067228 -0.0185356 -0.00052616 0.148628 -0.0233504 -0.000472793 0 0 0 0.0700592 -0.0314305 -0.000514285 0.147831 -0.0396181 -0.000427567 0 0 0 0.0742533 -0.0314367 -0.000520996 0.150388 -0.0396171 -0.000418029 0 0 0 0.0813913 -0.0192641 -0.000556004 0.156893 -0.0243392 -0.000417112
2.5 0 0 0 0.0700307 -0.0185226 -0.000547961 0.154819 -0.0233305 -0.000491956 0 0 0 0.0730007 -0.0314379 -0.00053572 0.154017 -0.0396272 -0.000445237 0 0 0 0.0773631 -0.0314445 -0.00054286 0.156692 -0.0396262 -0.000435824 0 0 0 0.0847682 -0.0192819 -0.000579274 0.163443 -0.0243618 -0.000435067
2.6 0 0 0 0.0728412 -0.0185096 -0.000569815 0.161026 -0.0233103 -0.000511129 0 0 0 0.0759511 -0.0314454 -0.00055721 0.160218 -0.0396364 -0.000462937 0 0 0 0.0804836 -0.0314523 -0.000564785 0.163011 -0.0396353 -0.000453629 0 0 0 0.0881586 -0.0192983 -0.000602524 0.170009 -0.024383 -0.000453044
2.7 0 0 0 0.0756551 -0.0184966 -0.000591691 0.167238 -0.0232902 -0.000530318 0 0 0 0.0789054 -0.0314529 -0.000578724 0.166426 -0.0396457 -0.000480649 0 0 0 0.0836086 -0.0314601 -0.000586736 0.169337 -0.0396446 -0.000471439 0 0 0 0.0915546 -0.0193142 -0.000625771 0.176581 -0.0244037 -0.000471029
2.8 0 0 0 0.0784757 -0.0184837 -0.00061362 0.173469 -0.0232682 -0.000549235 0 0 0 0.0818681 -0.0314604 -0.000600297 0.17265 -0.0396549 -0.000498419 0 0 0 0.086744 -0.0314681 -0.000608754 0.17568 -0.0396539 -0.000489277 0 0 0 0.0949633 -0.019329 -0.000649024 0.18317 -0.0244233 -0.00048905
2.9 0 0 0 0.0812993 -0.0184709 -0.000635567 0.179708 -0.0232458 -0.000568098 0 0 0 0.0848343 -0.031468 -0.000621894 0.178882 -0.0396643 -0.000516208 0 0 0 0.0898835 -0.0314762 -0.000630798 0.18203 -0.0396633 -0.000507125 0 0 0 0.0983771 -0.0193433 -0.000672279 0.189766 -0.0244425 -0.000507084
3 0 0 0 0.0841236 -0.018458 -0.000657494 0.18595 -0.0232231 -0.000586966 0 0 0 0.0878014 -0.0314756 -0.000643504 0.185116 -0.0396736 -0.000534001 0 0 0 0.0930242 -0.0314843 -0.000652854 0.188383 -0.0396727 -0.000524989 0 0 0 0.101792 -0.0193577 -0.000695544 0.196365 -0.0244616 -0.000525105
3.1 0 0 0 0.0869501 -0.0184452 -0.00067943 0.192199 -0.0232003 -0.000605862 0 0 0 0.0907712 -0.0314833 -0.000665137 0.191358 -0.0396825 -0.000551753 0 0 0 0.0961681 -0.0314924 -0.000674933 0.194743 -0.0396823 -0.000542875 0 0 0 0.105211 -0.0193719 -0.000718818 0.202971 -0.0244803 -0.000543105
3.2 0 0 0 0.089803 -0.0184325 -0.000701523 0.198505 -0.0231749 -0.000624577 0 0 0 0.0937718 -0.0314911 -0.000686973 0.197656 -0.0396914 -0.000569619 0 0 0 0.0993501 -0.0315008 -0.000697242 0.20116 -0.039692 -0.000560815 0 0 0 0.108679 -0.0193797 -0.000742032 0.209634 -0.0244925 -0.000561166
3.3 0 0 0 0.0926662 -0.0184186 -0.000723593 0.204828 -0.0231471 -0.000643185 0 0 0 0.0967811 -0.0314989 -0.000708856 0.203969 -0.0396999 -0.000587457 0 0 0 0.102541 -0.0315092 -0.000719603 0.207592 -0.0397018 -0.000578795 0 0 0 0.112156 -0.0193872 -0.00076529 0.216312 -0.0245044 -0.000579223
3.4 0 0 0 0.095533 -0.0184044 -0.000745661 0.211156 -0.0231191 -0.00066181 0 0 0 0.0997934 -0.0315068 -0.000730758 0.210288 -0.0397085 -0.000605307 0 0 0 0.105734 -0.0315177 -0.000741981 0.214029 -0.0397114 -0.000596747 0 0 0 0.115636 -0.0193949 -0.000788563 0.222996 -0.0245161 -0.000597268
3.5 0 0 0 0.098404 -0.0183896 -0.000767703 0.217491 -0.0230903 -0.000680448 0 0 0 0.102809 -0.0315147 -0.00075268 0.216613 -0.0397171 -0.000623173 0 0 0 0.108932 -0.0315263 -0.000764377 0.220473 -0.039721 -0.000614683 0 0 0 0.119119 -0.0194025 -0.000811856 0.229686 -0.0245279 -0.00061533
3.6 0 0 0 0.10128 -0.018374 -0.000789608 0.223842 -0.023059 -0.000699113 0 0 0 0.10583 -0.0315227 -0.000774659 0.222954 -0.0397249 -0.000640987 0 0 0 0.112135 -0.031535 -0.000786827 0.226933 -0.0397304 -0.000632663 0 0 0 0.122609 -0.0194103 -0.000835205 0.236391 -0.0245398 -0.000633448
3.7 0 0 0 0.104162 -0.0183585 -0.000811578 0.230219 -0.0230238 -0.000717399 0 0 0 0.108858 -0.0315307 -0.000796704 0.229318 -0.0397315 -0.000658745 0 0 0 0.115347 -0.0315437 -0.00080935 0.233413 -0.0397396 -0.000650649 0 0 0 0.126111 -0.0194173 -0.000858598 0.243118 -0.0245509 -0.000651633
3.8 0 0 0 0.107072 -0.018343 -0.000833734 0.236648 -0.022988 -0.000735758 0 0 0 0.111918 -0.0315388 -0.000818946 0.235734 -0.0397383 -0.000676615 0 0 0 0.118597 -0.0315526 -0.000832093 0.239948 -0.039749 -0.000668692 0 0 0 0.12966 -0.0194164 -0.000881905 0.249899 -0.0245528 -0.000669643
3.9 0 0 0 0.109987 -0.0183268 -0.000855879 0.243084 -0.0229516 -0.000754132 0 0 0 0.114982 -0.031547 -0.000841209 0.242158 -0.0397451 -0.000694495 0 0 0 0.121852 -0.0315616 -0.00085486 0.24649 -0.0397585 -0.000686747 0 0 0 0.133214 -0.0194154 -0.000905227 0.256686 -0.0245543 -0.000687631
4 0 0 0 0.112931 -0.0183056 -0.000877883 0.249548 -0.0229101 -0.000772561 0 0 0 0.118069 -0.0315553 -0.000863565 0.248611 -0.039752 -0.000712395 0 0 0 0.125127 -0.0315705 -0.000877712 0.253062 -0.0397678 -0.000704844 0 0 0 0.13679 -0.0194144 -0.00092865 0.263504 -0.0245558 -0.00070566
4.1 0 0 0 0.115884 -0.0182843 -0.000899838 0.256041 -0.0228666 -0.000791042 0 0 0 0.121167 -0.0315637 -0.000886028 0.255092 -0.0397587 -0.000730358 0 0 0 0.128417 -0.0315784 -0.000900607 0.259662 -0.0397746 -0.000722812 0 0 0 0.140379 -0.0194133 -0.000952163 0.270349 -0.0245572 -0.000723775
4.2 0 0 0 0.118852 -0.0182629 -0.000921875 0.262572 -0.0228218 -0.000809598 0 0 0 0.124281 -0.0315721 -0.000908616 0.261611 -0.0397633 -0.000748179 0 0 0 0.131726 -0.0315859 -0.000923616 0.266298 -0.0397809 -0.000740861 0 0 0 0.143993 -0.019409 -0.000975803 0.277232 -0.0245555 -0.000741955
4.3 0 0 0 0.121825 -0.0182417 -0.000943973 0.269122 -0.0227711 -0.000827571 0 0 0 0.127402 -0.0315806 -0.000931253 0.268145 -0.0397679 -0.000766076 0 0 0 0.135044 -0.0315932 -0.000946666 0.27295 -0.039787 -0.000758955 0 0 0 0.147615 -0.0194048 -0.000999498 0.284131 -0.0245537 -0.000760177
4.4 0 0 0 0.124816 -0.0182204 -0.000966189 0.275702 -0.0227199 -0.000845544 0 0 0 0.130543 -0.0315883 -0.000953962 0.274709 -0.0397718 -0.000784024 0 0 0 0.138383 -0.0315993 -0.000969778 0.279633 -0.0397919 -0.000777102 0 0 0 0.151261 -0.0193992 -0.0010233 0.291063 -0.0245505 -0.000778404
4.5 0 0 0 0.127831 -0.018199 -0.000988562 0.282326 -0.0226685 -0.000863594 0 0 0 0.133712 -0.0315956 -0.000976808 0.281318 -0.0397752 -0.000802064 0 0 0 0.141753 -0.0316057 -0.000993064 0.286362 -0.0397971 -0.00079531 0 0 0 0.154943 -0.0193872 -0.00104705 0.298038 -0.0245387 -0.000796381
4.6 0 0 0 0.130882 -0.0181741 -0.001011 0.289001 -0.0226121 -0.000881605 0 0 0 0.136914 -0.0316026 -0.000999804 0.287979 -0.0397782 -0.000820194 0 0 0 0.14516 -0.0316122 -0.00101655 0.293145 -0.0398024 -0.000813583 0 0 0 0.158669 -0.0193693 -0.00107089 0.305068 -0.0245211 -0.000814424
4.7 0 0 0 0.133971 -0.0181427 -0.00103333 0.295735 -0.022547 -0.000899703 0 0 0 0.140151 -0.0316091 -0.00102296 0.2947 -0.0397805 -0.000838468 0 0 0 0.148601 -0.0316183 -0.00104021 0.299988 -0.0398057 -0.000831789 0 0 0 0.162431 -0.0193502 -0.00109493 0.312159 -0.0245023 -0.000832601
4.8 0 0 0 0.1371 -0.0181103 -0.00105584 0.302548 -0.0224794 -0.000917986 0 0 0 0.143433 -0.031615 -0.00104637 0.301499 -0.0397792 -0.000856588 0 0 0 0.152095 -0.0316195 -0.00106396 0.306908 -0.0398035 -0.000850121 0 0 0 0.166246 -0.0193307 -0.00111925 0.319329 -0.0244822 -0.000850782
4.9 0 0 0 0.140235 -0.018077 -0.00107839 0.309371 -0.022411 -0.000936286 0 0 0 0.146722 -0.031621 -0.0010698 0.308308 -0.0397779 -0.000874716 0 0 0 0.155595 -0.0316203 -0.00108774 0.313838 -0.039801 -0.000868471 0 0 0 0.170068 -0.0193112 -0.00114361 0.326508 -0.024462 -0.000868956
5 0 0 0 0.143373 -0.0180433 -0.00110095 0.316199 -0.0223421 -0.000954605 0 0 0 0.150012 -0.0316271 -0.00109323 0.315123 -0.0397764 -0.000892854 0 0 0 0.159098 -0.0316213 -0.00111153 0.320774 -0.0397986 -0.000886843 0 0 0 0.173892 -0.0192917 -0.001168 0.333693 -0.0244416 -0.000887109
5.1 0 0 0 0.146525 -0.0180083 -0.00112364 0.323057 -0.0222641 -0.00097225 0 0 0 0.153317 -0.0316323 -0.0011167 0.321963 -0.039774 -0.000911089 0 0 0 0.162614 -0.0316223 -0.0011354 0.327735 -0.0397963 -0.000905272 0 0 0 0.177732 -0.0192722 -0.00119248 0.340905 -0.024421 -0.0009053
5.2 0 0 0 0.149716 -0.0179711 -0.00114659 0.32997 -0.0221802 -0.000989566 0 0 0 0.156663 -0.0316331 -0.00114019 0.328856 -0.0397672 -0.000929442 0 0 0 0.166168 -0.0316234 -0.00115947 0.334752 -0.039794 -0.000923793 0 0 0 0.18161 -0.0192525 -0.00121715 0.348173 -0.0243991 -0.000923445
5.3 0 0 0 0.152919 -0.0179339 -0.00116963 0.336908 -0.0220961 -0.00100695 0 0 0 0.160022 -0.0316338 -0.00116376 0.335775 -0.0397601 -0.000947864 0 0 0 0.169737 -0.0316246 -0.00118362 0.341797 -0.0397919 -0.000942398 0 0 0 0.185505 -0.0192292 -0.00124191 0.355467 -0.0243707 -0.000941228
5.4 0 0 0 0.156159 -0.0178937 -0.00119276 0.343914 -0.0220082 -0.00102449 0 0 0 0.163421 -0.0316344 -0.00118757 0.342765 -0.0397531 -0.000966459 0 0 0 0.173349 -0.0316252 -0.001208 0.348914 -0.0397877 -0.000960975 0 0 0 0.189451 -0.0191961 -0.00126693 0.362835 -0.0243323 -0.000959097
5.5 0 0 0 0.159465 -0.0178473 -0.00121588 0.351033 -0.0219101 -0.00104226 0 0 0 0.166885 -0.0316352 -0.00121176 0.349867 -0.0397433 -0.000985031 0 0 0 0.177036 -0.0316198 -0.00123258 0.356143 -0.0397763 -0.000979677 0 0 0 0.193477 -0.0191587 -0.00129226 0.370317 -0.0242896 -0.000977142
5.6 0 0 0 0.162791 -0.0178006 -0.00123913 0.358194 -0.0218117 -0.00106017 0 0 0 0.170372 -0.031636 -0.00123605 0.357012 -0.0397306 -0.00100347 0 0 0 0.180751 -0.0316139 -0.00125732 0.363415 -0.0397645 -0.00099844 0 0 0 0.197537 -0.0191148 -0.00131757 0.377842 -0.0242404 -0.000995257
5.7 0 0 0 0.166118 -0.017754 -0.0012624 0.365359 -0.0217133 -0.0010781 0 0 0 0.17386 -0.0316368 -0.00126036 0.364161 -0.0397175 -0.00102187 0 0 0 0.184467 -0.0316082 -0.00128206 0.370689 -0.0397527 -0.00101721 0 0 0 0.201598 -0.019071 -0.00134288 0.38537 -0.0241912 -0.00101338
5.8 0 0 0 0.169459 -0.0177027 -0.00128574 0.372544 -0.0216103 -0.00109606 0 0 0 0.177361 -0.0316378 -0.00128474 0.37133 -0.0397045 -0.0010403 0 0 0 0.188196 -0.0316024 -0.00130687 0.377984 -0.039741 -0.00103602 0 0 0 0.205673 -0.0190271 -0.00136827 0.392919 -0.024142 -0.00103154
5.9 0 0 0 0.17286 -0.0176433 -0.00130945 0.379814 -0.0214941 -0.00111365 0 0 0 0.180922 -0.0316336 -0.00130924 0.378582 -0.0396852 -0.00105881 0 0 0 0.191981 -0.0315966 -0.00133197 0.385362 -0.0397282 -0.00105486 0 0 0 0.209804 -0.0189824 -0.00139393 0.400554 -0.0240919 -0.00104983
6 0 0 0 0.176277 -0.0175834 -0.00133331 0.387114 -0.0213742 -0.001131 0 0 0 0.184501 -0.0316277 -0.00133378 0.385862 -0.0396641 -0.00107736 0 0 0 0.195783 -0.0315909 -0.00135717 0.39277 -0.0397155 -0.00107376 0 0 0 0.213956 -0.0189375 -0.00141978 0.408213 -0.0240369 -0.00106759
6.1 0 0 0 0.1797 -0.0175234 -0.00135721 0.394423 -0.0212542 -0.00114838 0 0 0 0.188085 -0.0316219 -0.00135835 0.393151 -0.0396429 -0.00109594 0 0 0 0.199591 -0.0315845 -0.0013824 0.400187 -0.0397016 -0.00109263 0 0 0 0.218114 -0.0188927 -0.00144566 0.415883 -0.0239816 -0.00108534
6.2 0 0 0 0.183138 -0.0174632 -0.0013812 0.401761 -0.0211339 -0.00116582 0 0 0 0.191687 -0.0316161 -0.00138302 0.40047 -0.0396218 -0.00111458 0 0 0 0.203419 -0.0315751 -0.00140773 0.407635 -0.0396848 -0.00111156 0 0 0 0.222292 -0.0188476 -0.00147164 0.423583 -0.0239252 -0.00110305
6.3 0 0 0 0.186612 -0.0174025 -0.00140542 0.409165 -0.0210127 -0.0011834 0 0 0 0.195329 -0.0316104 -0.00140793 0.407857 -0.0396005 -0.00113334 0 0 0 0.207295 -0.031559 -0.00143311 0.415152 -0.0396582 -0.00113037 0 0 0 0.226516 -0.0188018 -0.00149782 0.43135 -0.0238654 -0.00112059
6.4 0 0 0 0.190099 -0.0173417 -0.00142974 0.416602 -0.0208893 -0.00120096 0 0 0 0.198985 -0.0316047 -0.00143286 0.415277 -0.0395778 -0.00115217 0 0 0 0.211187 -0.0315404 -0.00145858 0.422701 -0.039628 -0.00114917 0 0 0 0.230758 -0.0187558 -0.00152411 0.43915 -0.0238054 -0.00113821
6.5 0 0 0 0.19361 -0.0172784 -0.00145398 0.424094 -0.0207559 -0.00121843 0 0 0 0.202668 -0.0315959 -0.00145801 0.422749 -0.0395489 -0.00117087 0 0 0 0.215107 -0.0315217 -0.0014842 0.430301 -0.0395976 -0.0011681 0 0 0 0.235029 -0.0187096 -0.00155058 0.447003 -0.0237451 -0.00115594
6.6 0 0 0 0.197171 -0.0172086 -0.00147828 0.431667 -0.0206154 -0.00123617 0 0 0 0.206399 -0.0315864 -0.00148346 0.430304 -0.0395137 -0.00118927 0 0 0 0.219078 -0.0315014 -0.00151009 0.437984 -0.0395654 -0.0011872 0 0 0 0.239358 -0.0186553 -0.00157735 0.45494 -0.0236765 -0.00117377
6.7 0 0 0 0.200769 -0.0171381 -0.0015028 0.439308 -0.020474 -0.00125405 0 0 0 0.210171 -0.0315748 -0.00150912 0.437927 -0.0394762 -0.00120781 0 0 0 0.223094 -0.0314785 -0.00153621 0.445738 -0.0395306 -0.00120641 0 0 0 0.243738 -0.0185926 -0.00160439 0.462953 -0.0235994 -0.00119166
6.8 0 0 0 0.204406 -0.017067 -0.00152762 0.447006 -0.0203253 -0.00127145 0 0 0 0.213986 -0.0315566 -0.00153478 0.445605 -0.039432 -0.00122648 0 0 0 0.227149 -0.0314554 -0.00156251 0.453548 -0.0394955 -0.00122571 0 0 0 0.248157 -0.0185293 -0.00163162 0.471022 -0.0235217 -0.00120962
6.9 0 0 0 0.208049 -0.0169961 -0.00155252 0.454713 -0.0201727 -0.00128857 0 0 0 0.217806 -0.0315381 -0.00156046 0.453291 -0.0393875 -0.00124518 0 0 0 0.231208 -0.0314323 -0.00158883 0.461367 -0.0394604 -0.00124502 0 0 0 0.252581 -0.018466 -0.00165887 0.4791 -0.0234438 -0.0012276
7 0 0 0 0.211728 -0.0169176 -0.00157764 0.462482 -0.0200122 -0.00130579 0 0 0 0.221663 -0.0315162 -0.00158632 0.46104 -0.0393397 -0.00126402 0 0 0 0.235305 -0.0314092 -0.00161541 0.469248 -0.0394217 -0.00126414 0 0 0 0.257045 -0.018402 -0.00168635 0.487239 -0.0233639 -0.00124556
7.1 0 0 0 0.215434 -0.0168313 -0.00160293 0.470295 -0.0198439 -0.00132308 0 0 0 0.225547 -0.0314939 -0.00161233 0.468833 -0.0392913 -0.00128295 0 0 0 0.239429 -0.031386 -0.00164215 0.477174 -0.0393814 -0.00128321 0 0 0 0.26154 -0.0183367 -0.00171404 0.495419 -0.0232771 -0.00126304
7.2 0 0 0 0.219158 -0.0167446 -0.00162831 0.478137 -0.019675 -0.00134041 0 0 0 0.22945 -0.0314715 -0.00163844 0.476656 -0.0392429 -0.00130193 0 0 0 0.243577 -0.0313628 -0.00166901 0.48513 -0.039341 -0.00130229 0 0 0 0.266063 -0.0182638 -0.00174166 0.503629 -0.0231826 -0.00128055
7.3 0 0 0 0.222931 -0.0166568 -0.00165398 0.486071 -0.0195041 -0.00135795 0 0 0 0.233408 -0.0314489 -0.00166485 0.484573 -0.0391933 -0.00132106 0 0 0 0.247788 -0.0313272 -0.00169613 0.493182 -0.0392881 -0.00132152 0 0 0 0.270652 -0.0181893 -0.0017696 0.511937 -0.0230865 -0.0012982
7.4 0 0 0 0.226745 -0.0165682 -0.00167989 0.49408 -0.0193317 -0.00137565 0 0 0 0.237411 -0.031426 -0.00169147 0.492566 -0.0391418 -0.00134026 0 0 0 0.252053 -0.0312816 -0.00172339 0.501313 -0.0392249 -0.00134087 0 0 0 0.275295 -0.0181139 -0.00179781 0.520325 -0.0229892 -0.00131596
7.5 0 0 0 0.230568 -0.0164795 -0.00170588 0.502116 -0.0191593 -0.0013935 0 0 0 0.241425 -0.0314033 -0.00171827 0.500586 -0.0390842 -0.00135905 0 0 0 0.256331 -0.0312355 -0.0017507 0.509466 -0.0391586 -0.00136011 0 0 0 0.27995 -0.0180383 -0.00182608 0.528735 -0.0228918 -0.00133378
7.6 0 0 0 0.234397 -0.0163906 -0.00173189 0.510163 -0.0189864 -0.00141138 0 0 0 0.245446 -0.0313794 -0.0017451 0.508616 -0.0390254 -0.00137786 0 0 0 0.260614 -0.0311894 -0.00177805 0.517629 -0.0390922 -0.00137938 0 0 0 0.284611 -0.0179627 -0.00185439 0.537156 -0.0227943 -0.00135161
7.7 0 0 0 0.238277 -0.0163007 -0.00175819 0.518295 -0.018812 -0.00142938 0 0 0 0.249524 -0.0313436 -0.0017722 0.516733 -0.0389544 -0.0013968 0 0 0 0.264952 -0.0311428 -0.00180567 0.525882 -0.0390252 -0.00139882 0 0 0 0.289329 -0.0178861 -0.00188298 0.545667 -0.0226922 -0.0013693
7.8 0 0 0 0.242165 -0.0162107 -0.00178453 0.526443 -0.0186371 -0.00144742 0 0 0 0.25361 -0.031306 -0.00179934 0.524867 -0.0388818 -0.00141579 0 0 0 0.269297 -0.0310961 -0.0018333 0.534153 -0.0389573 -0.0014183 0 0 0 0.294055 -0.0178095 -0.00191163 0.554197 -0.0225897 -0.00138702
7.9 0 0 0 0.246087 -0.0161201 -0.00181114 0.534644 -0.0184516 -0.00146492 0 0 0 0.257733 -0.031262 -0.00182648 0.533051 -0.0388025 -0.00143491 0 0 0 0.273677 -0.0310491 -0.00186108 0.542475 -0.038889 -0.00143785 0 0 0 0.298817 -0.0177323 -0.00194045 0.562778 -0.0224866 -0.0014048
8 0 0 0 0.250018 -0.0160295 -0.00183783 0.542863 -0.0182621 -0.00148222 0 0 0 0.261866 -0.0312174 -0.00185365 0.541251 -0.0387228 -0.00145411 0 0 0 0.278066 -0.0310022 -0.00188898 0.550813 -0.0388173 -0.00145715 0 0 0 0.303588 -0.0176549 -0.0019693 0.571374 -0.0223833 -0.00142264
8.1 0 0 0 0.253952 -0.0159387 -0.00186449 0.551098 -0.0180692 -0.00149955 0 0 0 0.266003 -0.0311729 -0.00188087 0.549468 -0.0386414 -0.00147328 0 0 0 0.282461 -0.0309552 -0.00191696 0.559165 -0.0387429 -0.00147628 0 0 0 0.308366 -0.0175775 -0.00199819 0.579983 -0.0222801 -0.00144053
8.2 0 0 0 0.257913 -0.0158422 -0.0018911 0.559376 -0.0178692 -0.00151698 0 0 0 0.270165 -0.0311281 -0.00190824 0.557728 -0.0385584 -0.00149246 0 0 0 0.286883 -0.0309081 -0.00194508 0.56756 -0.0386682 -0.00149549 0 0 0 0.313174 -0.0174936 -0.00202725 0.588637 -0.0221702 -0.00145846
8.3 0 0 0 0.261905 -0.0157426 -0.00191781 0.567706 -0.0176658 -0.00153453 0 0 0 0.274359 -0.0310831 -0.00193578 0.566041 -0.0384751 -0.00151175 0 0 0 0.291339 -0.0308607 -0.00197339 0.576012 -0.0385932 -0.00151483 0 0 0 0.318025 -0.0173983 -0.00205664 0.597346 -0.022042 -0.00147583
8.4 0 0 0 0.2659 -0.0156431 -0.00194454 0.576042 -0.0174623 -0.0015521 0 0 0 0.278556 -0.0310381 -0.00196335 0.574361 -0.0383917 -0.00153105 0 0 0 0.295799 -0.0308133 -0.00200172 0.584471 -0.0385184 -0.00153419 0 0 0 0.322881 -0.0173025 -0.00208608 0.606059 -0.021911 -0.001493
8.5 0 0 0 0.269959 -0.0155276 -0.00197169 0.584489 -0.0172425 -0.00156987 0 0 0 0.282819 -0.0309923 -0.00199127 0.582793 -0.0383059 -0.00155051 0 0 0 0.300331 -0.0307556 -0.00203044 0.593045 -0.0384329 -0.00155374 0 0 0 0.327812 -0.017205 -0.0021159 0.614892 -0.0217779 -0.00151036
8.6 0 0 0 0.274051 -0.0154094 -0.00199906 0.593003 -0.0170198 -0.00158786 0 0 0 0.287117 -0.0309464 -0.00201943 0.591292 -0.038211 -0.00156959 0 0 0 0.304904 -0.0306916 -0.00205936 0.601683 -0.038341 -0.00157342 0 0 0 0.332785 -0.0171064 -0.0021459 0.623789 -0.0216434 -0.00152782
8.7 0 0 0 0.278143 -0.0152912 -0.00202634 0.601526 -0.0167943 -0.00160591 0 0 0 0.291417 -0.0309004 -0.00204763 0.599799 -0.0381162 -0.00158871 0 0 0 0.30948 -0.0306271 -0.00208831 0.61033 -0.0382486 -0.00159313 0 0 0 0.337762 -0.0170077 -0.00217592 0.632696 -0.0215089 -0.00154531
8.8 0 0 0 0.282239 -0.0151728 -0.0020536 0.610058 -0.0165678 -0.00162398 0 0 0 0.295721 -0.0308545 -0.00207587 0.608315 -0.0380213 -0.00160784 0 0 0 0.31406 -0.030562 -0.00211728 0.618986 -0.0381555 -0.00161285 0 0 0 0.342745 -0.016909 -0.00220597 0.641611 -0.0213743 -0.00156282
8.9 0 0 0 0.286388 -0.015053 -0.00208116 0.618676 -0.0163393 -0.00164217 0 0 0 0.300085 -0.0307995 -0.0021044 0.616918 -0.0379171 -0.00162706 0 0 0 0.318704 -0.0304904 -0.00214643 0.62773 -0.038056 -0.00163273 0 0 0 0.34779 -0.0168087 -0.0022363 0.650617 -0.0212379 -0.00158043
9 0 0 0 0.290564 -0.0149325 -0.00210887 0.627338 -0.0161099 -0.00166042 0 0 0 0.304478 -0.0307378 -0.00213308 0.625568 -0.0378062 -0.00164635 0 0 0 0.323375 -0.030418 -0.00217569 0.636521 -0.037955 -0.00165267 0 0 0 0.352865 -0.0167079 -0.00226679 0.659671 -0.0211008 -0.0015981
9.1 0 0 0 0.294743 -0.014812 -0.00213661 0.636008 -0.0158804 -0.00167869 0 0 0 0.308875 -0.0306756 -0.00216178 0.634225 -0.0376946 -0.00166567 0 0 0 0.32805 -0.0303456 -0.00220494 0.64532 -0.0378533 -0.00167263 0 0 0 0.357944 -0.016607 -0.0022973 0.668733 -0.0209635 -0.00161581
9.2 0 0 0 0.29893 -0.0146913 -0.00216441 0.644695 -0.0156505 -0.00169701 0 0 0 0.31328 -0.0306134 -0.00219053 0.642899 -0.0375832 -0.00168505 0 0 0 0.332735 -0.0302732 -0.00223431 0.654135 -0.037745 -0.00169215 0 0 0 0.363033 -0.0165053 -0.00232778 0.677808 -0.0208258 -0.0016336
9.3 0 0 0 0.303122 -0.0145705 -0.00219226 0.653394 -0.0154171 -0.0017152 0 0 0 0.31769 -0.0305512 -0.00221932 0.651586 -0.0374719 -0.0017045 0 0 0 0.337425 -0.0302008 -0.00226373 0.662961 -0.0376335 -0.0017115 0 0 0 0.368128 -0.0164036 -0.00235829 0.686892 -0.020688 -0.00165145
9.4 0 0 0 0.307319 -0.0144498 -0.00222024 0.662109 -0.0151703 -0.00173281 0 0 0 0.322106 -0.0304889 -0.00224814 0.660284 -0.0373604 -0.00172403 0 0 0 0.342121 -0.0301284 -0.0022932 0.671798 -0.0375219 -0.00173087 0 0 0 0.373229 -0.0163018 -0.00238883 0.695989 -0.0205502 -0.00166932
9.5 0 0 0 0.311538 -0.0143286 -0.00224833 0.670854 -0.0149215 -0.00175036 0 0 0 0.326546 -0.0304214 -0.00227694 0.669012 -0.0372438 -0.0017436 0 0 0 0.346838 -0.0300558 -0.00232276 0.680666 -0.0374099 -0.00175027 0 0 0 0.378352 -0.0161997 -0.00241948 0.705116 -0.0204118 -0.00168721
9.6 0 0 0 0.315764 -0.0142073 -0.00227645 0.679609 -0.0146725 -0.00176792 0 0 0 0.330993 -0.0303525 -0.00230575 0.677749 -0.0371257 -0.0017632 0 0 0 0.351563 -0.0299831 -0.00235235 0.689545 -0.0372979 -0.00176969 0 0 0 0.383482 -0.0160974 -0.00245016 0.714254 -0.0202733 -0.00170512
9.7 0 0 0 0.319991 -0.0140859 -0.00230459 0.688366 -0.0144235 -0.00178548 0 0 0 0.335442 -0.0302836 -0.00233456 0.686489 -0.0370076 -0.0017828 0 0 0 0.356288 -0.0299105 -0.00238196 0.698426 -0.037186 -0.00178911 0 0 0 0.388614 -0.0159952 -0.00248084 0.723395 -0.0201349 -0.00172303
9.8 0 0 0 0.32422 -0.0139645 -0.00233274 0.697126 -0.0141746 -0.00180304 0 0 0 0.339892 -0.0302147 -0.00236339 0.695232 -0.0368896 -0.00180241 0 0 0 0.361016 -0.029838 -0.00241157 0.707309 -0.0370742 -0.00180854 0 0 0 0.393747 -0.015893 -0.00251154 0.732538 -0.019996 -0.00174091
9.9 0 0 0 0.328457 -0.013843 -0.00236091 0.705907 -0.0139243 -0.00182071 0 0 0 0.344352 -0.0301458 -0.00239233 0.703996 -0.0367667 -0.0018218 0 0 0 0.365754 -0.0297654 -0.00244123 0.716212 -0.0369625 -0.00182807 0 0 0 0.398894 -0.0157907 -0.00254244 0.741696 -0.0198468 -0.0017581
10 0 0 0 0.332726 -0.0137205 -0.00238915 0.714759 -0.0136687 -0.00183859 0 0 0 0.348849 -0.0300765 -0.00242156 0.71283 -0.0366391 -0.00184111 0 0 0 0.370536 -0.0296819 -0.00247113 0.725187 -0.0368397 -0.00184773 0 0 0 0.404086 -0.0156874 -0.00257358 0.750927 -0.0196963 -0.0017754
10.1 0 0 0 0.337022 -0.0135973 -0.00241756 0.723657 -0.0134121 -0.00185655 0 0 0 0.353374 -0.0300068 -0.00245094 0.721711 -0.0365106 -0.00186049 0 0 0 0.375352 -0.0295919 -0.00250121 0.734208 -0.0367103 -0.0018674 0 0 0 0.409316 -0.0155797 -0.00260469 0.760204 -0.0195414 -0.00179278
10.2 0 0 0 0.341331 -0.0134738 -0.00244606 0.732582 -0.0131549 -0.00187457 0 0 0 0.357915 -0.0299369 -0.00248035 0.730619 -0.03638 -0.00187988 0 0 0 0.380186 -0.0295012 -0.0025314 0.743257 -0.03658 -0.0018871 0 0 0 0.414568 -0.0154654 -0.0026357 0.769509 -0.0193774 -0.00181007
10.3 0 0 0 0.345643 -0.0133504 -0.00247457 0.741511 -0.0128978 -0.0018926 0 0 0 0.362458 -0.029867 -0.00250977 0.739532 -0.0362494 -0.00189927 0 0 0 0.385023 -0.0294105 -0.0025616 0.75231 -0.0364498 -0.0019068 0 0 0 0.419822 -0.0153509 -0.0026667 0.778816 -0.0192129 -0.00182735
10.4 0 0 0 0.34999 -0.0132133 -0.00250332 0.750498 -0.0126268 -0.00191071 0 0 0 0.367037 -0.0297959 -0.00253939 0.748503 -0.0361174 -0.00191878 0 0 0 0.389897 -0.0293191 -0.00259201 0.761423 -0.0363187 -0.0019266 0 0 0 0.425118 -0.0152277 -0.00269794 0.788186 -0.0190392 -0.00184467
10.5 0 0 0 0.354407 -0.0130675 -0.0025325 0.759605 -0.0123464 -0.00192901 0 0 0 0.371691 -0.02971 -0.00256941 0.757598 -0.0359701 -0.00193849 0 0 0 0.394848 -0.0292263 -0.0026228 0.770663 -0.0361854 -0.00194661 0 0 0 0.430498 -0.0150916 -0.00272962 0.797686 -0.0188519 -0.00186212
10.6 0 0 0 0.358833 -0.0129214 -0.00256174 0.768731 -0.0120654 -0.00194735 0 0 0 0.376356 -0.029622 -0.0025995 0.766711 -0.0358208 -0.00195825 0 0 0 0.399808 -0.0291335 -0.00265364 0.779921 -0.0360491 -0.00196653 0 0 0 0.435889 -0.0149549 -0.00276137 0.807205 -0.0186639 -0.00187962
10.7 0 0 0 0.363265 -0.0127753 -0.00259103 0.777871 -0.0117841 -0.00196571 0 0 0 0.381026 -0.029534 -0.00262963 0.775838 -0.0356716 -0.00197807 0 0 0 0.404776 -0.0290406 -0.00268458 0.789192 -0.0359067 -0.00198611 0 0 0 0.441287 -0.0148179 -0.00279313 0.816733 -0.018476 -0.00189719
10.8 0 0 0 0.367698 -0.0126291 -0.00262032 0.787012 -0.0115029 -0.00198409 0 0 0 0.385698 -0.0294461 -0.00265976 0.784968 -0.0355224 -0.0019979 0 0 0 0.409744 -0.0289478 -0.00271553 0.798465 -0.0357643 -0.0020057 0 0 0 0.446686 -0.014681 -0.0028249 0.826263 -0.0182881 -0.00191476
10.9 0 0 0 0.372133 -0.0124829 -0.00264962 0.796158 -0.0112216 -0.00200248 0 0 0 0.390372 -0.0293583 -0.00268991 0.794102 -0.0353721 -0.00201769 0 0 0 0.414715 -0.0288551 -0.00274649 0.807741 -0.0356219 -0.0020253 0 0 0 0.452087 -0.0145442 -0.00285668 0.835798 -0.0181002 -0.00193234
11 0 0 0 0.37657 -0.0123366 -0.00267894 0.805308 -0.0109403 -0.00202089 0 0 0 0.395048 -0.0292705 -0.00272007 0.80324 -0.0352207 -0.00203744 0 0 0 0.419688 -0.0287624 -0.00277746 0.817022 -0.0354797 -0.00204491 0 0 0 0.457491 -0.0144074 -0.00288848 0.845336 -0.0179123 -0.00194992
11.1 0 0 0 0.381015 -0.0121872 -0.00270821 0.814467 -0.0106558 -0.00203933 0 0 0 0.39973 -0.0291826 -0.00275026 0.812387 -0.0350692 -0.00205721 0 0 0 0.424667 -0.0286697 -0.00280847 0.826311 -0.0353374 -0.00206454 0 0 0 0.4629 -0.0142704 -0.0029203 0.854884 -0.0177243 -0.00196752
11.2 0 0 0 0.385467 -0.0120349 -0.00273744 0.823635 -0.0103682 -0.0020578 0 0 0 0.404418 -0.0290947 -0.00278047 0.821542 -0.0349177 -0.00207698 0 0 0 0.429651 -0.028577 -0.00283949 0.835609 -0.035195 -0.00208417 0 0 0 0.468315 -0.0141334 -0.00295216 0.86444 -0.0175361 -0.00198513
11.3 0 0 0 0.389925 -0.0118824 -0.00276671 0.832811 -0.0100805 -0.00207629 0 0 0 0.409111 -0.0290068 -0.00281072 0.830706 -0.0347662 -0.00209676 0 0 0 0.434642 -0.0284829 -0.00287053 0.844916 -0.0350513 -0.00210382 0 0 0 0.473737 -0.0139963 -0.00298403 0.874005 -0.0173478 -0.00200274
11.4 0 0 0 0.394393 -0.0117295 -0.00279594 0.842012 -0.00978849 -0.00209483 0 0 0 0.413819 -0.0289187 -0.00284106 0.839895 -0.0346143 -0.00211657 0 0 0 0.439649 -0.0283846 -0.00290159 0.854248 -0.0349033 -0.00212353 0 0 0 0.479175 -0.0138588 -0.003016 0.883596 -0.017159 -0.00202039
11.5 0 0 0 0.398864 -0.0115765 -0.00282512 0.85122 -0.009494 -0.00211341 0 0 0 0.418528 -0.0288307 -0.00287144 0.849091 -0.0344624 -0.00213641 0 0 0 0.44466 -0.0282858 -0.00293266 0.863587 -0.0347547 -0.00214326 0 0 0 0.484617 -0.0137213 -0.00304799 0.893194 -0.0169702 -0.00203805
11.6 0 0 0 0.403345 -0.0114234 -0.0028544 0.860446 -0.00919039 -0.00213169 0 0 0 0.42325 -0.0287424 -0.00290186 0.858302 -0.0343104 -0.00215627 0 0 0 0.449685 -0.0281868 -0.0029638 0.872939 -0.0346059 -0.00216293 0 0 0 0.490075 -0.0135802 -0.00307976 0.902804 -0.0167782 -0.00205579
11.7 0 0 0 0.407833 -0.0112701 -0.00288372 0.869686 -0.00888013 -0.00214983 0 0 0 0.427979 -0.0286541 -0.00293235 0.867525 -0.0341549 -0.00217601 0 0 0 0.454718 -0.0280876 -0.00299497 0.882303 -0.0344569 -0.00218262 0 0 0 0.495542 -0.0134384 -0.00311153 0.912425 -0.0165855 -0.00207355
11.8 0 0 0 0.412327 -0.0111166 -0.00291306 0.878941 -0.00856853 -0.00216802 0 0 0 0.432715 -0.0285658 -0.00296293 0.876761 -0.0339938 -0.00219552 0 0 0 0.459759 -0.027988 -0.00302613 0.891677 -0.0343074 -0.00220235 0 0 0 0.501017 -0.0132965 -0.00314334 0.922058 -0.0163926 -0.00209132
11.9 0 0 0 0.416823 -0.0109631 -0.00294242 0.8882 -0.00825689 -0.00218622 0 0 0 0.437454 -0.0284775 -0.00299352 0.886002 -0.0338328 -0.00221503 0 0 0 0.464803 -0.027888 -0.0030573 0.901056 -0.0341575 -0.00222209 0 0 0 0.506495 -0.0131546 -0.00317516 0.931695 -0.0161997 -0.00210909
12 0 0 0 0.421358 -0.0108085 -0.00297202 0.897529 -0.0079434 -0.00220455 0 0 0 0.442235 -0.0283884 -0.00302436 0.895313 -0.0336707 -0.00223465 0 0 0 0.469896 -0.027772 -0.00308873 0.910509 -0.0339915 -0.00224192 0 0 0 0.512023 -0.0130113 -0.00320721 0.941407 -0.0160051 -0.00212697
12.1 0 0 0 0.425903 -0.0106535 -0.00300167 0.906873 -0.00762957 -0.0022229 0 0 0 0.447027 -0.0282984 -0.00305524 0.904641 -0.0335075 -0.0022543 0 0 0 0.475 -0.0276538 -0.00312019 0.919979 -0.0338232 -0.00226177 0 0 0 0.517563 -0.0128677 -0.00323932 0.951136 -0.0158102 -0.00214487
12.2 0 0 0 0.430466 -0.0104979 -0.00303143 0.916244 -0.00731509 -0.00224126 0 0 0 0.451839 -0.028204 -0.00308615 0.913996 -0.0333399 -0.00227399 0 0 0 0.480124 -0.027535 -0.00315174 0.929477 -0.0336545 -0.0022817 0 0 0 0.523123 -0.0127237 -0.00327163 0.96089 -0.0156044 -0.00216219
12.3 0 0 0 0.435032 -0.0103423 -0.00306121 0.925621 -0.00700054 -0.00225963 0 0 0 0.456655 -0.028109 -0.00311706 0.923357 -0.0331717 -0.0022937 0 0 0 0.485251 -0.0274163 -0.00318331 0.93898 -0.0334859 -0.00230163 0 0 0 0.528688 -0.0125796 -0.00330396 0.970649 -0.015398 -0.00217949
12.4 0 0 0 0.439601 -0.0101867 -0.003091 0.935 -0.00668598 -0.00227799 0 0 0 0.461472 -0.028014 -0.00314798 0.93272 -0.0330035 -0.0023134 0 0 0 0.490379 -0.0272975 -0.00321488 0.948486 -0.0333171 -0.00232157 0 0 0 0.534254 -0.0124356 -0.0033363 0.980411 -0.0151916 -0.00219678
12.5 0 0 0 0.444194 -0.0100303 -0.00312093 0.944423 -0.00637021 -0.00229642 0 0 0 0.466317 -0.0279103 -0.00317905 0.942127 -0.0328264 -0.00233318 0 0 0 0.495535 -0.0271777 -0.00324649 0.958036 -0.033145 -0.00234154 0 0 0 0.539847 -0.0122909 -0.00336879 0.990218 -0.0149843 -0.00221416
12.6 0 0 0 0.448811 -0.00987316 -0.00315102 0.953891 -0.00605306 -0.00231494 0 0 0 0.471188 -0.0277989 -0.00321025 0.951582 -0.0326405 -0.00235305 0 0 0 0.500716 -0.0270574 -0.0032783 0.967633 -0.0329646 -0.00236125 0 0 0 0.545468 -0.0121455 -0.00340141 1.00007 -0.0147763 -0.00223166
12.7 0 0 0 0.453433 -0.00971588 -0.00318114 0.963371 -0.00573561 -0.00233348 0 0 0 0.476065 -0.0276862 -0.00324146 0.961048 -0.0324525 -0.00237294 0 0 0 0.505904 -0.0269371 -0.00331016 0.977242 -0.0327823 -0.00238091 0 0 0 0.551096 -0.0119999 -0.00343406 1.00993 -0.0145682 -0.0022492
12.8 0 0 0 0.458056 -0.00955859 -0.00321127 0.972853 -0.00541817 -0.00235203 0 0 0 0.480942 -0.0275736 -0.00327268 0.970517 -0.0322644 -0.00239284 0 0 0 0.511092 -0.0268169 -0.00334203 0.986852 -0.0326002 -0.00240057 0 0 0 0.556725 -0.0118544 -0.00346672 1.0198 -0.0143601 -0.00226675
12.9 0 0 0 0.462681 -0.00940129 -0.00324142 0.982338 -0.00510074 -0.00237059 0 0 0 0.485821 -0.0274611 -0.00330391 0.979989 -0.0320765 -0.00241275 0 0 0 0.516282 -0.0266967 -0.0033739 0.996465 -0.0324181 -0.00242023 0 0 0 0.562355 -0.011709 -0.00349939 1.02967 -0.0141521 -0.00228429
13 0 0 0 0.467307 -0.00924399 -0.00327157 0.991825 -0.00478331 -0.00238915 0 0 0 0.490702 -0.0273486 -0.00333514 0.989463 -0.0318885 -0.00243265 0 0 0 0.521474 -0.0265766 -0.00340579 1.00608 -0.032236 -0.0024399 0 0 0 0.567986 -0.0115636 -0.00353206 1.03954 -0.0139441 -0.00230184
13.1 0 0 0 0.471939 -0.00908383 -0.00330175 1.00132 -0.00446306 -0.00240772 0 0 0 0.495587 -0.0272361 -0.0033664 0.998944 -0.0317006 -0.00245257 0 0 0 0.52667 -0.0264565 -0.0034377 1.0157 -0.032054 -0.00245959 0 0 0 0.573622 -0.0114182 -0.00356476 1.04941 -0.0137361 -0.0023194
13.2 0 0 0 0.47659 -0.00890714 -0.00333204 1.01085 -0.00412388 -0.00242636 0 0 0 0.500492 -0.0271232 -0.00339778 1.00846 -0.0315121 -0.00247257 0 0 0 0.531886 -0.0263361 -0.00346973 1.02536 -0.0318713 -0.00247933 0 0 0 0.57928 -0.0112722 -0.00359758 1.05933 -0.0135273 -0.00233703
13.3 0 0 0 0.481248 -0.0087288 -0.00336227 1.0204 -0.00377874 -0.00244502 0 0 0 0.505404 -0.0270101 -0.00342921 1.01799 -0.0313234 -0.00249259 0 0 0 0.537112 -0.0262154 -0.00350181 1.03503 -0.0316884 -0.00249907 0 0 0 0.58495 -0.0111239 -0.0036303 1.06926 -0.0133164 -0.00235471
13.4 0 0 0 0.485922 -0.00854994 -0.00339258 1.02996 -0.00343351 -0.00246367 0 0 0 0.510334 -0.0268968 -0.00346072 1.02754 -0.0311344 -0.00251255 0 0 0 0.542358 -0.0260925 -0.00353377 1.04472 -0.0315032 -0.00251879 0 0 0 0.590639 -0.0109725 -0.00366287 1.07919 -0.0131026 -0.0023724
13.5 0 0 0 0.490598 -0.00837101 -0.0034229 1.03952 -0.00308827 -0.00248232 0 0 0 0.515266 -0.0267835 -0.00349223 1.03708 -0.0309454 -0.00253251 0 0 0 0.547607 -0.0259693 -0.00356572 1.05441 -0.0313178 -0.00253851 0 0 0 0.59633 -0.0108209 -0.00369546 1.08914 -0.0128888 -0.0023901
13.6 0 0 0 0.495276 -0.00819207 -0.00345323 1.04909 -0.00274304 -0.00250097 0 0 0 0.5202 -0.0266702 -0.00352375 1.04663 -0.0307566 -0.00255247 0 0 0 0.552858 -0.0258461 -0.00359767 1.0641 -0.0311323 -0.00255823 0 0 0 0.602024 -0.0106694 -0.00372805 1.09908 -0.0126749 -0.00240779
13.7 0 0 0 0.499955 -0.00801311 -0.00348357 1.05866 -0.0023978 -0.00251962 0 0 0 0.525136 -0.026557 -0.00355528 1.05619 -0.0305677 -0.00257244 0 0 0 0.55811 -0.025723 -0.00362963 1.07379 -0.030947 -0.00257797 0 0 0 0.607718 -0.010518 -0.00376064 1.10903 -0.0124612 -0.00242549
13.8 0 0 0 0.504638 -0.00783409 -0.00351393 1.06823 -0.00205249 -0.00253829 0 0 0 0.530074 -0.0264438 -0.00358683 1.06575 -0.0303789 -0.00259241 0 0 0 0.563365 -0.0255999 -0.0036616 1.08348 -0.0307617 -0.0025977 0 0 0 0.613416 -0.0103653 -0.00379326 1.11898 -0.0122461 -0.00244319
13.9 0 0 0 0.509339 -0.00765439 -0.00354441 1.07784 -0.00170616 -0.00255703 0 0 0 0.535034 -0.0263302 -0.00361851 1.07534 -0.0301896 -0.00261246 0 0 0 0.568644 -0.0254763 -0.00369371 1.09322 -0.0305757 -0.00261749 0 0 0 0.619144 -0.0101948 -0.00382603 1.12897 -0.0120128 -0.00246087
14 0 0 0 0.514044 -0.00747461 -0.00357491 1.08746 -0.00135973 -0.00257577 0 0 0 0.539997 -0.0262166 -0.0036502 1.08494 -0.0300002 -0.00263251 0 0 0 0.573927 -0.0253528 -0.00372583 1.10296 -0.0303897 -0.00263729 0 0 0 0.624875 -0.0100226 -0.00385882 1.13897 -0.0117778 -0.00247855
14.1 0 0 0 0.518753 -0.00729472 -0.00360542 1.09707 -0.00101327 -0.00259451 0 0 0 0.544964 -0.0261027 -0.00368186 1.09455 -0.0298105 -0.00265258 0 0 0 0.579213 -0.0252293 -0.00375797 1.11271 -0.0302038 -0.00265709 0 0 0 0.63061 -0.0098504 -0.00389163 1.14897 -0.0115427 -0.00249623
14.2 0 0 0 0.523465 -0.00711442 -0.0036359 1.1067 -0.000666305 -0.00261326 0 0 0 0.549933 -0.0259887 -0.00371353 1.10415 -0.0296208 -0.00267264 0 0 0 0.584501 -0.0251058 -0.00379011 1.12245 -0.0300179 -0.00267689 0 0 0 0.636347 -0.00967817 -0.00392444 1.15897 -0.0113076 -0.00251391
14.3 0 0 0 0.528179 -0.00693411 -0.00366638 1.11632 -0.000319335 -0.00263202 0 0 0 0.554904 -0.0258748 -0.00374521 1.11376 -0.0294311 -0.00269271 0 0 0 0.589791 -0.0249824 -0.00382227 1.1322 -0.0298321 -0.00269669 0 0 0 0.642085 -0.00950599 -0.00395725 1.16898 -0.0110725 -0.00253159
14.4 0 0 0 0.532894 -0.00675377 -0.00369687 1.12595 2.76343e-05 -0.00265078 0 0 0 0.559877 -0.0257609 -0.00377689 1.12337 -0.0292415 -0.00271279 0 0 0 0.595082 -0.0248591 -0.00385443 1.14196 -0.0296463 -0.00271649 0 0 0 0.647825 -0.00933384 -0.00399008 1.17899 -0.0108375 -0.00254928
14.5 0 0 0 0.537616 -0.00657317 -0.00372738 1.13559 0.000374805 -0.00266961 0 0 0 0.564856 -0.0256469 -0.00380864 1.133 -0.0290442 -0.00273262 0 0 0 0.600379 -0.0247357 -0.00388661 1.15172 -0.0294605 -0.00273634 0 0 0 0.653571 -0.00916156 -0.00402292 1.18901 -0.0106022 -0.00256698
14.6 0 0 0 0.54234 -0.00639249 -0.00375789 1.14523 0.000722041 -0.00268845 0 0 0 0.569838 -0.0255329 -0.00384041 1.14262 -0.0288462 -0.00275243 0 0 0 0.605679 -0.0246124 -0.0039188 1.16148 -0.0292748 -0.00275619 0 0 0 0.659319 -0.0089893 -0.00405578 1.19903 -0.0103668 -0.00258467
14.7 0 0 0 0.547065 -0.0062118 -0.00378842 1.15488 0.00106928 -0.00270729 0 0 0 0.57482 -0.0254189 -0.00387218 1.15225 -0.0286483 -0.00277224 0 0 0 0.61098 -0.0244892 -0.003951 1.17125 -0.0290893 -0.00277604 0 0 0 0.665069 -0.00881709 -0.00408864 1.20905 -0.0101316 -0.00260238
14.8 0 0 0 0.551817 -0.00603007 -0.00381909 1.16457 0.00141799 -0.00272623 0 0 0 0.579832 -0.0253044 -0.00390412 1.16193 -0.0284494 -0.00279213 0 0 0 0.616314 -0.0243525 -0.00398338 1.18107 -0.02889 -0.00279595 0 0 0 0.670853 -0.00864378 -0.00412167 1.21913 -0.00989502 -0.00262015
14.9 0 0 0 0.556584 -0.00584754 -0.00384979 1.17428 0.00176757 -0.00274518 0 0 0 0.58486 -0.0251892 -0.0039361 1.17163 -0.0282499 -0.00281202 0 0 0 0.621666 -0.024211 -0.00401577 1.19091 -0.028686 -0.00281589 0 0 0 0.676653 -0.00846996 -0.00415475 1.22922 -0.00965785 -0.00263794
15 0 0 0 0.561363 -0.00566462 -0.00388055 1.18401 0.00211729 -0.00276413 0 0 0 0.589901 -0.0250737 -0.00396812 1.18134 -0.02805 -0.00283189 0 0 0 0.627031 -0.0240663 -0.00404805 1.20076 -0.0284788 -0.00283586 0 0 0 0.682466 -0.00829571 -0.00418787 1.23933 -0.00942018 -0.0026557
15.1 0 0 0 0.566145 -0.00548165 -0.00391133 1.19374 0.00246706 -0.00278309 0 0 0 0.594944 -0.0249582 -0.00400015 1.19105 -0.0278502 -0.00285177 0 0 0 0.632399 -0.0239214 -0.0040803 1.21061 -0.0282708 -0.00285583 0 0 0 0.688281 -0.00812149 -0.00422101 1.24944 -0.00918251 -0.00267348
15.2 0 0 0 0.570928 -0.00529866 -0.00394211 1.20347 0.00281689 -0.00280206 0 0 0 0.599989 -0.0248428 -0.0040322 1.20077 -0.0276504 -0.00287166 0 0 0 0.637768 -0.0237767 -0.00411252 1.22047 -0.0280622 -0.00287581 0 0 0 0.694096 -0.00794735 -0.00425416 1.25956 -0.0089449 -0.00269127
15.3 0 0 0 0.575713 -0.00511565 -0.00397291 1.21321 0.00316672 -0.00282103 0 0 0 0.605035 -0.0247274 -0.00406425 1.21049 -0.0274506 -0.00289156 0 0 0 0.643139 -0.0236321 -0.00414474 1.23033 -0.0278537 -0.0028958 0 0 0 0.699913 -0.00777325 -0.00428732 1.26968 -0.00870732 -0.00270906
15.4 0 0 0 0.580501 -0.00493257 -0.00400372 1.22295 0.00351664 -0.00284001 0 0 0 0.610085 -0.0246113 -0.00409632 1.22022 -0.0272501 -0.00291146 0 0 0 0.648512 -0.0234875 -0.00417699 1.2402 -0.0276453 -0.00291579 0 0 0 0.705733 -0.00759914 -0.00432049 1.27981 -0.00846971 -0.00272687
15.5 0 0 0 0.585319 -0.00474841 -0.00403471 1.23274 0.00386812 -0.00285905 0 0 0 0.615168 -0.0244805 -0.00412857 1.23 -0.0270348 -0.00293142 0 0 0 0.653918 -0.0233421 -0.00420939 1.25012 -0.0274352 -0.00293584 0 0 0 0.711587 -0.00742401 -0.00435383 1.28998 -0.00823078 -0.00274474
15.6 0 0 0 0.590153 -0.00456369 -0.00406578 1.24256 0.00422014 -0.0028781 0 0 0 0.620268 -0.0243479 -0.0041609 1.2398 -0.0268177 -0.00295141 0 0 0 0.659345 -0.0231963 -0.00424194 1.26006 -0.0272178 -0.00295559 0 0 0 0.717465 -0.00724306 -0.00438693 1.30018 -0.00798674 -0.00276272
15.7 0 0 0 0.594991 -0.00437887 -0.00409687 1.25238 0.00457226 -0.00289716 0 0 0 0.625374 -0.0242147 -0.00419325 1.2496 -0.0266 -0.0029714 0 0 0 0.664777 -0.0230505 -0.00427451 1.27 -0.0270002 -0.00297532 0 0 0 0.723348 -0.00706127 -0.00442 1.31038 -0.00774193 -0.00278073
15.8 0 0 0 0.599831 -0.00419366 -0.00412792 1.2622 0.00492591 -0.00291623 0 0 0 0.630481 -0.0240815 -0.00422561 1.25941 -0.0263823 -0.0029914 0 0 0 0.67021 -0.0229047 -0.00430709 1.27995 -0.0267826 -0.00299506 0 0 0 0.729233 -0.00687951 -0.00445308 1.32058 -0.00749711 -0.00279874
15.9 0 0 0 0.604677 -0.00400674 -0.00415866 1.27204 0.0052878 -0.00293541 0 0 0 0.635591 -0.0239483 -0.00425801 1.26923 -0.0261646 -0.00301142 0 0 0 0.675647 -0.022759 -0.0043397 1.2899 -0.0265649 -0.00301482 0 0 0 0.735122 -0.00669771 -0.00448618 1.33079 -0.00725213 -0.00281677
16 0 0 0 0.609532 -0.00381932 -0.00418942 1.28188 0.00564998 -0.00295454 0 0 0 0.640711 -0.0238136 -0.00429031 1.27906 -0.0259454 -0.00303147 0 0 0 0.681092 -0.0226131 -0.00437233 1.29987 -0.0263472 -0.00303458 0 0 0 0.741017 -0.00651572 -0.0045193 1.34101 -0.00700694 -0.00283479
16.1 0 0 0 0.614392 -0.00363181 -0.00422019 1.29172 0.00601213 -0.00297367 0 0 0 0.645834 -0.0236784 -0.00432258 1.28888 -0.0257258 -0.00305152 0 0 0 0.686539 -0.0224673 -0.00440497 1.30983 -0.0261295 -0.00305432 0 0 0 0.746916 -0.00633369 -0.00455242 1.35123 -0.00676171 -0.00285281
16.2 0 0 0 0.619255 -0.00344428 -0.00425102 1.30157 0.00638331 -0.00299262 0 0 0 0.650962 -0.023543 -0.00435485 1.29872 -0.025506 -0.00307161 0 0 0 0.691991 -0.0223214 -0.00443763 1.31981 -0.0259118 -0.00307408 0 0 0 0.752819 -0.00615163 -0.00458557 1.36146 -0.0065164 -0.00287084
16.3 0 0 0 0.624121 -0.00325672 -0.00428186 1.31143 0.00675658 -0.00301154 0 0 0 0.656092 -0.0234075 -0.00438712 1.30856 -0.025286 -0.00309172 0 0 0 0.697445 -0.0221756 -0.00447031 1.32978 -0.0256942 -0.00309386 0 0 0 0.758725 -0.00596961 -0.00461876 1.37169 -0.0062682 -0.00288876
16.4 0 0 0 0.628993 -0.00306898 -0.00431275 1.32129 0.00713009 -0.00303049 0 0 0 0.661229 -0.023272 -0.00441942 1.31841 -0.0250656 -0.00311184 0 0 0 0.702906 -0.0220282 -0.00450301 1.33977 -0.025475 -0.00311368 0 0 0 0.764638 -0.00578751 -0.00465204 1.38194 -0.00601349 -0.00290641
16.5 0 0 0 0.63387 -0.0028811 -0.00434366 1.33117 0.00750375 -0.00304944 0 0 0 0.666371 -0.0231365 -0.00445175 1.32827 -0.0248452 -0.00313197 0 0 0 0.708374 -0.0218785 -0.00453571 1.34977 -0.0252535 -0.00313351 0 0 0 0.770558 -0.00560528 -0.00468534 1.39219 -0.00575861 -0.00292408
16.6 0 0 0 0.638749 -0.00269318 -0.00437459 1.34105 0.00787744 -0.00306841 0 0 0 0.671515 -0.0230009 -0.00448409 1.33813 -0.0246248 -0.00315211 0 0 0 0.713843 -0.0217288 -0.00456842 1.35977 -0.0250321 -0.00315336 0 0 0 0.77648 -0.00542308 -0.00471866 1.40244 -0.00550218 -0.00294168
16.7 0 0 0 0.64363 -0.00250522 -0.00440553 1.35093 0.00825117 -0.00308738 0 0 0 0.676661 -0.0228655 -0.00451645 1.348 -0.0244044 -0.00317225 0 0 0 0.719315 -0.0215787 -0.00460114 1.36978 -0.0248103 -0.00317321 0 0 0 0.782403 -0.00524088 -0.00475198 1.4127 -0.0052454 -0.00295928
16.8 0 0 0 0.648522 -0.00231691 -0.00443652 1.36082 0.0086249 -0.00310633 0 0 0 0.681819 -0.0227297 -0.00454885 1.35787 -0.0241838 -0.00319235 0 0 0 0.7248 -0.0214256 -0.00463372 1.37979 -0.0245855 -0.0031931 0 0 0 0.788338 -0.00505827 -0.00478533 1.42297 -0.00498812 -0.00297685
16.9 0 0 0 0.653418 -0.00212851 -0.00446752 1.37072 0.00899862 -0.00312529 0 0 0 0.686982 -0.022594 -0.00458127 1.36775 -0.0239632 -0.00321244 0 0 0 0.730289 -0.0212719 -0.00466626 1.38981 -0.0243601 -0.00321299 0 0 0 0.794277 -0.0048756 -0.00481869 1.43324 -0.00473077 -0.00299442
17 0 0 0 0.658316 -0.00194009 -0.00449854 1.38062 0.00937236 -0.00314426 0 0 0 0.692145 -0.0224583 -0.00461369 1.37764 -0.0237425 -0.00323254 0 0 0 0.73578 -0.0211181 -0.00469881 1.39983 -0.0241348 -0.0032329 0 0 0 0.800217 -0.00469298 -0.00485206 1.44352 -0.00447346 -0.00301199
17.1 0 0 0 0.663215 -0.00175166 -0.00452957 1.39053 0.00974609 -0.00316322 0 0 0 0.697311 -0.0223227 -0.00464612 1.38752 -0.0235219 -0.00325264 0 0 0 0.741272 -0.0209644 -0.00473137 1.40986 -0.0239095 -0.0032528 0 0 0 0.806159 -0.00451042 -0.00488543 1.4538 -0.0042162 -0.00302956
17.2 0 0 0 0.668115 -0.00156322 -0.00456061 1.40043 0.0101198 -0.0031822 0 0 0 0.702477 -0.0221871 -0.00467855 1.39741 -0.023301 -0.00327275 0 0 0 0.746765 -0.0208108 -0.00476394 1.41988 -0.0236842 -0.00327272 0 0 0 0.812102 -0.00432791 -0.00491882 1.46408 -0.00395898 -0.00304714
17.3 0 0 0 0.673019 -0.00137409 -0.00459159 1.41034 0.0104945 -0.00320121 0 0 0 0.707646 -0.0220516 -0.00471098 1.4073 -0.023079 -0.00329285 0 0 0 0.752261 -0.0206573 -0.00479652 1.42991 -0.023459 -0.00329265 0 0 0 0.818047 -0.00414545 -0.00495222 1.47436 -0.00370178 -0.00306473
17.4 0 0 0 0.677931 -0.0011827 -0.00462235 1.42026 0.0108722 -0.00322027 0 0 0 0.71282 -0.0219159 -0.00474342 1.4172 -0.022857 -0.00331294 0 0 0 0.757761 -0.0205037 -0.00482912 1.43995 -0.0232338 -0.00331257 0 0 0 0.823997 -0.0039629 -0.00498564 1.48465 -0.00344448 -0.00308232
17.5 0 0 0 0.682846 -0.000991043 -0.0046531 1.43018 0.0112502 -0.00323935 0 0 0 0.717996 -0.0217803 -0.00477588 1.4271 -0.022635 -0.00333304 0 0 0 0.763263 -0.0203502 -0.00486172 1.44999 -0.0230087 -0.0033325 0 0 0 0.829948 -0.00378038 -0.00501906 1.49494 -0.0031872 -0.00309992
17.6 0 0 0 0.687767 -0.000797577 -0.00468389 1.4401 0.01163 -0.00325844 0 0 0 0.723179 -0.0216427 -0.00480834 1.43701 -0.0224109 -0.00335316 0 0 0 0.768771 -0.0201966 -0.00489435 1.46004 -0.0227834 -0.00335244 0 0 0 0.835906 -0.00359774 -0.00505251 1.50524 -0.00292974 -0.00311752
17.7 0 0 0 0.692708 -0.000587457 -0.00471481 1.45006 0.0120262 -0.00327756 0 0 0 0.72838 -0.021503 -0.00484088 1.44695 -0.0221846 -0.00337333 0 0 0 0.774298 -0.0200426 -0.00492708 1.47011 -0.0225576 -0.00337243 0 0 0 0.841884 -0.00341455 -0.00508605 1.51558 -0.00267154 -0.00313516
17.8 0 0 0 0.697655 -0.000374148 -0.00474576 1.46003 0.0124255 -0.00329668 0 0 0 0.733588 -0.0213626 -0.00487338 1.4569 -0.0219573 -0.00339352 0 0 0 0.779831 -0.0198885 -0.00495984 1.4802 -0.0223317 -0.00339243 0 0 0 0.847867 -0.00323125 -0.00511962 1.52592 -0.00241318 -0.00315282
17.9 0 0 0 0.702617 -0.000157357 -0.00477674 1.47 0.012828 -0.00331577 0 0 0 0.738808 -0.0212198 -0.00490579 1.46686 -0.0217277 -0.00341375 0 0 0 0.785374 -0.0197342 -0.00499263 1.4903 -0.0221056 -0.00341242 0 0 0 0.85386 -0.00304764 -0.00515322 1.53627 -0.00215446 -0.00317046
18 0 0 0 0.707581 5.99425e-05 -0.00480772 1.47998 0.0132309 -0.00333486 0 0 0 0.744032 -0.0210768 -0.00493818 1.47682 -0.0214978 -0.00343399 0 0 0 0.790919 -0.0195799 -0.00502543 1.5004 -0.0218796 -0.00343242 0 0 0 0.859856 -0.00286401 -0.00518681 1.54663 -0.00189551 -0.00318811
18.1 0 0 0 0.712547 0.000277426 -0.00483872 1.48996 0.0136341 -0.00335396 0 0 0 0.749257 -0.0209339 -0.00497058 1.48679 -0.021268 -0.00345423 0 0 0 0.796466 -0.0194257 -0.00505824 1.5105 -0.0216536 -0.00345242 0 0 0 0.865853 -0.0026804 -0.00522039 1.55698 -0.0016363 -0.00320575
18.2 0 0 0 0.717515 0.000494934 -0.00486972 1.49995 0.0140373 -0.00337306 0 0 0 0.754483 -0.0207909 -0.00500299 1.49675 -0.0210382 -0.00347448 0 0 0 0.802015 -0.0192716 -0.00509106 1.52061 -0.0214277 -0.00347243 0 0 0 0.871851 -0.00249685 -0.00525398 1.56735 -0.00137715 -0.0032234
18.3 0 0 0 0.722484 0.000712466 -0.00490074 1.50994 0.0144404 -0.00339217 0 0 0 0.759711 -0.0206481 -0.00503541 1.50672 -0.0208085 -0.00349474 0 0 0 0.807564 -0.0191176 -0.00512389 1.53072 -0.0212019 -0.00349245 0 0 0 0.87785 -0.00231336 -0.00528757 1.57771 -0.00111804 -0.00324106
18.4 0 0 0 0.727455 0.000930027 -0.00493176 1.51993 0.0148436 -0.00341129 0 0 0 0.764941 -0.0205053 -0.00506783 1.5167 -0.0205779 -0.00351498 0 0 0 0.813116 -0.0189637 -0.00515672 1.54083 -0.0209762 -0.00351247 0 0 0 0.883852 -0.00212991 -0.00532118 1.58808 -0.000858979 -0.00325872
18.5 0 0 0 0.732428 0.00114761 -0.0049628 1.52992 0.0152468 -0.00343041 0 0 0 0.770172 -0.0203626 -0.00510027 1.52667 -0.0203471 -0.00353522 0 0 0 0.818669 -0.0188098 -0.00518957 1.55094 -0.0207505 -0.0035325 0 0 0 0.889854 -0.00194653 -0.00535479 1.59845 -0.000599962 -0.00327639
18.6 0 0 0 0.737402 0.00136523 -0.00499384 1.53992 0.01565 -0.00344954 0 0 0 0.775405 -0.0202199 -0.00513271 1.53665 -0.0201163 -0.00355547 0 0 0 0.824223 -0.018656 -0.00522242 1.56106 -0.020525 -0.00355253 0 0 0 0.895859 -0.0017632 -0.00538841 1.60882 -0.000340995 -0.00329406
18.7 0 0 0 0.742378 0.00158286 -0.0050249 1.54992 0.0160532 -0.00346868 0 0 0 0.780639 -0.0200773 -0.00516516 1.54663 -0.0198855 -0.00357571 0 0 0 0.829779 -0.0185023 -0.00525528 1.57118 -0.0202995 -0.00357257 0 0 0 0.901864 -0.00157993 -0.00542203 1.61919 -8.20788e-05 -0.00331173
18.8 0 0 0 0.747355 0.00180052 -0.00505596 1.55992 0.0164564 -0.00348782 0 0 0 0.785875 -0.0199347 -0.00519762 1.55662 -0.0196548 -0.00359596 0 0 0 0.835336 -0.0183487 -0.00528815 1.5813 -0.0200741 -0.00359261 0 0 0 0.907871 -0.00139671 -0.00545567 1.62957 0.000176786 -0.00332941
18.9 0 0 0 0.752337 0.00201835 -0.00508705 1.56993 0.0168597 -0.00350695 0 0 0 0.791116 -0.0197921 -0.0052301 1.5666 -0.0194241 -0.00361621 0 0 0 0.8409 -0.018195 -0.00532104 1.59143 -0.0198486 -0.00361263 0 0 0 0.913885 -0.00121094 -0.00548921 1.63995 0.000438008 -0.00334712
19 0 0 0 0.75733 0.0022382 -0.00511801 1.57994 0.0172653 -0.00352613 0 0 0 0.796366 -0.0196493 -0.00526262 1.5766 -0.0191932 -0.00363644 0 0 0 0.846473 -0.0180412 -0.00535396 1.60157 -0.0196229 -0.0036326 0 0 0 0.91991 -0.00102153 -0.00552261 1.65034 0.00070258 -0.00336486
19.1 0 0 0 0.762337 0.00246063 -0.00514882 1.58997 0.017674 -0.00354535 0 0 0 0.801628 -0.0195063 -0.00529518 1.58661 -0.0189621 -0.00365664 0 0 0 0.852059 -0.0178848 -0.00538677 1.61171 -0.0193939 -0.00365258 0 0 0 0.925946 -0.000831616 -0.00555605 1.66074 0.000967704 -0.00338259
19.2 0 0 0 0.76735 0.00268343 -0.00517964 1.60001 0.0180829 -0.00356458 0 0 0 0.806897 -0.0193631 -0.00532777 1.59663 -0.018731 -0.00367682 0 0 0 0.85765 -0.017727 -0.00541952 1.62186 -0.019163 -0.00367259 0 0 0 0.931987 -0.000641561 -0.00558951 1.67115 0.00123299 -0.00340032
19.3 0 0 0 0.77237 0.0029065 -0.0052105 1.61005 0.0184922 -0.00358383 0 0 0 0.812173 -0.0192199 -0.0053604 1.60665 -0.0184997 -0.00369702 0 0 0 0.863251 -0.0175652 -0.0054523 1.63203 -0.0189282 -0.00369261 0 0 0 0.938037 -0.000451274 -0.005623 1.68157 0.00149855 -0.00341806
19.4 0 0 0 0.777408 0.00313029 -0.00524147 1.62013 0.0189024 -0.00360313 0 0 0 0.817469 -0.0190761 -0.00539314 1.61671 -0.0182675 -0.00371726 0 0 0 0.868874 -0.0173922 -0.00548518 1.64222 -0.018682 -0.00371266 0 0 0 0.944109 -0.000259283 -0.00565659 1.69202 0.00176592 -0.00343586
19.5 0 0 0 0.782453 0.00335431 -0.00527247 1.63022 0.0193128 -0.00362248 0 0 0 0.822772 -0.0189323 -0.00542595 1.62678 -0.0180294 -0.00373737 0 0 0 0.874505 -0.0172181 -0.0055181 1.65243 -0.0184348 -0.00373274 0 0 0 0.950191 -6.44128e-05 -0.0056902 1.70248 0.00203622 -0.00345366
19.6 0 0 0 0.787502 0.00357843 -0.0053035 1.64031 0.0197234 -0.00364184 0 0 0 0.828078 -0.0187886 -0.00545878 1.63686 -0.0177908 -0.00375747 0 0 0 0.88014 -0.0170429 -0.00555103 1.66265 -0.0181865 -0.00375283 0 0 0 0.956276 0.0001306 -0.00572382 1.71295 0.00230668 -0.00347148
19.7 0 0 0 0.792552 0.00380259 -0.00533453 1.65041 0.0201339 -0.0036612 0 0 0 0.833387 -0.0186449 -0.00549161 1.64694 -0.0175521 -0.00377758 0 0 0 0.885776 -0.0168678 -0.00558398 1.67287 -0.0179382 -0.00377292 0 0 0 0.962363 0.000326012 -0.00575745 1.72342 0.00257755 -0.0034893
19.8 0 0 0 0.797603 0.00402677 -0.00536558 1.66051 0.0205445 -0.00368057 0 0 0 0.838697 -0.0185012 -0.00552446 1.65702 -0.0173136 -0.0037977 0 0 0 0.891414 -0.0166928 -0.00561693 1.68309 -0.01769 -0.00379301 0 0 0 0.968451 0.000521363 -0.00579109 1.7339 0.00284836 -0.00350712
19.9 0 0 0 0.802655 0.00425107 -0.00539656 1.67062 0.0209597 -0.00369997 0 0 0 0.844007 -0.0183577 -0.00555733 1.66711 -0.0170751 -0.00381783 0 0 0 0.897054 -0.0165179 -0.0056499 1.69331 -0.0174419 -0.00381312 0 0 0 0.974541 0.000716621 -0.00582474 1.74438 0.00311912 -0.00352496
20 0 0 0 0.807714 0.00447565 -0.00542755 1.68074 0.0213772 -0.00371936 0 0 0 0.849324 -0.0182125 -0.00559008 1.67721 -0.0168341 -0.00383802 0 0 0 0.902698 -0.0163429 -0.0056829 1.70354 -0.0171937 -0.00383324 0 0 0 0.980636 0.000911964 -0.00585842 1.75486 0.00338999 -0.00354281
20.1 0 0 0 0.812779 0.00470039 -0.00545857 1.69086 0.0217947 -0.00373873 0 0 0 0.854647 -0.018066 -0.00562273 1.68731 -0.016591 -0.00385823 0 0 0 0.908347 -0.0161679 -0.00571592 1.71378 -0.0169455 -0.00385337 0 0 0 0.986736 0.00110735 -0.00589212 1.76536 0.00366094 -0.00356067
20.2 0 0 0 0.817857 0.00492568 -0.00548966 1.701 0.022213 -0.00375811 0 0 0 0.859983 -0.017912 -0.00565543 1.69743 -0.0163403 -0.00387847 0 0 0 0.914009 -0.0159926 -0.005749 1.72404 -0.0166969 -0.00387352 0 0 0 0.992849 0.00130315 -0.00592587 1.77587 0.00393242 -0.00357855
20.3 0 0 0 0.822946 0.00515144 -0.00552081 1.71116 0.0226319 -0.00377751 0 0 0 0.865333 -0.017751 -0.0056882 1.70757 -0.0160826 -0.00389874 0 0 0 0.919684 -0.0158169 -0.00578215 1.73432 -0.0164479 -0.00389371 0 0 0 0.998976 0.00149928 -0.00595969 1.7864 0.00420436 -0.00359645
20.4 0 0 0 0.828038 0.00537731 -0.00555197 1.72132 0.0230509 -0.00379691 0 0 0 0.870686 -0.0175888 -0.00572099 1.71772 -0.0158238 -0.00391901 0 0 0 0.925362 -0.0156413 -0.00581531 1.7446 -0.0161989 -0.0039139 0 0 0 1.00511 0.00169542 -0.00599352 1.79694 0.00447634 -0.00361436
20.5 0 0 0 0.833141 0.00560359 -0.0055832 1.7315 0.0234705 -0.00381635 0 0 0 0.87605 -0.0174257 -0.00575384 1.72788 -0.0155639 -0.00393931 0 0 0 0.931052 -0.0154654 -0.00584853 1.7549 -0.0159495 -0.00393412 0 0 0 1.01125 0.00190376 -0.00602743 1.8075 0.00476077 -0.00363225
20.6 0 0 0 0.838249 0.00583003 -0.00561446 1.74169 0.0238903 -0.0038358 0 0 0 0.881419 -0.0172625 -0.00578672 1.73805 -0.0153039 -0.00395963 0 0 0 0.936748 -0.0152894 -0.00588178 1.76521 -0.0157001 -0.00395435 0 0 0 1.0174 0.00211687 -0.00606137 1.81807 0.00505006 -0.00365014
20.7 0 0 0 0.843359 0.00605654 -0.00564573 1.75189 0.0243101 -0.00385526 0 0 0 0.886791 -0.0170994 -0.00581961 1.74823 -0.015044 -0.00397996 0 0 0 0.942446 -0.0151135 -0.00591504 1.77553 -0.0154506 -0.00397458 0 0 0 1.02356 0.00233128 -0.00609532 1.82864 0.00534069 -0.00366803
20.8 0 0 0 0.848471 0.00628306 -0.00567702 1.76209 0.0247299 -0.00387473 0 0 0 0.892165 -0.0169363 -0.00585251 1.75841 -0.0147842 -0.00400029 0 0 0 0.948146 -0.0149376 -0.00594831 1.78585 -0.0152013 -0.00399481 0 0 0 1.02971 0.00254562 -0.00612928 1.83922 0.00563125 -0.00368593
20.9 0 0 0 0.853585 0.00650961 -0.00570831 1.77229 0.0251497 -0.00389419 0 0 0 0.897539 -0.0167733 -0.00588542 1.76859 -0.0145244 -0.00402062 0 0 0 0.953847 -0.0147619 -0.00598159 1.79617 -0.014952 -0.00401505 0 0 0 1.03587 0.00275991 -0.00616325 1.84979 0.00592177 -0.00370383
21 0 0 0 0.858706 0.00673877 -0.00573943 1.78249 0.0255728 -0.00391372 0 0 0 0.90292 -0.0166101 -0.00591835 1.77878 -0.0142646 -0.00404096 0 0 0 0.959554 -0.0145861 -0.00601489 1.80649 -0.0147007 -0.00403524 0 0 0 1.04203 0.00297434 -0.00619723 1.86038 0.00621238 -0.00372174
21.1 0 0 0 0.863836 0.00697061 -0.00577039 1.79271 0.0259994 -0.00393331 0 0 0 0.908306 -0.0164469 -0.00595131 1.78898 -0.0140048 -0.0040613 0 0 0 0.965266 -0.0144103 -0.00604824 1.81683 -0.0144457 -0.00405534 0 0 0 1.0482 0.00318895 -0.00623122 1.87097 0.0065031 -0.00373967
21.2 0 0 0 0.868968 0.0072026 -0.00580134 1.80292 0.0264261 -0.0039529 0 0 0 0.913695 -0.0162837 -0.00598428 1.79918 -0.013745 -0.00408165 0 0 0 0.97098 -0.0142346 -0.00608159 1.82716 -0.0141904 -0.00407544 0 0 0 1.05437 0.00340352 -0.00626522 1.88156 0.00679377 -0.00375761
21.3 0 0 0 0.874101 0.00743461 -0.00583231 1.81314 0.026853 -0.00397251 0 0 0 0.919084 -0.0161206 -0.00601726 1.80938 -0.0134854 -0.00410202 0 0 0 0.976695 -0.014059 -0.00611496 1.8375 -0.0139344 -0.00409553 0 0 0 1.06054 0.0036181 -0.0062992 1.89216 0.007085 -0.00377555
21.4 0 0 0 0.879236 0.00766664 -0.00586329 1.82337 0.0272798 -0.00399212 0 0 0 0.924475 -0.0159576 -0.00605025 1.81959 -0.0132257 -0.00412239 0 0 0 0.982412 -0.0138835 -0.00614833 1.84785 -0.0136783 -0.00411563 0 0 0 1.06671 0.00383262 -0.00633317 1.90275 0.00737624 -0.0037935
21.5 0 0 0 0.884373 0.0078987 -0.00589428 1.83359 0.0277066 -0.00401173 0 0 0 0.929868 -0.0157946 -0.00608325 1.82979 -0.0129662 -0.00414277 0 0 0 0.98813 -0.013708 -0.00618171 1.85819 -0.0134223 -0.00413573 0 0 0 1.07288 0.00404708 -0.00636715 1.91336 0.00766743 -0.00381146
21.6 0 0 0 0.889511 0.00813078 -0.00592528 1.84382 0.0281334 -0.00403136 0 0 0 0.935262 -0.0156317 -0.00611625 1.84001 -0.0127067 -0.00416315 0 0 0 0.99385 -0.0135327 -0.0062151 1.86854 -0.0131662 -0.00415583 0 0 0 1.07906 0.00426148 -0.00640114 1.92396 0.00795856 -0.00382942
21.7 0 0 0 0.89465 0.00836289 -0.00595629 1.85405 0.0285602 -0.00405098 0 0 0 0.940658 -0.0154689 -0.00614927 1.85022 -0.0124473 -0.00418354 0 0 0 0.999571 -0.0133574 -0.0062485 1.87889 -0.0129103 -0.00417594 0 0 0 1.08523 0.00447582 -0.00643514 1.93457 0.00824963 -0.00384738
21.8 0 0 0 0.899792 0.00859502 -0.0059873 1.86429 0.028987 -0.00407062 0 0 0 0.946055 -0.0153061 -0.00618229 1.86044 -0.012188 -0.00420393 0 0 0 1.00529 -0.0131823 -0.0062819 1.88925 -0.0126544 -0.00419605 0 0 0 1.09141 0.00469009 -0.00646914 1.94518 0.00854065 -0.00386535
21.9 0 0 0 0.904935 0.00882717 -0.00601833 1.87452 0.0294139 -0.00409025 0 0 0 0.951454 -0.0151434 -0.00621532 1.87065 -0.0119287 -0.00422432 0 0 0 1.01102 -0.0130072 -0.00631532 1.8996 -0.0123986 -0.00421617 0 0 0 1.09759 0.00490431 -0.00650316 1.95579 0.00883161 -0.00388332
22 0 0 0 0.910079 0.00905935 -0.00604937 1.88476 0.0298407 -0.00410989 0 0 0 0.956854 -0.0149808 -0.00624836 1.88088 -0.0116696 -0.00424472 0 0 0 1.01674 -0.0128322 -0.00634874 1.90996 -0.0121429 -0.00423629 0 0 0 1.10377 0.00511846 -0.00653718 1.9664 0.00912252 -0.0039013
22.1 0 0 0 0.915225 0.00929155 -0.00608041 1.895 0.0302675 -0.00412954 0 0 0 0.962256 -0.0148182 -0.00628141 1.8911 -0.0114105 -0.00426513 0 0 0 1.02247 -0.0126574 -0.00638216 1.92032 -0.0118873 -0.00425641 0 0 0 1.10995 0.00533255 -0.0065712 1.97702 0.00941337 -0.00391928
22.2 0 0 0 0.920374 0.00952382 -0.00611147 1.90525 0.0306944 -0.00414919 0 0 0 0.96766 -0.0146556 -0.00631447 1.90133 -0.0111514 -0.00428553 0 0 0 1.0282 -0.0124822 -0.00641559 1.93068 -0.0116315 -0.00427655 0 0 0 1.11613 0.00554661 -0.00660524 1.98764 0.0097042 -0.00393726
22.3 0 0 0 0.925532 0.00975645 -0.00614257 1.9155 0.0311213 -0.00416883 0 0 0 0.973075 -0.0144929 -0.00634757 1.91156 -0.0108922 -0.0043059 0 0 0 1.03394 -0.0123037 -0.0064489 1.94106 -0.0113723 -0.0042967 0 0 0 1.12232 0.00576105 -0.0066393 1.99827 0.00999542 -0.00395522
22.4 0 0 0 0.930692 0.00998915 -0.00617368 1.92576 0.0315482 -0.00418848 0 0 0 0.978492 -0.0143302 -0.00638068 1.9218 -0.010633 -0.00432627 0 0 0 1.03968 -0.0121249 -0.00648221 1.95143 -0.0111129 -0.00431687 0 0 0 1.12852 0.00597546 -0.00667337 2.0089 0.0102866 -0.00397319
22.5 0 0 0 0.935854 0.0102219 -0.0062048 1.93602 0.0319751 -0.00420812 0 0 0 0.98391 -0.0141675 -0.0064138 1.93204 -0.0103739 -0.00434665 0 0 0 1.04543 -0.011946 -0.00651552 1.96181 -0.0108534 -0.00433703 0 0 0 1.13472 0.00618983 -0.00670745 2.01953 0.0105778 -0.00399116
22.6 0 0 0 0.941018 0.0104546 -0.00623593 1.94628 0.032402 -0.00422778 0 0 0 0.989331 -0.0140049 -0.00644693 1.94229 -0.0101149 -0.00436702 0 0 0 1.05117 -0.0117672 -0.00654884 1.97219 -0.010594 -0.00435721 0 0 0 1.14092 0.00640414 -0.00674154 2.03017 0.0108689 -0.00400913
22.7 0 0 0 0.946191 0.0106877 -0.0062671 1.95655 0.0328289 -0.00424739 0 0 0 0.99476 -0.0138401 -0.00647996 1.95254 -0.00985363 -0.00438742 0 0 0 1.05693 -0.0115883 -0.00658217 1.98258 -0.0103345 -0.00437737 0 0 0 1.14712 0.00661864 -0.00677564 2.04081 0.0111602 -0.00402709
22.8 0 0 0 0.951513 0.0109273 -0.00629906 1.96705 0.0332629 -0.00426727 0 0 0 1.00035 -0.0136691 -0.00651373 1.96302 -0.00958565 -0.00440806 0 0 0 1.06287 -0.0114035 -0.00661638 1.99319 -0.0100679 -0.00439746 0 0 0 1.15354 0.00685536 -0.00680917 2.05169 0.011473 -0.00404541
22.9 0 0 0 0.957146 0.0111805 -0.00633266 1.97803 0.0337124 -0.00428776 0 0 0 1.00629 -0.0134869 -0.00654917 1.97399 -0.00930519 -0.00442918 0 0 0 1.0692 -0.011206 -0.00665243 2.0043 -0.00978621 -0.00441738 0 0 0 1.16043 0.00713771 -0.00684149 2.06304 0.0118296 -0.0040645
23 0 0 0 0.962983 0.0114424 -0.00636768 1.98949 0.0341808 -0.00430956 0 0 0 1.01244 -0.0132983 -0.00658617 1.98546 -0.00901402 -0.00445179 0 0 0 1.07578 -0.011008 -0.00669086 2.01595 -0.00950126 -0.00443872 0 0 0 1.16762 0.00742872 -0.0068783 2.07496 0.0122036 -0.00408338
23.1 0 0 0 0.968983 0.0117114 -0.0064038 2.00133 0.0346642 -0.00433239 0 0 0 1.01878 -0.0131047 -0.0066244 1.99733 -0.00871443 -0.00447559 0 0 0 1.08255 -0.0108096 -0.00673117 2.02802 -0.0092138 -0.00446119 0 0 0 1.17504 0.00772651 -0.00691866 2.08733 0.0125911 -0.00410211
23.2 0 0 0 0.974989 0.0119806 -0.00643997 2.01318 0.035148 -0.00435525 0 0 0 1.02512 -0.0129111 -0.00666267 2.0092 -0.00841476 -0.00449941 0 0 0 1.08933 -0.0106113 -0.00677155 2.0401 -0.00892641 -0.00448367 0 0 0 1.18248 0.00802462 -0.00695907 2.09971 0.012979 -0.00412086
23.3 0 0 0 0.981207 0.0122588 -0.00647757 2.02551 0.0356506 -0.00437935 0 0 0 1.03169 -0.0127107 -0.00670247 2.02158 -0.00810464 -0.00452474 0 0 0 1.09638 -0.0104141 -0.0068154 2.0527 -0.00863657 -0.00450674 0 0 0 1.19024 0.00833989 -0.00700164 2.11263 0.0133884 -0.00414031
23.4 0 0 0 0.987427 0.0125372 -0.00651518 2.03784 0.0361533 -0.00440346 0 0 0 1.03827 -0.0125104 -0.00674228 2.03396 -0.00779462 -0.00455007 0 0 0 1.10343 -0.010217 -0.00685927 2.06531 -0.00834686 -0.00452981 0 0 0 1.198 0.00865517 -0.00704421 2.12555 0.0137978 -0.00415976
23.5 0 0 0 0.99365 0.012816 -0.00655277 2.05017 0.0366564 -0.00442759 0 0 0 1.04484 -0.0123102 -0.00678211 2.04634 -0.0074847 -0.00457541 0 0 0 1.11048 -0.0100201 -0.00690316 2.07793 -0.00805727 -0.00455288 0 0 0 1.20576 0.0089705 -0.0070868 2.13847 0.0142072 -0.00417921
23.6 0 0 0 0.999979 0.0131046 -0.00659069 2.06274 0.0371755 -0.00445246 0 0 0 1.05153 -0.0121091 -0.0068229 2.05896 -0.00717062 -0.00460133 0 0 0 1.11766 -0.00981932 -0.00694848 2.09079 -0.00776208 -0.00457622 0 0 0 1.21367 0.009292 -0.00713022 2.15165 0.0146245 -0.00419908
23.7 0 0 0 1.00677 0.0134145 -0.00663163 2.07638 0.0377383 -0.00448047 0 0 0 1.05874 -0.011905 -0.00686866 2.07271 -0.00684647 -0.00462998 0 0 0 1.12548 -0.00959962 -0.0070007 2.10483 -0.00743994 -0.00460079 0 0 0 1.22231 0.00964289 -0.00717752 2.16603 0.0150791 -0.00422088
23.8 0 0 0 1.01374 0.0137326 -0.0066737 2.09045 0.038318 -0.00450984 0 0 0 1.06615 -0.011702 -0.00691731 2.0869 -0.00652194 -0.0046592 0 0 0 1.13355 -0.00937022 -0.00705474 2.11931 -0.00710505 -0.00462608 0 0 0 1.23122 0.0100052 -0.00722632 2.18086 0.0155484 -0.00424336
23.9 0 0 0 1.02081 0.014055 -0.00671634 2.10474 0.0389061 -0.00453988 0 0 0 1.07367 -0.0114995 -0.00696741 2.1013 -0.00619728 -0.00468872 0 0 0 1.14175 -0.00913613 -0.00710969 2.13402 -0.00676396 -0.00465174 0 0 0 1.24027 0.0103732 -0.00727587 2.19593 0.0160248 -0.00426619
24 0 0 0 1.02787 0.0143773 -0.006759 2.11903 0.0394941 -0.00456994 0 0 0 1.08119 -0.0112971 -0.00701753 2.11572 -0.00587277 -0.00471825 0 0 0 1.14994 -0.00890219 -0.00716467 2.14874 -0.00642303 -0.0046774 0 0 0 1.24933 0.0107412 -0.00732544 2.211 0.0165013 -0.00428903
24.1 0 0 0 1.03494 0.0146998 -0.00680168 2.13333 0.0400823 -0.0046 0 0 0 1.08871 -0.0110949 -0.00706766 2.13013 -0.00554839 -0.00474778 0 0 0 1.15815 -0.00866841 -0.00721966 2.16346 -0.00608225 -0.00470307 0 0 0 1.25839 0.0111092 -0.00737502 2.22608 0.0169779 -0.00431187
24.2 0 0 0 1.04202 0.0150226 -0.00684444 2.14765 0.0406712 -0.00463014 0 0 0 1.09624 -0.0108926 -0.00711789 2.14458 -0.00522375 -0.00477739 0 0 0 1.16636 -0.00843474 -0.00727476 2.17821 -0.00574149 -0.00472883 0 0 0 1.26747 0.0114779 -0.0074248 2.24118 0.0174555 -0.00433467
24.3 0 0 0 1.04974 0.015346 -0.0068957 2.16353 0.0412716 -0.00466363 0 0 0 1.10458 -0.0106675 -0.00717726 2.16062 -0.00486986 -0.00480923 0 0 0 1.17548 -0.00817651 -0.00733592 2.19459 -0.00536517 -0.00475763 0 0 0 1.27758 0.011888 -0.00748054 2.25796 0.0179873 -0.00435956
24.4 0 0 0 1.05754 0.0156697 -0.00694814 2.17962 0.0418739 -0.0046976 0 0 0 1.11302 -0.0104396 -0.00723788 2.17688 -0.00451212 -0.00484139 0 0 0 1.18472 -0.00791527 -0.00739799 2.2112 -0.00498431 -0.00478683 0 0 0 1.28784 0.0123043 -0.00753705 2.27497 0.018527 -0.00438475
24.5 0 0 0 1.06539 0.0159952 -0.00700095 2.19584 0.0424806 -0.00473192 0 0 0 1.12152 -0.0102105 -0.00729886 2.19327 -0.00415016 -0.00487396 0 0 0 1.19402 -0.00765431 -0.00746085 2.22793 -0.00460287 -0.00481627 0 0 0 1.29819 0.0127261 -0.00759394 2.29211 0.0190736 -0.00440998
24.6 0 0 0 1.0736 0.0163072 -0.00706259 2.21292 0.0430596 -0.00476641 0 0 0 1.13048 -0.00996437 -0.00736331 2.21052 -0.00376475 -0.00490818 0 0 0 1.20382 -0.00737948 -0.00752703 2.24556 -0.00420144 -0.00484724 0 0 0 1.3091 0.0131707 -0.00765374 2.31017 0.0196505 -0.00443648
24.7 0 0 0 1.08182 0.0166191 -0.00712446 2.23003 0.0436386 -0.00480092 0 0 0 1.13945 -0.00971802 -0.00742786 2.22781 -0.00337896 -0.00494245 0 0 0 1.21364 -0.00710456 -0.00759331 2.26321 -0.00379975 -0.00487826 0 0 0 1.32003 0.0136159 -0.00771364 2.32825 0.0202281 -0.00446303
24.8 0 0 0 1.09183 0.0169999 -0.00719812 2.25012 0.0442962 -0.00483952 0 0 0 1.15043 -0.00941204 -0.00750447 2.24811 -0.00292176 -0.00497919 0 0 0 1.22573 -0.0066436 -0.00766406 2.28393 -0.00320077 -0.00491357 0 0 0 1.33329 0.0141712 -0.00778235 2.34945 0.0209347 -0.00449133
24.9 0 0 0 1.10199 0.0173865 -0.00727278 2.27046 0.0449603 -0.00487848 0 0 0 1.16158 -0.00910141 -0.00758211 2.26867 -0.00245898 -0.00501615 0 0 0 1.238 -0.00616778 -0.0077352 2.3049 -0.00258598 -0.00494924 0 0 0 1.34675 0.0147355 -0.00785181 2.37092 0.021652 -0.0045198
25 0 0 0 1.11216 0.0177733 -0.00734751 2.29081 0.0456245 -0.00491747 0 0 0 1.17274 -0.00879098 -0.0076598 2.28925 -0.00199639 -0.00505314 0 0 0 1.25029 -0.00569191 -0.00780639 2.32589 -0.00197112 -0.00498494 0 0 0 1.36022 0.0153 -0.00792132 2.39241 0.0223695 -0.00454827
25.1 0 0 0 1.12234 0.0181602 -0.00742229 2.31118 0.0462889 -0.00495648 0 0 0 1.1839 -0.00848075 -0.00773755 2.30984 -0.001534 -0.00509014 0 0 0 1.26259 -0.005216 -0.00787762 2.34689 -0.00135618 -0.00502065 0 0 0 1.37371 0.0158646 -0.00799086 2.41391 0.0230872 -0.00457676
25.2 0 0 0 1.13253 0.0185473 -0.00749712 2.33157 0.0469534 -0.00499551 0 0 0 1.19508 -0.00817071 -0.00781535 2.33045 -0.00107181 -0.00512717 0 0 0 1.27489 -0.00474003 -0.00794889 2.36791 -0.000741191 -0.00505638 0 0 0 1.3872 0.0164294 -0.00806045 2.43542 0.0238052 -0.00460527
25.3 0 0 0 1.14273 0.0189346 -0.00757203 2.35197 0.0476182 -0.00503458 0 0 0 1.20627 -0.00786078 -0.00789322 2.35107 -0.000609732 -0.00516421 0 0 0 1.28721 -0.00426384 -0.00802022 2.38895 -0.000125968 -0.00509213 0 0 0 1.40071 0.0169943 -0.00813023 2.45695 0.0245242 -0.00463374
25.4 0 0 0 1.15322 0.0193331 -0.00764888 2.37287 0.0482954 -0.00507433 0 0 0 1.21778 -0.00754153 -0.00797307 2.37219 -0.000136335 -0.00520166 0 0 0 1.29991 -0.00373305 -0.00809231 2.41049 0.00054562 -0.00512859 0 0 0 1.41459 0.017577 -0.00820139 2.47899 0.0252657 -0.00466252
25.5 0 0 0 1.16394 0.0197401 -0.00772723 2.39414 0.0489823 -0.00511462 0 0 0 1.22956 -0.00721524 -0.00805445 2.3937 0.000345656 -0.00523942 0 0 0 1.31289 -0.00316027 -0.00816498 2.43242 0.00126053 -0.00516561 0 0 0 1.42878 0.0181734 -0.00827363 2.50144 0.0260246 -0.00469153
25.6 0 0 0 1.17467 0.0201472 -0.00780564 2.41543 0.0496696 -0.00515495 0 0 0 1.24133 -0.00688907 -0.00813572 2.41522 0.000831176 -0.00527727 0 0 0 1.32587 -0.00258768 -0.00823774 2.45437 0.00197529 -0.00520268 0 0 0 1.44297 0.0187693 -0.00834616 2.5239 0.0267907 -0.00472036
25.7 0 0 0 1.18541 0.0205702 -0.0078842 2.43676 0.0503732 -0.00519539 0 0 0 1.25313 -0.00656269 -0.00821698 2.43678 0.0013202 -0.00531525 0 0 0 1.33888 -0.00201476 -0.00831064 2.47636 0.00269046 -0.00523986 0 0 0 1.45719 0.0193654 -0.00841889 2.54639 0.027565 -0.00474907
25.8 0 0 0 1.19812 0.0210882 -0.00797487 2.461 0.0511695 -0.00523761 0 0 0 1.26706 -0.00607004 -0.00830297 2.4613 0.00198769 -0.00535762 0 0 0 1.35404 -0.00133541 -0.00839255 2.50138 0.00352311 -0.00528013 0 0 0 1.47368 0.020067 -0.00850048 2.57198 0.028467 -0.00477971
25.9 0 0 0 1.21215 0.0216631 -0.00807387 2.48728 0.0520248 -0.00528147 0 0 0 1.28243 -0.00547571 -0.0083929 2.48788 0.00276586 -0.00540321 0 0 0 1.37071 -0.00058299 -0.00848111 2.52852 0.00443699 -0.00532242 0 0 0 1.49177 0.0208649 -0.00858779 2.59971 0.0294808 -0.00481182
26 0 0 0 1.22675 0.0222606 -0.00817686 2.5146 0.0529107 -0.00532714 0 0 0 1.29844 -0.00485973 -0.00848682 2.51552 0.00357094 -0.00545045 0 0 0 1.38815 0.000205868 -0.00857346 2.55674 0.00539232 -0.00536534 0 0 0 1.51074 0.0217772 -0.00867796 2.62854 0.0306234 -0.00484454
26.1 0 0 0 1.24142 0.0228608 -0.00828043 2.54208 0.0538011 -0.00537317 0 0 0 1.31453 -0.00424222 -0.0085815 2.54333 0.00437842 -0.00549797 0 0 0 1.40571 0.000999804 -0.00866632 2.58513 0.0063534 -0.00540841 0 0 0 1.52982 0.0227002 -0.00876849 2.65754 0.0317785 -0.00487737
26.2 0 0 0 1.25821 0.0236184 -0.00838077 2.57236 0.0549074 -0.00542527 0 0 0 1.33265 -0.003538 -0.00868487 2.574 0.00528379 -0.00554845 0 0 0 1.42537 0.00189614 -0.00876799 2.61646 0.00742787 -0.00545443 0 0 0 1.55113 0.0237453 -0.00886733 2.68953 0.0330782 -0.00491214
26.3 0 0 0 1.27623 0.0244335 -0.00848716 2.60443 0.0560769 -0.00547886 0 0 0 1.35208 -0.00268041 -0.00879167 2.60651 0.00635037 -0.00560151 0 0 0 1.44636 0.00285715 -0.00887524 2.64966 0.0085737 -0.00550235 0 0 0 1.57385 0.0248648 -0.00897154 2.72342 0.034467 -0.00494811
26.4 0 0 0 1.29442 0.0252558 -0.00859438 2.63675 0.057254 -0.00553264 0 0 0 1.37169 -0.00180692 -0.00889899 2.63926 0.00743438 -0.00565486 0 0 0 1.46754 0.00382629 -0.00898323 2.68311 0.00972836 -0.00555045 0 0 0 1.59678 0.0259914 -0.0090774 2.75756 0.0358747 -0.00498392
26.5 0 0 0 1.31265 0.0260801 -0.00870186 2.66914 0.0584331 -0.00558652 0 0 0 1.39135 -0.000931233 -0.00900647 2.67209 0.00852202 -0.0057083 0 0 0 1.48877 0.00479742 -0.00909146 2.71663 0.0108851 -0.00559857 0 0 0 1.61978 0.0271186 -0.00918417 2.79177 0.0372911 -0.00501955
26.6 0 0 0 1.33092 0.0269053 -0.0088095 2.70158 0.0596134 -0.00564047 0 0 0 1.41104 -5.46986e-05 -0.00911406 2.70496 0.00961124 -0.00576182 0 0 0 1.51004 0.00576911 -0.00919983 2.75021 0.0120426 -0.00564677 0 0 0 1.64282 0.0282469 -0.00929109 2.82603 0.0387088 -0.00505522
26.7 0 0 0 1.34932 0.0277333 -0.00891848 2.73438 0.0608023 -0.00569551 0 0 0 1.43095 0.000830862 -0.00922335 2.73821 0.0107116 -0.00581573 0 0 0 1.53155 0.00675117 -0.00930939 2.78416 0.0132122 -0.00569549 0 0 0 1.66611 0.0293876 -0.0093992 2.86067 0.040142 -0.00509127
26.8 0 0 0 1.36779 0.0285631 -0.00902785 2.76729 0.0619938 -0.00575074 0 0 0 1.45094 0.00172159 -0.00933294 2.77157 0.0118174 -0.00586978 0 0 0 1.55314 0.00773604 -0.00941928 2.81822 0.014385 -0.00574434 0 0 0 1.68949 0.0305319 -0.00950763 2.89543 0.0415797 -0.0051274
26.9 0 0 0 1.3865 0.0294013 -0.00913912 2.80062 0.063194 -0.0058065 0 0 0 1.47122 0.00262608 -0.00944389 2.80535 0.0129389 -0.00592425 0 0 0 1.57505 0.00874838 -0.00953021 2.85271 0.015589 -0.00579353 0 0 0 1.71323 0.0316884 -0.00961895 2.93062 0.0430543 -0.0051633
27 0 0 0 1.40646 0.0302894 -0.00925878 2.83605 0.0644515 -0.00586511 0 0 0 1.49293 0.00359796 -0.0095618 2.84127 0.0141388 -0.00598104 0 0 0 1.59852 0.00994862 -0.00964608 2.88938 0.0169906 -0.00584537 0 0 0 1.73861 0.0329287 -0.009737 2.96801 0.0446348 -0.00520062
27.1 0 0 0 1.42714 0.0312871 -0.00937918 2.8725 0.0658322 -0.00592566 0 0 0 1.51536 0.00460416 -0.00968287 2.87823 0.0153772 -0.006039 0 0 0 1.62275 0.0112036 -0.00976488 2.92711 0.0184509 -0.00589836 0 0 0 1.7648 0.03421 -0.0098583 3.0065 0.0462663 -0.00523861
27.2 0 0 0 1.44803 0.0323185 -0.00949968 2.90925 0.0672505 -0.00598679 0 0 0 1.538 0.00561931 -0.0098048 2.91548 0.0166256 -0.00609731 0 0 0 1.64719 0.0124693 -0.00988455 2.96515 0.019923 -0.00595166 0 0 0 1.7912 0.0355019 -0.0099805 3.04528 0.047911 -0.00527679
27.3 0 0 0 1.46899 0.0333529 -0.0096205 2.94608 0.0686709 -0.006048 0 0 0 1.56071 0.00663729 -0.00992707 2.95285 0.0178764 -0.00615597 0 0 0 1.67172 0.0137428 -0.0100044 3.00331 0.0214034 -0.00600515 0 0 0 1.8177 0.0367972 -0.0101031 3.08419 0.04956 -0.00531509
27.4 0 0 0 1.49004 0.0343913 -0.00974174 2.98305 0.0700952 -0.00610933 0 0 0 1.58352 0.00765891 -0.0100497 2.99036 0.0191308 -0.0062148 0 0 0 1.69635 0.0150226 -0.0101247 3.04159 0.0228904 -0.00605869 0 0 0 1.84432 0.0380947 -0.010227 3.12323 0.051228 -0.00535313
27.5 0 0 0 1.51119 0.0354345 -0.00986337 3.02015 0.0715205 -0.00617124 0 0 0 1.60643 0.00868441 -0.0101729 3.02803 0.02039 -0.00627384 0 0 0 1.7211 0.0163079 -0.0102454 3.08005 0.0243835 -0.00611237 0 0 0 1.87107 0.0393949 -0.0103523 3.16242 0.0529159 -0.005391
27.6 0 0 0 1.533 0.0365115 -0.00998837 3.05825 0.0729819 -0.00623424 0 0 0 1.63007 0.00980471 -0.0102984 3.06673 0.0217571 -0.00633418 0 0 0 1.74659 0.0176336 -0.0103693 3.11955 0.0259209 -0.00616717 0 0 0 1.89862 0.0407347 -0.010481 3.20269 0.0546544 -0.00542949
27.7 0 0 0 1.5557 0.0376327 -0.0101178 3.09766 0.0744919 -0.00629843 0 0 0 1.65465 0.0110455 -0.0104267 3.10676 0.0232532 -0.0063963 0 0 0 1.77305 0.0190121 -0.010497 3.16042 0.027516 -0.00622339 0 0 0 1.9272 0.0421263 -0.0106138 3.24434 0.0564592 -0.00546877
27.8 0 0 0 1.57851 0.0387596 -0.0102479 3.13726 0.076008 -0.00636282 0 0 0 1.67936 0.0122982 -0.0105554 3.14697 0.0247624 -0.00645865 0 0 0 1.79965 0.0203967 -0.0106253 3.20147 0.0291178 -0.00627981 0 0 0 1.95592 0.043524 -0.0107472 3.28618 0.0582718 -0.00550817
27.9 0 0 0 1.60136 0.0398882 -0.0103781 3.17691 0.077526 -0.00642729 0 0 0 1.70412 0.0135523 -0.0106842 3.18725 0.0262731 -0.00652109 0 0 0 1.82629 0.0217828 -0.0107538 3.24258 0.0307212 -0.00633629 0 0 0 1.98469 0.0449231 -0.0108809 3.32808 0.0600862 -0.00554762
28 0 0 0 1.62427 0.0410188 -0.0105086 3.21664 0.079046 -0.00649186 0 0 0 1.72893 0.0148082 -0.0108133 3.2276 0.0277858 -0.00658362 0 0 0 1.85299 0.0231705 -0.0108826 3.28378 0.0323271 -0.00639283 0 0 0 2.01352 0.0463241 -0.0110147 3.37006 0.0619031 -0.0055871
28.1 0 0 0 1.64845 0.042199 -0.010646 3.25974 0.0811879 -0.00651187 0 0 0 1.75524 0.0161406 -0.0109526 3.27102 0.0293893 -0.00665662 0 0 0 1.88141 0.0246341 -0.0110224 3.32811 0.0340387 -0.00645498 0 0 0 2.04428 0.0478075 -0.0111597 3.41525 0.0638391 -0.00563131
28.2 0 0 0 1.67337 0.043409 -0.0107873 3.3047 0.0836532 -0.00650905 0 0 0 1.7824 0.017517 -0.0110975 3.31614 0.0310446 -0.00673509 0 0 0 1.91083 0.0261416 -0.0111684 3.37418 0.0358143 -0.00651993 0 0 0 2.07616 0.0493354 -0.011312 3.46221 0.0658636 -0.0056776
28.3 0 0 0 1.69836 0.0446216 -0.0109289 3.34977 0.0861238 -0.00650617 0 0 0 1.80964 0.0188963 -0.0112428 3.36138 0.0327031 -0.00681374 0 0 0 1.94033 0.0276515 -0.0113148 3.42036 0.0376039 -0.00658486 0 0 0 2.10813 0.0508663 -0.0114647 3.50928 0.0678916 -0.00572402
28.4 0 0 0 1.72348 0.0458401 -0.0110712 3.39503 0.0886025 -0.0065032 0 0 0 1.83703 0.0202823 -0.0113886 3.4068 0.0343687 -0.00689255 0 0 0 1.96998 0.0291654 -0.0114627 3.46674 0.0394116 -0.00664961 0 0 0 2.14026 0.0524055 -0.0116178 3.55655 0.0699304 -0.00577038
28.5 0 0 0 1.74867 0.0470616 -0.0112138 3.44041 0.0910863 -0.00650017 0 0 0 1.86448 0.0216712 -0.0115348 3.45233 0.0360376 -0.00697151 0 0 0 1.99972 0.0306818 -0.011611 3.51322 0.0412242 -0.00671444 0 0 0 2.17249 0.053948 -0.0117712 3.60392 0.0719732 -0.00581679
28.6 0 0 0 1.77553 0.0483595 -0.0113678 3.48947 0.0938306 -0.00649342 0 0 0 1.89377 0.0231318 -0.0116916 3.50169 0.0377105 -0.0070734 0 0 0 2.03155 0.0323077 -0.0117726 3.56385 0.0431601 -0.00679351 0 0 0 2.20708 0.0555852 -0.0119396 3.65558 0.0741496 -0.00587011
28.7 0 0 0 1.80307 0.049689 -0.0115263 3.53999 0.0966723 -0.00648548 0 0 0 1.92382 0.0246222 -0.0118527 3.55255 0.0393936 -0.00718298 0 0 0 2.06423 0.0339766 -0.0119398 3.6161 0.0451482 -0.00687849 0 0 0 2.24264 0.0572618 -0.0121138 3.70892 0.0763811 -0.00592586
28.8 0 0 0 1.83181 0.0510728 -0.0116926 3.59303 0.0996664 -0.00647707 0 0 0 1.95518 0.0261632 -0.0120221 3.60598 0.0411201 -0.00730143 0 0 0 2.09836 0.0357409 -0.0121147 3.67118 0.0472101 -0.00697913 0 0 0 2.27983 0.0589981 -0.0122987 3.76521 0.0787047 -0.00598544
28.9 0 0 0 1.86196 0.0525248 -0.0118666 3.64847 0.102782 -0.00646856 0 0 0 1.9881 0.0277855 -0.012199 3.66184 0.042935 -0.00742419 0 0 0 2.13418 0.0377482 -0.0122958 3.72875 0.0495235 -0.00708403 0 0 0 2.31881 0.0608221 -0.0124915 3.82404 0.0811424 -0.00604721
29 0 0 0 1.89601 0.0541513 -0.0120672 3.71257 0.106426 -0.00645984 0 0 0 2.02534 0.0295982 -0.0124048 3.72657 0.0449674 -0.00757558 0 0 0 2.17468 0.0399835 -0.0125028 3.79598 0.0519325 -0.00724286 0 0 0 2.36312 0.0628968 -0.012717 3.89338 0.0837981 -0.00615126
29.1 0 0 0 1.93067 0.055806 -0.0122715 3.77783 0.110134 -0.00645089 0 0 0 2.06326 0.0314417 -0.0126144 3.79248 0.0470336 -0.0077298 0 0 0 2.21591 0.0422841 -0.0127137 3.86443 0.0544105 -0.00740457 0 0 0 2.40832 0.0650148 -0.0129464 3.96398 0.0865095 -0.00625652
29.2 0 0 0 1.96908 0.0576128 -0.0124997 3.8511 0.114067 -0.00647222 0 0 0 2.10536 0.0334901 -0.0128493 3.86696 0.0492552 -0.00792514 0 0 0 2.26184 0.0448159 -0.0129539 3.94202 0.0571184 -0.0075985 0 0 0 2.45883 0.0673617 -0.0132078 4.04429 0.0894896 -0.00638648
29.3 0 0 0 2.01025 0.0595371 -0.0127445 3.93028 0.118554 -0.00648573 0 0 0 2.15055 0.0356891 -0.0131029 3.9475 0.0516154 -0.0081443 0 0 0 2.31125 0.0475261 -0.0132145 4.02598 0.0600159 -0.00781118 0 0 0 2.51325 0.070012 -0.0134903 4.13126 0.0928187 -0.00653006
29.4 0 0 0 2.05666 0.0616972 -0.013021 4.01963 0.123508 -0.00651167 0 0 0 2.20152 0.0383397 -0.0133877 4.03869 0.0544232 -0.00839942 0 0 0 2.36693 0.0505621 -0.0135097 4.12118 0.0632391 -0.00805764 0 0 0 2.57452 0.0731611 -0.0138054 4.23023 0.0965814 -0.00672258
29.5 0 0 0 2.10723 0.0640427 -0.013324 4.11766 0.128947 -0.0065418 0 0 0 2.2571 0.0412812 -0.0136997 4.13885 0.0575145 -0.00868707 0 0 0 2.42764 0.053848 -0.0138344 4.22602 0.0666961 -0.0083377 0 0 0 2.64124 0.0766361 -0.0141463 4.33968 0.100506 -0.00697272
29.6 0 0 0 2.16162 0.0666846 -0.0136484 4.22325 0.134933 -0.00657585 0 0 0 2.31684 0.044464 -0.0140351 4.24681 0.0608305 -0.00900266 0 0 0 2.4929 0.0573568 -0.0141848 4.3394 0.0703608 -0.008648 0 0 0 2.71297 0.0803654 -0.0145142 4.45836 0.104642 -0.00725784
29.7 0 0 0 2.21925 0.0696101 -0.0139896 4.33504 0.141396 -0.00661332 0 0 0 2.38009 0.0478278 -0.0143901 4.36115 0.0643286 -0.00933775 0 0 0 2.56197 0.0609051 -0.0145551 4.45963 0.0740501 -0.00898187 0 0 0 2.78888 0.0843082 -0.0149039 4.5844 0.108976 -0.00756765
29.8 0 0 0 2.27883 0.0726366 -0.0143419 4.45039 0.148055 -0.00665206 0 0 0 2.44547 0.0513034 -0.0147563 4.47913 0.0679418 -0.00968259 0 0 0 2.63334 0.0642426 -0.014936 4.58367 0.0775312 -0.00932573 0 0 0 2.86732 0.088381 -0.0153058 4.71443 0.113458 -0.00788614
29.9 0 0 0 2.33904 0.0756934 -0.0146977 4.5669 0.154779 -0.00669106 0 0 0 2.51154 0.0548113 -0.0151262 4.5983 0.0715879 -0.0100307 0 0 0 2.70545 0.0675808 -0.0153205 4.70893 0.0810143 -0.00967281 0 0 0 2.94657 0.0924905 -0.0157119 4.84575 0.117982 -0.00820771
30 0 0 0 2.40014 0.078794 -0.0150588 4.68512 0.161595 -0.00673059 0 0 0 2.57858 0.0583625 -0.0155015 4.7192 0.0752785 -0.0103839 0 0 0 2.77868 0.0709344 -0.0157105 4.83603 0.0845175 -0.0100242 0 0 0 3.02704 0.0966787 -0.0161228 4.97898 0.122584 -0.00853391
30.1 0 0 0 2.4632 0.0819893 -0.0154321 4.80736 0.16864 -0.00677213 0 0 0 2.64779 0.0619881 -0.0158903 4.84426 0.079046 -0.0107505 0 0 0 2.85461 0.0743629 -0.0161142 4.96749 0.0881094 -0.0103857 0 0 0 3.11044 0.101031 -0.0165468 5.11675 0.127367 -0.00886985
30.2 0 0 0 2.52926 0.0853367 -0.0158222 4.93505 0.175965 -0.00681682 0 0 0 2.72025 0.0653354 -0.016295 4.97487 0.082539 -0.0111327 0 0 0 2.93414 0.0779258 -0.0165359 5.10479 0.0918566 -0.0107613 0 0 0 3.19777 0.105587 -0.0169896 5.26062 0.132384 -0.00921866
30.3 0 0 0 2.59673 0.0887525 -0.0162205 5.06536 0.183403 -0.0068651 0 0 0 2.79424 0.0686958 -0.0167079 5.10824 0.086042 -0.0115241 0 0 0 3.01536 0.0815311 -0.0169664 5.24501 0.0956493 -0.0111449 0 0 0 3.28695 0.110233 -0.017442 5.40754 0.137501 -0.00957505
30.4 0 0 0 2.66735 0.0923184 -0.0166374 5.20171 0.190975 -0.0069355 0 0 0 2.87172 0.0721801 -0.0171406 5.24831 0.0896457 -0.0119426 0 0 0 3.10046 0.0852687 -0.0174189 5.39233 0.0995779 -0.0115501 0 0 0 3.38043 0.115088 -0.0179175 5.56192 0.142839 -0.00995195
30.5 0 0 0 2.74211 0.0960837 -0.0170788 5.34634 0.198307 -0.00708534 0 0 0 2.95407 0.0758248 -0.0176025 5.39751 0.0934178 -0.01239 0 0 0 3.19094 0.0892074 -0.0179005 5.54932 0.103696 -0.0119867 0 0 0 3.47985 0.120236 -0.0184255 5.72673 0.148488 -0.0103583
30.6 0 0 0 2.81904 0.0999379 -0.0175363 5.49551 0.205833 -0.00724052 0 0 0 3.03906 0.0795517 -0.0180787 5.5514 0.0972744 -0.0128511 0 0 0 3.28431 0.093233 -0.0183968 5.71123 0.107901 -0.0124373 0 0 0 3.58245 0.125538 -0.0189499 5.89677 0.15431 -0.0107778
30.7 0 0 0 2.89778 0.103881 -0.0180038 5.64798 0.213188 -0.00743368 0 0 0 3.1261 0.0833339 -0.0185664 5.70905 0.10119 -0.013324 0 0 0 3.37993 0.097318 -0.0189053 5.87711 0.112169 -0.0128994 0 0 0 3.68753 0.130954 -0.019487 6.07098 0.160254 -0.0112081
30.8 0 0 0 2.97895 0.107942 -0.0184853 5.80507 0.220577 -0.00765197 0 0 0 3.21582 0.0871957 -0.0190695 5.87168 0.105187 -0.0138127 0 0 0 3.47849 0.101283 -0.0194293 6.04823 0.116316 -0.0133774 0 0 0 3.79582 0.136531 -0.0200407 6.25094 0.166336 -0.0116597
30.9 0 0 0 3.06408 0.1122 -0.0189898 5.96959 0.228292 -0.00788152 0 0 0 3.30993 0.0912178 -0.0195963 6.04202 0.109349 -0.0143237 0 0 0 3.58179 0.10453 -0.0199767 6.2274 0.119751 -0.0138777 0 0 0 3.90934 0.142417 -0.0206181 6.4396 0.17271 -0.0121382
31 0 0 0 3.1535 0.116669 -0.0195191 6.14215 0.236357 -0.00812318 0 0 0 3.40876 0.0954013 -0.0201483 6.22072 0.113664 -0.0148606 0 0 0 3.69026 0.107124 -0.0205504 6.41547 0.12254 -0.0144031 0 0 0 4.02857 0.148604 -0.0212242 6.63769 0.179411 -0.0126408
31.1 0 0 0 3.32144 0.125088 -0.0205012 6.46086 0.250817 -0.0085897 0 0 0 3.59443 0.10321 -0.0211665 6.55098 0.121677 -0.0158286 0 0 0 3.89338 0.0996044 -0.0215785 6.76279 0.115291 -0.0153664 0 0 0 4.25194 0.160229 -0.022342 7.00406 0.192112 -0.0135423
31.2 0 0 0 3.43643 0.130829 -0.0211784 6.68122 0.26095 -0.00890609 0 0 0 3.72143 0.107433 -0.0218691 6.77922 0.126041 -0.0165111 0 0 0 4.0328 0.102728 -0.0223054 7.00369 0.118622 -0.0160429 0 0 0 4.40503 0.168115 -0.0231178 7.25779 0.200669 -0.0141828
31.3 0 0 0 3.55981 0.136985 -0.0219034 6.91699 0.271731 -0.00924656 0 0 0 3.8576 0.110784 -0.0226188 7.02334 0.12954 -0.0172393 0 0 0 4.18228 0.105721 -0.0230822 7.26139 0.121854 -0.0167637 0 0 0 4.56912 0.176562 -0.0239479 7.52918 0.209857 -0.014865
31.4 0 0 0 3.80082 0.149059 -0.0232962 7.36743 0.2916 -0.00992668 0 0 0 4.12226 0.103653 -0.0240092 7.48926 0.122644 -0.0186055 0 0 0 4.47181 0.105149 -0.0245561 7.75336 0.121848 -0.0181019 0 0 0 4.88661 0.193063 -0.025526 8.04705 0.227951 -0.0161264
31.5 0 0 0 4.1515 0.166576 -0.0253197 8.02176 0.320004 -0.0109502 0 0 0 4.50855 0.107539 -0.026059 8.16724 0.126891 -0.0205674 0 0 0 4.89332 0.0851515 -0.0266565 8.4665 0.102541 -0.0200422 0 0 0 5.34935 0.217299 -0.0278047 8.79881 0.254543 -0.0179434
31.6 0 0 0 4.27465 0.172677 -0.02604 8.25618 0.329757 -0.0113818 0 0 0 4.64419 0.108265 -0.0268044 8.41103 0.127752 -0.0213017 0 0 0 5.04209 0.0867002 -0.0274376 8.72394 0.104342 -0.020765 0 0 0 5.51279 0.225687 -0.0286324 9.07002 0.263663 -0.0186327
31.7 0 0 0 4.71155 0.1944 -0.0285395 9.06392 0.361343 -0.0129678 0 0 0 5.12335 0.088124 -0.029311 9.2518 0.107953 -0.0237664 0 0 0 5.56471 0.0560051 -0.0300661 9.6098 0.0745823 -0.0231747 0 0 0 6.08697 0.255631 -0.0314682 10.0041 0.296624 -0.0208998
31.8 0 0 0 4.82682 0.200066 -0.0292151 9.2839 0.370474 -0.0133711 0 0 0 5.25031 0.0894563 -0.0300133 9.48088 0.109398 -0.0244627 0 0 0 5.7039 0.0573217 -0.0308023 9.85166 0.076126 -0.0238587 0 0 0 6.23989 0.263532 -0.0322436 10.259 0.305155 -0.0215554
31.9 0 0 0 4.94454 0.205847 -0.0299045 9.50835 0.37977 -0.0137831 0 0 0 5.37989 0.0900625 -0.0307291 9.71457 0.110118 -0.0251728 0 0 0 5.84596 0.0585793 -0.0315535 10.0984 0.0776201 -0.0245561 0 0 0 6.39594 0.271594 -0.0330346 10.519 0.313861 -0.0222239
32 0 0 0 5.29812 0.223378 -0.0319159 10.1574 0.40514 -0.0150244 0 0 0 5.76613 0.0611756 -0.0327067 10.3887 0.0814935 -0.0271445 0 0 0 6.26813 0.0615234 -0.0337039 10.8107 0.0816954 -0.0264508 0 0 0 6.85747 0.296989 -0.0351844 11.2677 0.340748 -0.0240877
32.1 0 0 0 5.35308 0.226049 -0.0322523 10.2676 0.410021 -0.0152149 0 0 0 5.82673 0.0600047 -0.0330835 10.5032 0.0804051 -0.0275061 0 0 0 6.3356 0.0617497 -0.0340774 10.9318 0.0819835 -0.0268122 0 0 0 6.93193 0.300858 -0.035562 11.3956 0.344719 -0.0244442
